20:04:59 **** Build of configuration Debug for project Drivers ****
make -j4 all 
arm-none-eabi-gcc -gdwarf -2 -mcpu=cortex-m3 -g3 -c -x assembler-with-cpp -MMD -MP -MF"Startup/startup_stm32f103c6tx.d" -MT"Startup/startup_stm32f103c6tx.o" --specs=nano.specs -mfloat-abi=soft -mthumb -o "Startup/startup_stm32f103c6tx.o" "../Startup/startup_stm32f103c6tx.s"
arm-none-eabi-gcc -gdwarf -2 "../Src/main.c" -mcpu=cortex-m3 -std=gnu11 -g3 -DSTM32 -DSTM32F1 -DSTM32F103C6Tx -DDEBUG -c -I../Inc -I"E:/EmbeddedSystemKS/Unit_7_MCU_Essential_Peripherals/Drivers/Drivers/ STM32F103C6_Drivers/Inc" -O0 -ffunction-sections -fdata-sections -Wall -fstack-usage -MMD -MP -MF"Src/main.d" -MT"Src/main.o" --specs=nano.specs -mfloat-abi=soft -mthumb -o "Src/main.o"
arm-none-eabi-gcc -gdwarf -2 "../Src/syscalls.c" -mcpu=cortex-m3 -std=gnu11 -g3 -DSTM32 -DSTM32F1 -DSTM32F103C6Tx -DDEBUG -c -I../Inc -I"E:/EmbeddedSystemKS/Unit_7_MCU_Essential_Peripherals/Drivers/Drivers/ STM32F103C6_Drivers/Inc" -O0 -ffunction-sections -fdata-sections -Wall -fstack-usage -MMD -MP -MF"Src/syscalls.d" -MT"Src/syscalls.o" --specs=nano.specs -mfloat-abi=soft -mthumb -o "Src/syscalls.o"
arm-none-eabi-gcc -gdwarf -2 "../Src/sysmem.c" -mcpu=cortex-m3 -std=gnu11 -g3 -DSTM32 -DSTM32F1 -DSTM32F103C6Tx -DDEBUG -c -I../Inc -I"E:/EmbeddedSystemKS/Unit_7_MCU_Essential_Peripherals/Drivers/Drivers/ STM32F103C6_Drivers/Inc" -O0 -ffunction-sections -fdata-sections -Wall -fstack-usage -MMD -MP -MF"Src/sysmem.d" -MT"Src/sysmem.o" --specs=nano.specs -mfloat-abi=soft -mthumb -o "Src/sysmem.o"
arm-none-eabi-gcc: error: unrecognized command line option '-2'
arm-none-eabi-gcc: error: unrecognized command line option '-2'
arm-none-eabi-gcc: error: unrecognized command line option '-2'
arm-none-eabi-gcc: error: unrecognized command line option '-2'
make: *** [Src/subdir.mk:24: Src/main.o] Error 1
make: *** Waiting for unfinished jobs....
make: *** [Src/subdir.mk:28: Src/sysmem.o] Error 1
make: *** [Src/subdir.mk:26: Src/syscalls.o] Error 1
make: *** [Startup/subdir.mk:18: Startup/startup_stm32f103c6tx.o] Error 1
"make -j4 all" terminated with exit code 2. Build might be incomplete.
20:05:36 **** Incremental Build of configuration Debug for project Drivers ****
make -j4 all 
arm-none-eabi-gcc -gdwarf-2 -mcpu=cortex-m3 -g3 -c -x assembler-with-cpp -MMD -MP -MF"Startup/startup_stm32f103c6tx.d" -MT"Startup/startup_stm32f103c6tx.o" --specs=nano.specs -mfloat-abi=soft -mthumb -o "Startup/startup_stm32f103c6tx.o" "../Startup/startup_stm32f103c6tx.s"
arm-none-eabi-gcc -gdwarf-2 "../Src/main.c" -mcpu=cortex-m3 -std=gnu11 -g3 -DSTM32 -DSTM32F1 -DSTM32F103C6Tx -DDEBUG -c -I../Inc -I"E:/EmbeddedSystemKS/Unit_7_MCU_Essential_Peripherals/Drivers/Drivers/ STM32F103C6_Drivers/Inc" -O0 -ffunction-sections -fdata-sections -Wall -fstack-usage -MMD -MP -MF"Src/main.d" -MT"Src/main.o" --specs=nano.specs -mfloat-abi=soft -mthumb -o "Src/main.o"
arm-none-eabi-gcc -gdwarf-2 "../Src/syscalls.c" -mcpu=cortex-m3 -std=gnu11 -g3 -DSTM32 -DSTM32F1 -DSTM32F103C6Tx -DDEBUG -c -I../Inc -I"E:/EmbeddedSystemKS/Unit_7_MCU_Essential_Peripherals/Drivers/Drivers/ STM32F103C6_Drivers/Inc" -O0 -ffunction-sections -fdata-sections -Wall -fstack-usage -MMD -MP -MF"Src/syscalls.d" -MT"Src/syscalls.o" --specs=nano.specs -mfloat-abi=soft -mthumb -o "Src/syscalls.o"
arm-none-eabi-gcc -gdwarf-2 "../Src/sysmem.c" -mcpu=cortex-m3 -std=gnu11 -g3 -DSTM32 -DSTM32F1 -DSTM32F103C6Tx -DDEBUG -c -I../Inc -I"E:/EmbeddedSystemKS/Unit_7_MCU_Essential_Peripherals/Drivers/Drivers/ STM32F103C6_Drivers/Inc" -O0 -ffunction-sections -fdata-sections -Wall -fstack-usage -MMD -MP -MF"Src/sysmem.d" -MT"Src/sysmem.o" --specs=nano.specs -mfloat-abi=soft -mthumb -o "Src/sysmem.o"
arm-none-eabi-gcc -gdwarf-2 "../ STM32F103C6_Drivers/ STM32F103C6_GPIO_Driver.c" -mcpu=cortex-m3 -std=gnu11 -g3 -DSTM32 -DSTM32F1 -DSTM32F103C6Tx -DDEBUG -c -I../Inc -I"E:/EmbeddedSystemKS/Unit_7_MCU_Essential_Peripherals/Drivers/Drivers/ STM32F103C6_Drivers/Inc" -O0 -ffunction-sections -fdata-sections -Wall -fstack-usage -MMD -MP -MF" STM32F103C6_Drivers/ STM32F103C6_GPIO_Driver.d" -MT" STM32F103C6_Drivers/ STM32F103C6_GPIO_Driver.o" --specs=nano.specs -mfloat-abi=soft -mthumb -o " STM32F103C6_Drivers/ STM32F103C6_GPIO_Driver.o"
arm-none-eabi-gcc -gdwarf-2 -o "Drivers.elf" @"objects.list"   -mcpu=cortex-m3 -T"E:\EmbeddedSystemKS\Unit_7_MCU_Essential_Peripherals\Drivers\Drivers\STM32F103C6TX_FLASH.ld" --specs=nosys.specs -Wl,-Map="Drivers.map" -Wl,--gc-sections -static --specs=nano.specs -mfloat-abi=soft -mthumb -Wl,--start-group -lc -lm -Wl,--end-group
arm-none-eabi-gcc: error: STM32F103C6_Drivers/ STM32F103C6_GPIO_Driver.o: No such file or directory
make: *** [makefile:50: Drivers.elf] Error 1
"make -j4 all" terminated with exit code 2. Build might be incomplete.
20:07:18 **** Incremental Build of configuration Debug for project Drivers ****
make -j4 all 
arm-none-eabi-gcc -gdwarf-2 -o "Drivers.elf" @"objects.list"   -mcpu=cortex-m3 -T"E:\EmbeddedSystemKS\Unit_7_MCU_Essential_Peripherals\Drivers\Drivers\STM32F103C6TX_FLASH.ld" --specs=nosys.specs -Wl,-Map="Drivers.map" -Wl,--gc-sections -static --specs=nano.specs -mfloat-abi=soft -mthumb -Wl,--start-group -lc -lm -Wl,--end-group
arm-none-eabi-gcc: error: STM32F103C6_Drivers/ STM32F103C6_GPIO_Driver.o: No such file or directory
make: *** [makefile:50: Drivers.elf] Error 1
"make -j4 all" terminated with exit code 2. Build might be incomplete.
20:11:02 **** Incremental Build of configuration Debug for project Drivers ****
make -j4 all 
arm-none-eabi-gcc -gdwarf-2 -o "Drivers.elf" @"objects.list"   -mcpu=cortex-m3 -T"E:\EmbeddedSystemKS\Unit_7_MCU_Essential_Peripherals\Drivers\Drivers\STM32F103C6TX_FLASH.ld" --specs=nosys.specs -Wl,-Map="Drivers.map" -Wl,--gc-sections -static --specs=nano.specs -mfloat-abi=soft -mthumb -Wl,--start-group -lc -lm -Wl,--end-group
arm-none-eabi-gcc: error: STM32F103C6_Drivers/ STM32F103C6_GPIO_Driver.o: No such file or directory
make: *** [makefile:50: Drivers.elf] Error 1
"make -j4 all" terminated with exit code 2. Build might be incomplete.
20:13:18 **** Incremental Build of configuration Debug for project Drivers ****
make -j4 all 
arm-none-eabi-gcc -gdwarf-2 "../ STM32F103C6_Drivers/ STM32F103C6_GPIO_Driver.c" -mcpu=cortex-m3 -std=gnu11 -g3 -DSTM32 -DSTM32F1 -DSTM32F103C6Tx -DDEBUG -c -I../Inc -I"E:/EmbeddedSystemKS/Unit_7_MCU_Essential_Peripherals/Drivers/Drivers/ STM32F103C6_Drivers/Inc" -O0 -ffunction-sections -fdata-sections -Wall -fstack-usage -MMD -MP -MF" STM32F103C6_Drivers/ STM32F103C6_GPIO_Driver.d" -MT" STM32F103C6_Drivers/ STM32F103C6_GPIO_Driver.o" --specs=nano.specs -mfloat-abi=soft -mthumb -o " STM32F103C6_Drivers/ STM32F103C6_GPIO_Driver.o"
arm-none-eabi-gcc -gdwarf-2 -o "Drivers.elf" @"objects.list"   -mcpu=cortex-m3 -T"E:\EmbeddedSystemKS\Unit_7_MCU_Essential_Peripherals\Drivers\Drivers\STM32F103C6TX_FLASH.ld" --specs=nosys.specs -Wl,-Map="Drivers.map" -Wl,--gc-sections -static --specs=nano.specs -mfloat-abi=soft -mthumb -Wl,--start-group -lc -lm -Wl,--end-group
arm-none-eabi-gcc: error: STM32F103C6_Drivers/ STM32F103C6_GPIO_Driver.o: No such file or directory
make: *** [makefile:50: Drivers.elf] Error 1
"make -j4 all" terminated with exit code 2. Build might be incomplete.
20:13:42 **** Incremental Build of configuration Debug for project Drivers ****
make -j4 all 
arm-none-eabi-gcc -gdwarf-2 "../Src/main.c" -mcpu=cortex-m3 -std=gnu11 -g3 -DSTM32 -DSTM32F1 -DSTM32F103C6Tx -DDEBUG -c -I../Inc -I"E:/EmbeddedSystemKS/Unit_7_MCU_Essential_Peripherals/Drivers/Drivers/ STM32F103C6_Drivers/Inc" -O0 -ffunction-sections -fdata-sections -Wall -fstack-usage -MMD -MP -MF"Src/main.d" -MT"Src/main.o" --specs=nano.specs -mfloat-abi=soft -mthumb -o "Src/main.o"
arm-none-eabi-gcc -gdwarf-2 "../Src/syscalls.c" -mcpu=cortex-m3 -std=gnu11 -g3 -DSTM32 -DSTM32F1 -DSTM32F103C6Tx -DDEBUG -c -I../Inc -I"E:/EmbeddedSystemKS/Unit_7_MCU_Essential_Peripherals/Drivers/Drivers/ STM32F103C6_Drivers/Inc" -O0 -ffunction-sections -fdata-sections -Wall -fstack-usage -MMD -MP -MF"Src/syscalls.d" -MT"Src/syscalls.o" --specs=nano.specs -mfloat-abi=soft -mthumb -o "Src/syscalls.o"
arm-none-eabi-gcc -gdwarf-2 "../Src/sysmem.c" -mcpu=cortex-m3 -std=gnu11 -g3 -DSTM32 -DSTM32F1 -DSTM32F103C6Tx -DDEBUG -c -I../Inc -I"E:/EmbeddedSystemKS/Unit_7_MCU_Essential_Peripherals/Drivers/Drivers/ STM32F103C6_Drivers/Inc" -O0 -ffunction-sections -fdata-sections -Wall -fstack-usage -MMD -MP -MF"Src/sysmem.d" -MT"Src/sysmem.o" --specs=nano.specs -mfloat-abi=soft -mthumb -o "Src/sysmem.o"
arm-none-eabi-gcc -gdwarf-2 "../ STM32F103C6_Drivers/ STM32F103C6_GPIO_Driver.c" -mcpu=cortex-m3 -std=gnu11 -g3 -DSTM32 -DSTM32F1 -DSTM32F103C6Tx -DDEBUG -c -I../Inc -I"E:/EmbeddedSystemKS/Unit_7_MCU_Essential_Peripherals/Drivers/Drivers/ STM32F103C6_Drivers/Inc" -O0 -ffunction-sections -fdata-sections -Wall -fstack-usage -MMD -MP -MF" STM32F103C6_Drivers/ STM32F103C6_GPIO_Driver.d" -MT" STM32F103C6_Drivers/ STM32F103C6_GPIO_Driver.o" --specs=nano.specs -mfloat-abi=soft -mthumb -o " STM32F103C6_Drivers/ STM32F103C6_GPIO_Driver.o"
arm-none-eabi-gcc -gdwarf-2 -o "Drivers.elf" @"objects.list"   -mcpu=cortex-m3 -T"E:\EmbeddedSystemKS\Unit_7_MCU_Essential_Peripherals\Drivers\Drivers\STM32F103C6TX_FLASH.ld" --specs=nosys.specs -Wl,-Map="Drivers.map" -Wl,--gc-sections -static --specs=nano.specs -mfloat-abi=soft -mthumb -Wl,--start-group -lc -lm -Wl,--end-group
arm-none-eabi-gcc: error: STM32F103C6_Drivers/ STM32F103C6_GPIO_Driver.o: No such file or directory
make: *** [makefile:50: Drivers.elf] Error 1
"make -j4 all" terminated with exit code 2. Build might be incomplete.
20:14:44 **** Incremental Build of configuration Debug for project Drivers ****
make -j4 all 
arm-none-eabi-gcc -gdwarf-2 -o "Drivers.elf" @"objects.list"   -mcpu=cortex-m3 -T"E:\EmbeddedSystemKS\Unit_7_MCU_Essential_Peripherals\Drivers\Drivers\STM32F103C6TX_FLASH.ld" --specs=nosys.specs -Wl,-Map="Drivers.map" -Wl,--gc-sections -static --specs=nano.specs -mfloat-abi=soft -mthumb -Wl,--start-group -lc -lm -Wl,--end-group
arm-none-eabi-gcc: error: STM32F103C6_Drivers/ STM32F103C6_GPIO_Driver.o: No such file or directory
make: *** [makefile:50: Drivers.elf] Error 1
"make -j4 all" terminated with exit code 2. Build might be incomplete.
20:15:09 **** Incremental Build of configuration Debug for project Drivers ****
make -j4 all 
arm-none-eabi-gcc -gdwarf2 -mcpu=cortex-m3 -g3 -c -x assembler-with-cpp -MMD -MP -MF"Startup/startup_stm32f103c6tx.d" -MT"Startup/startup_stm32f103c6tx.o" --specs=nano.specs -mfloat-abi=soft -mthumb -o "Startup/startup_stm32f103c6tx.o" "../Startup/startup_stm32f103c6tx.s"
arm-none-eabi-gcc -gdwarf2 "../Src/main.c" -mcpu=cortex-m3 -std=gnu11 -g3 -DSTM32 -DSTM32F1 -DSTM32F103C6Tx -DDEBUG -c -I../Inc -I"E:/EmbeddedSystemKS/Unit_7_MCU_Essential_Peripherals/Drivers/Drivers/ STM32F103C6_Drivers/Inc" -O0 -ffunction-sections -fdata-sections -Wall -fstack-usage -MMD -MP -MF"Src/main.d" -MT"Src/main.o" --specs=nano.specs -mfloat-abi=soft -mthumb -o "Src/main.o"
arm-none-eabi-gcc -gdwarf2 "../Src/syscalls.c" -mcpu=cortex-m3 -std=gnu11 -g3 -DSTM32 -DSTM32F1 -DSTM32F103C6Tx -DDEBUG -c -I../Inc -I"E:/EmbeddedSystemKS/Unit_7_MCU_Essential_Peripherals/Drivers/Drivers/ STM32F103C6_Drivers/Inc" -O0 -ffunction-sections -fdata-sections -Wall -fstack-usage -MMD -MP -MF"Src/syscalls.d" -MT"Src/syscalls.o" --specs=nano.specs -mfloat-abi=soft -mthumb -o "Src/syscalls.o"
arm-none-eabi-gcc -gdwarf2 "../Src/sysmem.c" -mcpu=cortex-m3 -std=gnu11 -g3 -DSTM32 -DSTM32F1 -DSTM32F103C6Tx -DDEBUG -c -I../Inc -I"E:/EmbeddedSystemKS/Unit_7_MCU_Essential_Peripherals/Drivers/Drivers/ STM32F103C6_Drivers/Inc" -O0 -ffunction-sections -fdata-sections -Wall -fstack-usage -MMD -MP -MF"Src/sysmem.d" -MT"Src/sysmem.o" --specs=nano.specs -mfloat-abi=soft -mthumb -o "Src/sysmem.o"
arm-none-eabi-gcc: error: '-gdwarf2' is ambiguous; use '-gdwarf-2' for DWARF version or '-gdwarf -g2' for debug level
arm-none-eabi-gcc: error: '-gdwarf2' is ambiguous; use '-gdwarf-2' for DWARF version or '-gdwarf -g2' for debug level
arm-none-eabi-gcc: error: '-gdwarf2' is ambiguous; use '-gdwarf-2' for DWARF version or '-gdwarf -g2' for debug level
arm-none-eabi-gcc: error: '-gdwarf2' is ambiguous; use '-gdwarf-2' for DWARF version or '-gdwarf -g2' for debug level
make: *** [Startup/subdir.mk:18: Startup/startup_stm32f103c6tx.o] Error 1
make: *** Waiting for unfinished jobs....
make: *** [Src/subdir.mk:28: Src/sysmem.o] Error 1
make: *** [Src/subdir.mk:26: Src/syscalls.o] Error 1
make: *** [Src/subdir.mk:24: Src/main.o] Error 1
"make -j4 all" terminated with exit code 2. Build might be incomplete.
20:15:12 **** Incremental Build of configuration Debug for project Drivers ****
make -j4 all 
arm-none-eabi-gcc -gdwarf2 -mcpu=cortex-m3 -g3 -c -x assembler-with-cpp -MMD -MP -MF"Startup/startup_stm32f103c6tx.d" -MT"Startup/startup_stm32f103c6tx.o" --specs=nano.specs -mfloat-abi=soft -mthumb -o "Startup/startup_stm32f103c6tx.o" "../Startup/startup_stm32f103c6tx.s"
arm-none-eabi-gcc -gdwarf2 "../Src/main.c" -mcpu=cortex-m3 -std=gnu11 -g3 -DSTM32 -DSTM32F1 -DSTM32F103C6Tx -DDEBUG -c -I../Inc -I"E:/EmbeddedSystemKS/Unit_7_MCU_Essential_Peripherals/Drivers/Drivers/ STM32F103C6_Drivers/Inc" -O0 -ffunction-sections -fdata-sections -Wall -fstack-usage -MMD -MP -MF"Src/main.d" -MT"Src/main.o" --specs=nano.specs -mfloat-abi=soft -mthumb -o "Src/main.o"
arm-none-eabi-gcc -gdwarf2 "../Src/syscalls.c" -mcpu=cortex-m3 -std=gnu11 -g3 -DSTM32 -DSTM32F1 -DSTM32F103C6Tx -DDEBUG -c -I../Inc -I"E:/EmbeddedSystemKS/Unit_7_MCU_Essential_Peripherals/Drivers/Drivers/ STM32F103C6_Drivers/Inc" -O0 -ffunction-sections -fdata-sections -Wall -fstack-usage -MMD -MP -MF"Src/syscalls.d" -MT"Src/syscalls.o" --specs=nano.specs -mfloat-abi=soft -mthumb -o "Src/syscalls.o"
arm-none-eabi-gcc -gdwarf2 "../Src/sysmem.c" -mcpu=cortex-m3 -std=gnu11 -g3 -DSTM32 -DSTM32F1 -DSTM32F103C6Tx -DDEBUG -c -I../Inc -I"E:/EmbeddedSystemKS/Unit_7_MCU_Essential_Peripherals/Drivers/Drivers/ STM32F103C6_Drivers/Inc" -O0 -ffunction-sections -fdata-sections -Wall -fstack-usage -MMD -MP -MF"Src/sysmem.d" -MT"Src/sysmem.o" --specs=nano.specs -mfloat-abi=soft -mthumb -o "Src/sysmem.o"
arm-none-eabi-gcc: error: '-gdwarf2' is ambiguous; use '-gdwarf-2' for DWARF version or '-gdwarf -g2' for debug level
arm-none-eabi-gcc: error: '-gdwarf2' is ambiguous; use '-gdwarf-2' for DWARF version or '-gdwarf -g2' for debug level
arm-none-eabi-gcc: error: '-gdwarf2' is ambiguous; use '-gdwarf-2' for DWARF version or '-gdwarf -g2' for debug level
arm-none-eabi-gcc: error: '-gdwarf2' is ambiguous; use '-gdwarf-2' for DWARF version or '-gdwarf -g2' for debug level
make: *** [Startup/subdir.mk:18: Startup/startup_stm32f103c6tx.o] Error 1
make: *** Waiting for unfinished jobs....
make: *** [Src/subdir.mk:26: Src/syscalls.o] Error 1
make: *** [Src/subdir.mk:24: Src/main.o] Error 1
make: *** [Src/subdir.mk:28: Src/sysmem.o] Error 1
"make -j4 all" terminated with exit code 2. Build might be incomplete.
20:15:45 **** Incremental Build of configuration Debug for project Drivers ****
make -j4 all 
arm-none-eabi-gcc -gdwarf -g2 -mcpu=cortex-m3 -g3 -c -x assembler-with-cpp -MMD -MP -MF"Startup/startup_stm32f103c6tx.d" -MT"Startup/startup_stm32f103c6tx.o" --specs=nano.specs -mfloat-abi=soft -mthumb -o "Startup/startup_stm32f103c6tx.o" "../Startup/startup_stm32f103c6tx.s"
arm-none-eabi-gcc -gdwarf -g2 "../Src/main.c" -mcpu=cortex-m3 -std=gnu11 -g3 -DSTM32 -DSTM32F1 -DSTM32F103C6Tx -DDEBUG -c -I../Inc -I"E:/EmbeddedSystemKS/Unit_7_MCU_Essential_Peripherals/Drivers/Drivers/ STM32F103C6_Drivers/Inc" -O0 -ffunction-sections -fdata-sections -Wall -fstack-usage -MMD -MP -MF"Src/main.d" -MT"Src/main.o" --specs=nano.specs -mfloat-abi=soft -mthumb -o "Src/main.o"
arm-none-eabi-gcc -gdwarf -g2 "../Src/syscalls.c" -mcpu=cortex-m3 -std=gnu11 -g3 -DSTM32 -DSTM32F1 -DSTM32F103C6Tx -DDEBUG -c -I../Inc -I"E:/EmbeddedSystemKS/Unit_7_MCU_Essential_Peripherals/Drivers/Drivers/ STM32F103C6_Drivers/Inc" -O0 -ffunction-sections -fdata-sections -Wall -fstack-usage -MMD -MP -MF"Src/syscalls.d" -MT"Src/syscalls.o" --specs=nano.specs -mfloat-abi=soft -mthumb -o "Src/syscalls.o"
arm-none-eabi-gcc -gdwarf -g2 "../Src/sysmem.c" -mcpu=cortex-m3 -std=gnu11 -g3 -DSTM32 -DSTM32F1 -DSTM32F103C6Tx -DDEBUG -c -I../Inc -I"E:/EmbeddedSystemKS/Unit_7_MCU_Essential_Peripherals/Drivers/Drivers/ STM32F103C6_Drivers/Inc" -O0 -ffunction-sections -fdata-sections -Wall -fstack-usage -MMD -MP -MF"Src/sysmem.d" -MT"Src/sysmem.o" --specs=nano.specs -mfloat-abi=soft -mthumb -o "Src/sysmem.o"
arm-none-eabi-gcc -gdwarf -g2 "../ STM32F103C6_Drivers/ STM32F103C6_GPIO_Driver.c" -mcpu=cortex-m3 -std=gnu11 -g3 -DSTM32 -DSTM32F1 -DSTM32F103C6Tx -DDEBUG -c -I../Inc -I"E:/EmbeddedSystemKS/Unit_7_MCU_Essential_Peripherals/Drivers/Drivers/ STM32F103C6_Drivers/Inc" -O0 -ffunction-sections -fdata-sections -Wall -fstack-usage -MMD -MP -MF" STM32F103C6_Drivers/ STM32F103C6_GPIO_Driver.d" -MT" STM32F103C6_Drivers/ STM32F103C6_GPIO_Driver.o" --specs=nano.specs -mfloat-abi=soft -mthumb -o " STM32F103C6_Drivers/ STM32F103C6_GPIO_Driver.o"
arm-none-eabi-gcc -gdwarf -g2 -o "Drivers.elf" @"objects.list"   -mcpu=cortex-m3 -T"E:\EmbeddedSystemKS\Unit_7_MCU_Essential_Peripherals\Drivers\Drivers\STM32F103C6TX_FLASH.ld" --specs=nosys.specs -Wl,-Map="Drivers.map" -Wl,--gc-sections -static --specs=nano.specs -mfloat-abi=soft -mthumb -Wl,--start-group -lc -lm -Wl,--end-group
arm-none-eabi-gcc: error: STM32F103C6_Drivers/ STM32F103C6_GPIO_Driver.o: No such file or directory
make: *** [makefile:50: Drivers.elf] Error 1
"make -j4 all" terminated with exit code 2. Build might be incomplete.
20:18:08 **** Incremental Build of configuration Debug for project Drivers ****
make -j4 all 
arm-none-eabi-gcc -mcpu=cortex-m3 -g3 -c -x assembler-with-cpp -MMD -MP -MF"Startup/startup_stm32f103c6tx.d" -MT"Startup/startup_stm32f103c6tx.o" --specs=nano.specs -mfloat-abi=soft -mthumb -o "Startup/startup_stm32f103c6tx.o" "../Startup/startup_stm32f103c6tx.s"
arm-none-eabi-gcc "../Src/main.c" -mcpu=cortex-m3 -std=gnu11 -g3 -DSTM32 -DSTM32F1 -DSTM32F103C6Tx -DDEBUG -c -I../Inc -I"E:/EmbeddedSystemKS/Unit_7_MCU_Essential_Peripherals/Drivers/Drivers/ STM32F103C6_Drivers/Inc" -O0 -ffunction-sections -fdata-sections -Wall -fstack-usage -MMD -MP -MF"Src/main.d" -MT"Src/main.o" --specs=nano.specs -mfloat-abi=soft -mthumb -o "Src/main.o"
arm-none-eabi-gcc "../Src/syscalls.c" -mcpu=cortex-m3 -std=gnu11 -g3 -DSTM32 -DSTM32F1 -DSTM32F103C6Tx -DDEBUG -c -I../Inc -I"E:/EmbeddedSystemKS/Unit_7_MCU_Essential_Peripherals/Drivers/Drivers/ STM32F103C6_Drivers/Inc" -O0 -ffunction-sections -fdata-sections -Wall -fstack-usage -MMD -MP -MF"Src/syscalls.d" -MT"Src/syscalls.o" --specs=nano.specs -mfloat-abi=soft -mthumb -o "Src/syscalls.o"
arm-none-eabi-gcc "../Src/sysmem.c" -mcpu=cortex-m3 -std=gnu11 -g3 -DSTM32 -DSTM32F1 -DSTM32F103C6Tx -DDEBUG -c -I../Inc -I"E:/EmbeddedSystemKS/Unit_7_MCU_Essential_Peripherals/Drivers/Drivers/ STM32F103C6_Drivers/Inc" -O0 -ffunction-sections -fdata-sections -Wall -fstack-usage -MMD -MP -MF"Src/sysmem.d" -MT"Src/sysmem.o" --specs=nano.specs -mfloat-abi=soft -mthumb -o "Src/sysmem.o"
arm-none-eabi-gcc "../ STM32F103C6_Drivers/ STM32F103C6_GPIO_Driver.c" -mcpu=cortex-m3 -std=gnu11 -g3 -DSTM32 -DSTM32F1 -DSTM32F103C6Tx -DDEBUG -c -I../Inc -I"E:/EmbeddedSystemKS/Unit_7_MCU_Essential_Peripherals/Drivers/Drivers/ STM32F103C6_Drivers/Inc" -O0 -ffunction-sections -fdata-sections -Wall -fstack-usage -MMD -MP -MF" STM32F103C6_Drivers/ STM32F103C6_GPIO_Driver.d" -MT" STM32F103C6_Drivers/ STM32F103C6_GPIO_Driver.o" --specs=nano.specs -mfloat-abi=soft -mthumb -o " STM32F103C6_Drivers/ STM32F103C6_GPIO_Driver.o"
arm-none-eabi-gcc -o "Drivers.elf" @"objects.list"   -mcpu=cortex-m3 -T"E:\EmbeddedSystemKS\Unit_7_MCU_Essential_Peripherals\Drivers\Drivers\STM32F103C6TX_FLASH.ld" --specs=nosys.specs -Wl,-Map="Drivers.map" -Wl,--gc-sections -static --specs=nano.specs -mfloat-abi=soft -mthumb -Wl,--start-group -lc -lm -Wl,--end-group
arm-none-eabi-gcc: error: STM32F103C6_Drivers/ STM32F103C6_GPIO_Driver.o: No such file or directory
make: *** [makefile:50: Drivers.elf] Error 1
"make -j4 all" terminated with exit code 2. Build might be incomplete.
20:18:27 **** Incremental Build of configuration Debug for project Drivers ****
make -j4 all 
arm-none-eabi-gcc "../ STM32F103C6_Drivers/ STM32F103C6_GPIO_Driver.c" -mcpu=cortex-m3 -std=gnu11 -g3 -DSTM32 -DSTM32F1 -DSTM32F103C6Tx -DDEBUG -c -I../Inc -I"E:/EmbeddedSystemKS/Unit_7_MCU_Essential_Peripherals/Drivers/Drivers/ STM32F103C6_Drivers/Inc" -O0 -ffunction-sections -fdata-sections -Wall -fstack-usage -MMD -MP -MF" STM32F103C6_Drivers/ STM32F103C6_GPIO_Driver.d" -MT" STM32F103C6_Drivers/ STM32F103C6_GPIO_Driver.o" --specs=nano.specs -mfloat-abi=soft -mthumb -o " STM32F103C6_Drivers/ STM32F103C6_GPIO_Driver.o"
arm-none-eabi-gcc -o "Drivers.elf" @"objects.list"   -mcpu=cortex-m3 -T"E:\EmbeddedSystemKS\Unit_7_MCU_Essential_Peripherals\Drivers\Drivers\STM32F103C6TX_FLASH.ld" --specs=nosys.specs -Wl,-Map="Drivers.map" -Wl,--gc-sections -static --specs=nano.specs -mfloat-abi=soft -mthumb -Wl,--start-group -lc -lm -Wl,--end-group
arm-none-eabi-gcc: error: STM32F103C6_Drivers/ STM32F103C6_GPIO_Driver.o: No such file or directory
make: *** [makefile:50: Drivers.elf] Error 1
"make -j4 all" terminated with exit code 2. Build might be incomplete.
20:19:00 **** Incremental Build of configuration Debug for project Drivers ****
make -j4 all 
arm-none-eabi-gcc "../Src/main.c" -mcpu=cortex-m3 -std=gnu11 -g3 -DSTM32 -DSTM32F1 -DSTM32F103C6Tx -DDEBUG -c -I../Inc -I"E:/EmbeddedSystemKS/Unit_7_MCU_Essential_Peripherals/Drivers/Drivers/ STM32F103C6_Drivers/Inc" -I"E:/EmbeddedSystemKS/Unit_7_MCU_Essential_Peripherals/Drivers/Drivers/ STM32F103C6_Drivers" -O0 -ffunction-sections -fdata-sections -Wall -fstack-usage -MMD -MP -MF"Src/main.d" -MT"Src/main.o" --specs=nano.specs -mfloat-abi=soft -mthumb -o "Src/main.o"
arm-none-eabi-gcc "../Src/syscalls.c" -mcpu=cortex-m3 -std=gnu11 -g3 -DSTM32 -DSTM32F1 -DSTM32F103C6Tx -DDEBUG -c -I../Inc -I"E:/EmbeddedSystemKS/Unit_7_MCU_Essential_Peripherals/Drivers/Drivers/ STM32F103C6_Drivers/Inc" -I"E:/EmbeddedSystemKS/Unit_7_MCU_Essential_Peripherals/Drivers/Drivers/ STM32F103C6_Drivers" -O0 -ffunction-sections -fdata-sections -Wall -fstack-usage -MMD -MP -MF"Src/syscalls.d" -MT"Src/syscalls.o" --specs=nano.specs -mfloat-abi=soft -mthumb -o "Src/syscalls.o"
arm-none-eabi-gcc "../Src/sysmem.c" -mcpu=cortex-m3 -std=gnu11 -g3 -DSTM32 -DSTM32F1 -DSTM32F103C6Tx -DDEBUG -c -I../Inc -I"E:/EmbeddedSystemKS/Unit_7_MCU_Essential_Peripherals/Drivers/Drivers/ STM32F103C6_Drivers/Inc" -I"E:/EmbeddedSystemKS/Unit_7_MCU_Essential_Peripherals/Drivers/Drivers/ STM32F103C6_Drivers" -O0 -ffunction-sections -fdata-sections -Wall -fstack-usage -MMD -MP -MF"Src/sysmem.d" -MT"Src/sysmem.o" --specs=nano.specs -mfloat-abi=soft -mthumb -o "Src/sysmem.o"
arm-none-eabi-gcc "../ STM32F103C6_Drivers/ STM32F103C6_GPIO_Driver.c" -mcpu=cortex-m3 -std=gnu11 -g3 -DSTM32 -DSTM32F1 -DSTM32F103C6Tx -DDEBUG -c -I../Inc -I"E:/EmbeddedSystemKS/Unit_7_MCU_Essential_Peripherals/Drivers/Drivers/ STM32F103C6_Drivers/Inc" -I"E:/EmbeddedSystemKS/Unit_7_MCU_Essential_Peripherals/Drivers/Drivers/ STM32F103C6_Drivers" -O0 -ffunction-sections -fdata-sections -Wall -fstack-usage -MMD -MP -MF" STM32F103C6_Drivers/ STM32F103C6_GPIO_Driver.d" -MT" STM32F103C6_Drivers/ STM32F103C6_GPIO_Driver.o" --specs=nano.specs -mfloat-abi=soft -mthumb -o " STM32F103C6_Drivers/ STM32F103C6_GPIO_Driver.o"
arm-none-eabi-gcc -o "Drivers.elf" @"objects.list"   -mcpu=cortex-m3 -T"E:\EmbeddedSystemKS\Unit_7_MCU_Essential_Peripherals\Drivers\Drivers\STM32F103C6TX_FLASH.ld" --specs=nosys.specs -Wl,-Map="Drivers.map" -Wl,--gc-sections -static --specs=nano.specs -mfloat-abi=soft -mthumb -Wl,--start-group -lc -lm -Wl,--end-group
arm-none-eabi-gcc: error: STM32F103C6_Drivers/ STM32F103C6_GPIO_Driver.o: No such file or directory
make: *** [makefile:50: Drivers.elf] Error 1
"make -j4 all" terminated with exit code 2. Build might be incomplete.
20:24:03 **** Incremental Build of configuration Debug for project Drivers ****
make -j4 all 
arm-none-eabi-gcc -gdwarf -g2 -mcpu=cortex-m3 -g3 -c -x assembler-with-cpp -MMD -MP -MF"Startup/startup_stm32f103c6tx.d" -MT"Startup/startup_stm32f103c6tx.o" --specs=nano.specs -mfloat-abi=soft -mthumb -o "Startup/startup_stm32f103c6tx.o" "../Startup/startup_stm32f103c6tx.s"
arm-none-eabi-gcc -gdwarf -g2 "../Src/main.c" -mcpu=cortex-m3 -std=gnu11 -g3 -DSTM32 -DSTM32F1 -DSTM32F103C6Tx -DDEBUG -c -I../Inc -I"E:/EmbeddedSystemKS/Unit_7_MCU_Essential_Peripherals/Drivers/Drivers/ STM32F103C6_Drivers/Inc" -O0 -ffunction-sections -fdata-sections -Wall -fstack-usage -MMD -MP -MF"Src/main.d" -MT"Src/main.o" --specs=nano.specs -mfloat-abi=soft -mthumb -o "Src/main.o"
arm-none-eabi-gcc -gdwarf -g2 "../Src/syscalls.c" -mcpu=cortex-m3 -std=gnu11 -g3 -DSTM32 -DSTM32F1 -DSTM32F103C6Tx -DDEBUG -c -I../Inc -I"E:/EmbeddedSystemKS/Unit_7_MCU_Essential_Peripherals/Drivers/Drivers/ STM32F103C6_Drivers/Inc" -O0 -ffunction-sections -fdata-sections -Wall -fstack-usage -MMD -MP -MF"Src/syscalls.d" -MT"Src/syscalls.o" --specs=nano.specs -mfloat-abi=soft -mthumb -o "Src/syscalls.o"
arm-none-eabi-gcc -gdwarf -g2 "../Src/sysmem.c" -mcpu=cortex-m3 -std=gnu11 -g3 -DSTM32 -DSTM32F1 -DSTM32F103C6Tx -DDEBUG -c -I../Inc -I"E:/EmbeddedSystemKS/Unit_7_MCU_Essential_Peripherals/Drivers/Drivers/ STM32F103C6_Drivers/Inc" -O0 -ffunction-sections -fdata-sections -Wall -fstack-usage -MMD -MP -MF"Src/sysmem.d" -MT"Src/sysmem.o" --specs=nano.specs -mfloat-abi=soft -mthumb -o "Src/sysmem.o"
arm-none-eabi-gcc -gdwarf -g2 "../ STM32F103C6_Drivers/ STM32F103C6_GPIO_Driver.c" -mcpu=cortex-m3 -std=gnu11 -g3 -DSTM32 -DSTM32F1 -DSTM32F103C6Tx -DDEBUG -c -I../Inc -I"E:/EmbeddedSystemKS/Unit_7_MCU_Essential_Peripherals/Drivers/Drivers/ STM32F103C6_Drivers/Inc" -O0 -ffunction-sections -fdata-sections -Wall -fstack-usage -MMD -MP -MF" STM32F103C6_Drivers/ STM32F103C6_GPIO_Driver.d" -MT" STM32F103C6_Drivers/ STM32F103C6_GPIO_Driver.o" --specs=nano.specs -mfloat-abi=soft -mthumb -o " STM32F103C6_Drivers/ STM32F103C6_GPIO_Driver.o"
arm-none-eabi-gcc -gdwarf -g2 -o "Drivers.elf" @"objects.list"   -mcpu=cortex-m3 -T"E:\EmbeddedSystemKS\Unit_7_MCU_Essential_Peripherals\Drivers\Drivers\STM32F103C6TX_FLASH.ld" --specs=nosys.specs -Wl,-Map="Drivers.map" -Wl,--gc-sections -static --specs=nano.specs -mfloat-abi=soft -mthumb -Wl,--start-group -lc -lm -Wl,--end-group
arm-none-eabi-gcc: error: STM32F103C6_Drivers/ STM32F103C6_GPIO_Driver.o: No such file or directory
make: *** [makefile:50: Drivers.elf] Error 1
"make -j4 all" terminated with exit code 2. Build might be incomplete.
20:28:30 **** Incremental Build of configuration Debug for project Drivers ****
make -j4 all 
arm-none-eabi-gcc -gdwarf -g2 "../ STM32F103C6_Drivers/ STM32F103C6_GPIO_Driver.c" -mcpu=cortex-m3 -std=gnu11 -g3 -DSTM32 -DSTM32F1 -DSTM32F103C6Tx -DDEBUG -c -I../Inc -I"E:/EmbeddedSystemKS/Unit_7_MCU_Essential_Peripherals/Drivers/Drivers/ STM32F103C6_Drivers/Inc" -O0 -ffunction-sections -fdata-sections -Wall -fstack-usage -MMD -MP -MF" STM32F103C6_Drivers/ STM32F103C6_GPIO_Driver.d" -MT" STM32F103C6_Drivers/ STM32F103C6_GPIO_Driver.o" --specs=nano.specs -mfloat-abi=soft -mthumb -o " STM32F103C6_Drivers/ STM32F103C6_GPIO_Driver.o"
arm-none-eabi-gcc -gdwarf -g2 -o "Drivers.elf" @"objects.list"   -mcpu=cortex-m3 -T"E:\EmbeddedSystemKS\Unit_7_MCU_Essential_Peripherals\Drivers\Drivers\STM32F103C6TX_FLASH.ld" --specs=nosys.specs -Wl,-Map="Drivers.map" -Wl,--gc-sections -static --specs=nano.specs -mfloat-abi=soft -mthumb -Wl,--start-group -lc -lm -Wl,--end-group
arm-none-eabi-gcc: error: STM32F103C6_Drivers/ STM32F103C6_GPIO_Driver.o: No such file or directory
make: *** [makefile:50: Drivers.elf] Error 1
"make -j4 all" terminated with exit code 2. Build might be incomplete.
20:29:29 **** Clean-only build of configuration Debug for project Drivers ****
make -j4 clean 
rm -rf *
 
20:29:30 **** Incremental Build of configuration Debug for project Drivers ****
make -j4 all 
arm-none-eabi-gcc -gdwarf -g2 -mcpu=cortex-m3 -g3 -c -x assembler-with-cpp -MMD -MP -MF"Startup/startup_stm32f103c6tx.d" -MT"Startup/startup_stm32f103c6tx.o" --specs=nano.specs -mfloat-abi=soft -mthumb -o "Startup/startup_stm32f103c6tx.o" "../Startup/startup_stm32f103c6tx.s"
arm-none-eabi-gcc -gdwarf -g2 "../Src/main.c" -mcpu=cortex-m3 -std=gnu11 -g3 -DSTM32 -DSTM32F1 -DSTM32F103C6Tx -DDEBUG -c -I../Inc -O0 -ffunction-sections -fdata-sections -Wall -fstack-usage -MMD -MP -MF"Src/main.d" -MT"Src/main.o" --specs=nano.specs -mfloat-abi=soft -mthumb -o "Src/main.o"
arm-none-eabi-gcc -gdwarf -g2 "../Src/syscalls.c" -mcpu=cortex-m3 -std=gnu11 -g3 -DSTM32 -DSTM32F1 -DSTM32F103C6Tx -DDEBUG -c -I../Inc -O0 -ffunction-sections -fdata-sections -Wall -fstack-usage -MMD -MP -MF"Src/syscalls.d" -MT"Src/syscalls.o" --specs=nano.specs -mfloat-abi=soft -mthumb -o "Src/syscalls.o"
arm-none-eabi-gcc -gdwarf -g2 "../Src/sysmem.c" -mcpu=cortex-m3 -std=gnu11 -g3 -DSTM32 -DSTM32F1 -DSTM32F103C6Tx -DDEBUG -c -I../Inc -O0 -ffunction-sections -fdata-sections -Wall -fstack-usage -MMD -MP -MF"Src/sysmem.d" -MT"Src/sysmem.o" --specs=nano.specs -mfloat-abi=soft -mthumb -o "Src/sysmem.o"
arm-none-eabi-gcc -gdwarf -g2 "../ STM32F103C6Drivers/ STM32F103C6_GPIO_Driver.c" -mcpu=cortex-m3 -std=gnu11 -g3 -DSTM32 -DSTM32F1 -DSTM32F103C6Tx -DDEBUG -c -I../Inc -O0 -ffunction-sections -fdata-sections -Wall -fstack-usage -MMD -MP -MF" STM32F103C6Drivers/ STM32F103C6_GPIO_Driver.d" -MT" STM32F103C6Drivers/ STM32F103C6_GPIO_Driver.o" --specs=nano.specs -mfloat-abi=soft -mthumb -o " STM32F103C6Drivers/ STM32F103C6_GPIO_Driver.o"
arm-none-eabi-gcc -gdwarf -g2 -o "Drivers.elf" @"objects.list"   -mcpu=cortex-m3 -T"E:\EmbeddedSystemKS\Unit_7_MCU_Essential_Peripherals\Drivers\Drivers\STM32F103C6TX_FLASH.ld" --specs=nosys.specs -Wl,-Map="Drivers.map" -Wl,--gc-sections -static --specs=nano.specs -mfloat-abi=soft -mthumb -Wl,--start-group -lc -lm -Wl,--end-group
arm-none-eabi-gcc: error: STM32F103C6Drivers/ STM32F103C6_GPIO_Driver.o: No such file or directory
make: *** [makefile:50: Drivers.elf] Error 1
"make -j4 all" terminated with exit code 2. Build might be incomplete.
20:31:48 **** Clean-only build of configuration Debug for project Drivers ****
make -j4 clean 
rm -rf *
 
20:31:48 **** Incremental Build of configuration Debug for project Drivers ****
make -j4 all 
arm-none-eabi-gcc -gdwarf -g2 -mcpu=cortex-m3 -g3 -c -x assembler-with-cpp -MMD -MP -MF"Startup/startup_stm32f103c6tx.d" -MT"Startup/startup_stm32f103c6tx.o" --specs=nano.specs -mfloat-abi=soft -mthumb -o "Startup/startup_stm32f103c6tx.o" "../Startup/startup_stm32f103c6tx.s"
arm-none-eabi-gcc -gdwarf -g2 "../Src/main.c" -mcpu=cortex-m3 -std=gnu11 -g3 -DSTM32 -DSTM32F1 -DSTM32F103C6Tx -DDEBUG -c -I../Inc -O0 -ffunction-sections -fdata-sections -Wall -fstack-usage -MMD -MP -MF"Src/main.d" -MT"Src/main.o" --specs=nano.specs -mfloat-abi=soft -mthumb -o "Src/main.o"
arm-none-eabi-gcc -gdwarf -g2 "../Src/syscalls.c" -mcpu=cortex-m3 -std=gnu11 -g3 -DSTM32 -DSTM32F1 -DSTM32F103C6Tx -DDEBUG -c -I../Inc -O0 -ffunction-sections -fdata-sections -Wall -fstack-usage -MMD -MP -MF"Src/syscalls.d" -MT"Src/syscalls.o" --specs=nano.specs -mfloat-abi=soft -mthumb -o "Src/syscalls.o"
arm-none-eabi-gcc -gdwarf -g2 "../Src/sysmem.c" -mcpu=cortex-m3 -std=gnu11 -g3 -DSTM32 -DSTM32F1 -DSTM32F103C6Tx -DDEBUG -c -I../Inc -O0 -ffunction-sections -fdata-sections -Wall -fstack-usage -MMD -MP -MF"Src/sysmem.d" -MT"Src/sysmem.o" --specs=nano.specs -mfloat-abi=soft -mthumb -o "Src/sysmem.o"
arm-none-eabi-gcc -gdwarf -g2 "../STM32F103C6_Drivers/ STM32F103C6_GPIO_Driver.c" -mcpu=cortex-m3 -std=gnu11 -g3 -DSTM32 -DSTM32F1 -DSTM32F103C6Tx -DDEBUG -c -I../Inc -O0 -ffunction-sections -fdata-sections -Wall -fstack-usage -MMD -MP -MF"STM32F103C6_Drivers/ STM32F103C6_GPIO_Driver.d" -MT"STM32F103C6_Drivers/ STM32F103C6_GPIO_Driver.o" --specs=nano.specs -mfloat-abi=soft -mthumb -o "STM32F103C6_Drivers/ STM32F103C6_GPIO_Driver.o"
arm-none-eabi-gcc -gdwarf -g2 -o "Drivers.elf" @"objects.list"   -mcpu=cortex-m3 -T"E:\EmbeddedSystemKS\Unit_7_MCU_Essential_Peripherals\Drivers\Drivers\STM32F103C6TX_FLASH.ld" --specs=nosys.specs -Wl,-Map="Drivers.map" -Wl,--gc-sections -static --specs=nano.specs -mfloat-abi=soft -mthumb -Wl,--start-group -lc -lm -Wl,--end-group
Finished building target: Drivers.elf
 
arm-none-eabi-size   Drivers.elf 
arm-none-eabi-objdump -h -S  Drivers.elf  > "Drivers.list"
arm-none-eabi-objcopy  -O binary  Drivers.elf  "Drivers.bin"
   text	   data	    bss	    dec	    hex	filename
    556	      8	   1568	   2132	    854	Drivers.elf
Finished building: default.size.stdout
 
Finished building: Drivers.list
Finished building: Drivers.bin
 
 
13:10:04 **** Incremental Build of configuration Debug for project Drivers ****
make -j4 all 
arm-none-eabi-gcc -gdwarf -g2 "../STM32F103C6_Drivers/GPIO/STM32F103C6_GPIO_Driver.c" -mcpu=cortex-m3 -std=gnu11 -g3 -DSTM32 -DSTM32F1 -DSTM32F103C6Tx -DDEBUG -c -I../Inc -O0 -ffunction-sections -fdata-sections -Wall -fstack-usage -MMD -MP -MF"STM32F103C6_Drivers/GPIO/STM32F103C6_GPIO_Driver.d" -MT"STM32F103C6_Drivers/GPIO/STM32F103C6_GPIO_Driver.o" --specs=nano.specs -mfloat-abi=soft -mthumb -o "STM32F103C6_Drivers/GPIO/STM32F103C6_GPIO_Driver.o"
arm-none-eabi-gcc -gdwarf -g2 -o "Drivers.elf" @"objects.list"   -mcpu=cortex-m3 -T"E:\EmbeddedSystemKS\Unit_7_MCU_Essential_Peripherals\Drivers\Drivers\STM32F103C6TX_FLASH.ld" --specs=nosys.specs -Wl,-Map="Drivers.map" -Wl,--gc-sections -static --specs=nano.specs -mfloat-abi=soft -mthumb -Wl,--start-group -lc -lm -Wl,--end-group
Finished building target: Drivers.elf
 
arm-none-eabi-objdump -h -S  Drivers.elf  > "Drivers.list"
arm-none-eabi-objcopy  -O binary  Drivers.elf  "Drivers.bin"
arm-none-eabi-size   Drivers.elf 
Finished building: Drivers.bin
   text	   data	    bss	    dec	    hex	filename
    556	      8	   1568	   2132	    854	Drivers.elf
 
Finished building: default.size.stdout
 
Finished building: Drivers.list
 
13:42:48 **** Incremental Build of configuration Debug for project Drivers ****
make -j4 all 
arm-none-eabi-size   Drivers.elf 
   text	   data	    bss	    dec	    hex	filename
    556	      8	   1568	   2132	    854	Drivers.elf
Finished building: default.size.stdout
 
13:44:14 **** Incremental Build of configuration Debug for project Drivers ****
make -j4 all 
arm-none-eabi-size   Drivers.elf 
   text	   data	    bss	    dec	    hex	filename
    556	      8	   1568	   2132	    854	Drivers.elf
Finished building: default.size.stdout
 
20:50:34 **** Incremental Build of configuration Debug for project Drivers ****
make -j4 all 
arm-none-eabi-gcc -gdwarf -g2 "../Src/main.c" -mcpu=cortex-m3 -std=gnu11 -g3 -DSTM32 -DSTM32F1 -DSTM32F103C6Tx -DDEBUG -c -I../Inc -I"E:/EmbeddedSystemKS/Unit_7_MCU_Essential_Peripherals/Drivers/Drivers/STM32F103C6_Drivers" -O0 -ffunction-sections -fdata-sections -Wall -fstack-usage -MMD -MP -MF"Src/main.d" -MT"Src/main.o" --specs=nano.specs -mfloat-abi=soft -mthumb -o "Src/main.o"
arm-none-eabi-gcc -gdwarf -g2 "../Src/syscalls.c" -mcpu=cortex-m3 -std=gnu11 -g3 -DSTM32 -DSTM32F1 -DSTM32F103C6Tx -DDEBUG -c -I../Inc -I"E:/EmbeddedSystemKS/Unit_7_MCU_Essential_Peripherals/Drivers/Drivers/STM32F103C6_Drivers" -O0 -ffunction-sections -fdata-sections -Wall -fstack-usage -MMD -MP -MF"Src/syscalls.d" -MT"Src/syscalls.o" --specs=nano.specs -mfloat-abi=soft -mthumb -o "Src/syscalls.o"
arm-none-eabi-gcc -gdwarf -g2 "../Src/sysmem.c" -mcpu=cortex-m3 -std=gnu11 -g3 -DSTM32 -DSTM32F1 -DSTM32F103C6Tx -DDEBUG -c -I../Inc -I"E:/EmbeddedSystemKS/Unit_7_MCU_Essential_Peripherals/Drivers/Drivers/STM32F103C6_Drivers" -O0 -ffunction-sections -fdata-sections -Wall -fstack-usage -MMD -MP -MF"Src/sysmem.d" -MT"Src/sysmem.o" --specs=nano.specs -mfloat-abi=soft -mthumb -o "Src/sysmem.o"
arm-none-eabi-gcc -gdwarf -g2 "../STM32F103C6_Drivers/GPIO/STM32F103C6_GPIO_Driver.c" -mcpu=cortex-m3 -std=gnu11 -g3 -DSTM32 -DSTM32F1 -DSTM32F103C6Tx -DDEBUG -c -I../Inc -I"E:/EmbeddedSystemKS/Unit_7_MCU_Essential_Peripherals/Drivers/Drivers/STM32F103C6_Drivers" -O0 -ffunction-sections -fdata-sections -Wall -fstack-usage -MMD -MP -MF"STM32F103C6_Drivers/GPIO/STM32F103C6_GPIO_Driver.d" -MT"STM32F103C6_Drivers/GPIO/STM32F103C6_GPIO_Driver.o" --specs=nano.specs -mfloat-abi=soft -mthumb -o "STM32F103C6_Drivers/GPIO/STM32F103C6_GPIO_Driver.o"
../Src/main.c:24:10: fatal error: STM32F103C6_GPIO_Driver.h: No such file or directory
 #include "STM32F103C6_GPIO_Driver.h"
          ^~~~~~~~~~~~~~~~~~~~~~~~~~~
compilation terminated.
make: *** [Src/subdir.mk:24: Src/main.o] Error 1
make: *** Waiting for unfinished jobs....
"make -j4 all" terminated with exit code 2. Build might be incomplete.
20:51:07 **** Incremental Build of configuration Debug for project Drivers ****
make -j4 all 
arm-none-eabi-gcc -gdwarf -g2 "../Src/main.c" -mcpu=cortex-m3 -std=gnu11 -g3 -DSTM32 -DSTM32F1 -DSTM32F103C6Tx -DDEBUG -c -I"E:/EmbeddedSystemKS/Unit_7_MCU_Essential_Peripherals/Drivers/Drivers/STM32F103C6_Drivers/Inc" -I../Inc -O0 -ffunction-sections -fdata-sections -Wall -fstack-usage -MMD -MP -MF"Src/main.d" -MT"Src/main.o" --specs=nano.specs -mfloat-abi=soft -mthumb -o "Src/main.o"
arm-none-eabi-gcc -gdwarf -g2 "../Src/syscalls.c" -mcpu=cortex-m3 -std=gnu11 -g3 -DSTM32 -DSTM32F1 -DSTM32F103C6Tx -DDEBUG -c -I"E:/EmbeddedSystemKS/Unit_7_MCU_Essential_Peripherals/Drivers/Drivers/STM32F103C6_Drivers/Inc" -I../Inc -O0 -ffunction-sections -fdata-sections -Wall -fstack-usage -MMD -MP -MF"Src/syscalls.d" -MT"Src/syscalls.o" --specs=nano.specs -mfloat-abi=soft -mthumb -o "Src/syscalls.o"
arm-none-eabi-gcc -gdwarf -g2 "../Src/sysmem.c" -mcpu=cortex-m3 -std=gnu11 -g3 -DSTM32 -DSTM32F1 -DSTM32F103C6Tx -DDEBUG -c -I"E:/EmbeddedSystemKS/Unit_7_MCU_Essential_Peripherals/Drivers/Drivers/STM32F103C6_Drivers/Inc" -I../Inc -O0 -ffunction-sections -fdata-sections -Wall -fstack-usage -MMD -MP -MF"Src/sysmem.d" -MT"Src/sysmem.o" --specs=nano.specs -mfloat-abi=soft -mthumb -o "Src/sysmem.o"
arm-none-eabi-gcc -gdwarf -g2 "../STM32F103C6_Drivers/GPIO/STM32F103C6_GPIO_Driver.c" -mcpu=cortex-m3 -std=gnu11 -g3 -DSTM32 -DSTM32F1 -DSTM32F103C6Tx -DDEBUG -c -I"E:/EmbeddedSystemKS/Unit_7_MCU_Essential_Peripherals/Drivers/Drivers/STM32F103C6_Drivers/Inc" -I../Inc -O0 -ffunction-sections -fdata-sections -Wall -fstack-usage -MMD -MP -MF"STM32F103C6_Drivers/GPIO/STM32F103C6_GPIO_Driver.d" -MT"STM32F103C6_Drivers/GPIO/STM32F103C6_GPIO_Driver.o" --specs=nano.specs -mfloat-abi=soft -mthumb -o "STM32F103C6_Drivers/GPIO/STM32F103C6_GPIO_Driver.o"
../Src/main.c:24:10: fatal error: STM32F103C6_GPIO_Driver.h: No such file or directory
 #include "STM32F103C6_GPIO_Driver.h"
          ^~~~~~~~~~~~~~~~~~~~~~~~~~~
compilation terminated.
make: *** [Src/subdir.mk:24: Src/main.o] Error 1
make: *** Waiting for unfinished jobs....
"make -j4 all" terminated with exit code 2. Build might be incomplete.
20:51:44 **** Incremental Build of configuration Debug for project Drivers ****
make -j4 all 
arm-none-eabi-gcc -gdwarf -g2 "../Src/main.c" -mcpu=cortex-m3 -std=gnu11 -g3 -DSTM32 -DSTM32F1 -DSTM32F103C6Tx -DDEBUG -c -I"E:/EmbeddedSystemKS/Unit_7_MCU_Essential_Peripherals/Drivers/Drivers/STM32F103C6_Drivers/Inc" -I../Inc -O0 -ffunction-sections -fdata-sections -Wall -fstack-usage -MMD -MP -MF"Src/main.d" -MT"Src/main.o" --specs=nano.specs -mfloat-abi=soft -mthumb -o "Src/main.o"
../Src/main.c:24:10: fatal error: STM32F103C6_GPIO_Driver.h: No such file or directory
 #include "STM32F103C6_GPIO_Driver.h"
          ^~~~~~~~~~~~~~~~~~~~~~~~~~~
compilation terminated.
make: *** [Src/subdir.mk:24: Src/main.o] Error 1
"make -j4 all" terminated with exit code 2. Build might be incomplete.
20:52:45 **** Incremental Build of configuration Debug for project Drivers ****
make -j4 all 
arm-none-eabi-gcc -gdwarf -g2 -mcpu=cortex-m3 -g3 -c -I"E:/EmbeddedSystemKS/Unit_7_MCU_Essential_Peripherals/Drivers/Drivers/STM32F103C6_Drivers/Inc" -x assembler-with-cpp -MMD -MP -MF"Startup/startup_stm32f103c6tx.d" -MT"Startup/startup_stm32f103c6tx.o" --specs=nano.specs -mfloat-abi=soft -mthumb -o "Startup/startup_stm32f103c6tx.o" "../Startup/startup_stm32f103c6tx.s"
arm-none-eabi-gcc -gdwarf -g2 "../Src/main.c" -mcpu=cortex-m3 -std=gnu11 -g3 -DSTM32 -DSTM32F1 -DSTM32F103C6Tx -DDEBUG -c -I"E:/EmbeddedSystemKS/Unit_7_MCU_Essential_Peripherals/Drivers/Drivers/STM32F103C6_Drivers/Inc" -I../Inc -O0 -ffunction-sections -fdata-sections -Wall -fstack-usage -MMD -MP -MF"Src/main.d" -MT"Src/main.o" --specs=nano.specs -mfloat-abi=soft -mthumb -o "Src/main.o"
arm-none-eabi-gcc -gdwarf -g2 "../Src/syscalls.c" -mcpu=cortex-m3 -std=gnu11 -g3 -DSTM32 -DSTM32F1 -DSTM32F103C6Tx -DDEBUG -c -I"E:/EmbeddedSystemKS/Unit_7_MCU_Essential_Peripherals/Drivers/Drivers/STM32F103C6_Drivers/Inc" -I../Inc -O0 -ffunction-sections -fdata-sections -Wall -fstack-usage -MMD -MP -MF"Src/syscalls.d" -MT"Src/syscalls.o" --specs=nano.specs -mfloat-abi=soft -mthumb -o "Src/syscalls.o"
arm-none-eabi-gcc -gdwarf -g2 "../Src/sysmem.c" -mcpu=cortex-m3 -std=gnu11 -g3 -DSTM32 -DSTM32F1 -DSTM32F103C6Tx -DDEBUG -c -I"E:/EmbeddedSystemKS/Unit_7_MCU_Essential_Peripherals/Drivers/Drivers/STM32F103C6_Drivers/Inc" -I../Inc -O0 -ffunction-sections -fdata-sections -Wall -fstack-usage -MMD -MP -MF"Src/sysmem.d" -MT"Src/sysmem.o" --specs=nano.specs -mfloat-abi=soft -mthumb -o "Src/sysmem.o"
../Src/main.c:24:10: fatal error: STM32F103C6_GPIO_Driver.h: No such file or directory
 #include "STM32F103C6_GPIO_Driver.h"
          ^~~~~~~~~~~~~~~~~~~~~~~~~~~
compilation terminated.
make: *** [Src/subdir.mk:24: Src/main.o] Error 1
make: *** Waiting for unfinished jobs....
"make -j4 all" terminated with exit code 2. Build might be incomplete.
20:53:17 **** Incremental Build of configuration Debug for project Drivers ****
make -j4 all 
arm-none-eabi-gcc -gdwarf -g2 "../Src/main.c" -mcpu=cortex-m3 -std=gnu11 -g3 -DSTM32 -DSTM32F1 -DSTM32F103C6Tx -DDEBUG -c -I"E:/EmbeddedSystemKS/Unit_7_MCU_Essential_Peripherals/Drivers/Drivers/STM32F103C6_Drivers/Inc" -I../Inc -O0 -ffunction-sections -fdata-sections -Wall -fstack-usage -MMD -MP -MF"Src/main.d" -MT"Src/main.o" --specs=nano.specs -mfloat-abi=soft -mthumb -o "Src/main.o"
arm-none-eabi-gcc -gdwarf -g2 "../STM32F103C6_Drivers/GPIO/STM32F103C6_GPIO_Driver.c" -mcpu=cortex-m3 -std=gnu11 -g3 -DSTM32 -DSTM32F1 -DSTM32F103C6Tx -DDEBUG -c -I"E:/EmbeddedSystemKS/Unit_7_MCU_Essential_Peripherals/Drivers/Drivers/STM32F103C6_Drivers/Inc" -I../Inc -O0 -ffunction-sections -fdata-sections -Wall -fstack-usage -MMD -MP -MF"STM32F103C6_Drivers/GPIO/STM32F103C6_GPIO_Driver.d" -MT"STM32F103C6_Drivers/GPIO/STM32F103C6_GPIO_Driver.o" --specs=nano.specs -mfloat-abi=soft -mthumb -o "STM32F103C6_Drivers/GPIO/STM32F103C6_GPIO_Driver.o"
../Src/main.c:24:10: fatal error: STM32F103C6/Inc/STM32F103C6_GPIO_Driver.h: No such file or directory
 #include "STM32F103C6/Inc/STM32F103C6_GPIO_Driver.h"
          ^~~~~~~~~~~~~~~~~~~~~~~~~~~~~~~~~~~~~~~~~~~
compilation terminated.
make: *** [Src/subdir.mk:24: Src/main.o] Error 1
make: *** Waiting for unfinished jobs....
"make -j4 all" terminated with exit code 2. Build might be incomplete.
20:53:22 **** Incremental Build of configuration Debug for project Drivers ****
make -j4 all 
arm-none-eabi-gcc -gdwarf -g2 "../Src/main.c" -mcpu=cortex-m3 -std=gnu11 -g3 -DSTM32 -DSTM32F1 -DSTM32F103C6Tx -DDEBUG -c -I"E:/EmbeddedSystemKS/Unit_7_MCU_Essential_Peripherals/Drivers/Drivers/STM32F103C6_Drivers/Inc" -I../Inc -O0 -ffunction-sections -fdata-sections -Wall -fstack-usage -MMD -MP -MF"Src/main.d" -MT"Src/main.o" --specs=nano.specs -mfloat-abi=soft -mthumb -o "Src/main.o"
../Src/main.c:24:10: fatal error: STM32F103C6_GPIO_Driver.h: No such file or directory
 #include "STM32F103C6_GPIO_Driver.h"
          ^~~~~~~~~~~~~~~~~~~~~~~~~~~
compilation terminated.
make: *** [Src/subdir.mk:24: Src/main.o] Error 1
"make -j4 all" terminated with exit code 2. Build might be incomplete.
20:53:55 **** Incremental Build of configuration Debug for project Drivers ****
make -j4 all 
arm-none-eabi-gcc -gdwarf -g2 "../Src/main.c" -mcpu=cortex-m3 -std=gnu11 -g3 -DSTM32 -DSTM32F1 -DSTM32F103C6Tx -DDEBUG -c -I"E:/EmbeddedSystemKS/Unit_7_MCU_Essential_Peripherals/Drivers/Drivers/STM32F103C6_Drivers/Inc" -I../Inc -O0 -ffunction-sections -fdata-sections -Wall -fstack-usage -MMD -MP -MF"Src/main.d" -MT"Src/main.o" --specs=nano.specs -mfloat-abi=soft -mthumb -o "Src/main.o"
arm-none-eabi-gcc -gdwarf -g2 -o "Drivers.elf" @"objects.list"   -mcpu=cortex-m3 -T"E:\EmbeddedSystemKS\Unit_7_MCU_Essential_Peripherals\Drivers\Drivers\STM32F103C6TX_FLASH.ld" --specs=nosys.specs -Wl,-Map="Drivers.map" -Wl,--gc-sections -static --specs=nano.specs -mfloat-abi=soft -mthumb -Wl,--start-group -lc -lm -Wl,--end-group
Finished building target: Drivers.elf
 
arm-none-eabi-objdump -h -S  Drivers.elf  > "Drivers.list"
arm-none-eabi-objcopy  -O binary  Drivers.elf  "Drivers.bin"
arm-none-eabi-size   Drivers.elf 
   text	   data	    bss	    dec	    hex	filename
    556	      8	   1568	   2132	    854	Drivers.elf
Finished building: default.size.stdout
 
Finished building: Drivers.list
Finished building: Drivers.bin
 
 
20:54:05 **** Incremental Build of configuration Debug for project Drivers ****
make -j4 all 
arm-none-eabi-gcc -gdwarf -g2 "../Src/main.c" -mcpu=cortex-m3 -std=gnu11 -g3 -DSTM32 -DSTM32F1 -DSTM32F103C6Tx -DDEBUG -c -I"E:/EmbeddedSystemKS/Unit_7_MCU_Essential_Peripherals/Drivers/Drivers/STM32F103C6_Drivers/Inc" -I../Inc -O0 -ffunction-sections -fdata-sections -Wall -fstack-usage -MMD -MP -MF"Src/main.d" -MT"Src/main.o" --specs=nano.specs -mfloat-abi=soft -mthumb -o "Src/main.o"
../Src/main.c:24:10: fatal error: STM32F103C6_GPIO_Driver.h: No such file or directory
 #include "STM32F103C6_GPIO_Driver.h"
          ^~~~~~~~~~~~~~~~~~~~~~~~~~~
compilation terminated.
make: *** [Src/subdir.mk:24: Src/main.o] Error 1
"make -j4 all" terminated with exit code 2. Build might be incomplete.
20:54:33 **** Incremental Build of configuration Debug for project Drivers ****
make -j4 all 
arm-none-eabi-gcc -gdwarf -g2 "../Src/main.c" -mcpu=cortex-m3 -std=gnu11 -g3 -DSTM32 -DSTM32F1 -DSTM32F103C6Tx -DDEBUG -c -I"E:/EmbeddedSystemKS/Unit_7_MCU_Essential_Peripherals/Drivers/Drivers/STM32F103C6_Drivers/Inc" -I../Inc -O0 -ffunction-sections -fdata-sections -Wall -fstack-usage -MMD -MP -MF"Src/main.d" -MT"Src/main.o" --specs=nano.specs -mfloat-abi=soft -mthumb -o "Src/main.o"
arm-none-eabi-gcc -gdwarf -g2 -o "Drivers.elf" @"objects.list"   -mcpu=cortex-m3 -T"E:\EmbeddedSystemKS\Unit_7_MCU_Essential_Peripherals\Drivers\Drivers\STM32F103C6TX_FLASH.ld" --specs=nosys.specs -Wl,-Map="Drivers.map" -Wl,--gc-sections -static --specs=nano.specs -mfloat-abi=soft -mthumb -Wl,--start-group -lc -lm -Wl,--end-group
Finished building target: Drivers.elf
 
arm-none-eabi-objdump -h -S  Drivers.elf  > "Drivers.list"
arm-none-eabi-objcopy  -O binary  Drivers.elf  "Drivers.bin"
arm-none-eabi-size   Drivers.elf 
   text	   data	    bss	    dec	    hex	filename
    556	      8	   1568	   2132	    854	Drivers.elf
Finished building: default.size.stdout
 
Finished building: Drivers.bin
Finished building: Drivers.list
 
 
15:25:41 **** Incremental Build of configuration Debug for project Drivers ****
make -j4 all 
arm-none-eabi-gcc -gdwarf -g2 "../Src/main.c" -mcpu=cortex-m3 -std=gnu11 -g3 -DSTM32 -DSTM32F1 -DSTM32F103C6Tx -DDEBUG -c -I"E:/EmbeddedSystemKS/Unit_7_MCU_Essential_Peripherals/Drivers/Drivers/STM32F103C6_Drivers/Inc" -I../Inc -O0 -ffunction-sections -fdata-sections -Wall -fstack-usage -MMD -MP -MF"Src/main.d" -MT"Src/main.o" --specs=nano.specs -mfloat-abi=soft -mthumb -o "Src/main.o"
arm-none-eabi-gcc -gdwarf -g2 "../STM32F103C6_Drivers/GPIO/STM32F103C6_GPIO_Driver.c" -mcpu=cortex-m3 -std=gnu11 -g3 -DSTM32 -DSTM32F1 -DSTM32F103C6Tx -DDEBUG -c -I"E:/EmbeddedSystemKS/Unit_7_MCU_Essential_Peripherals/Drivers/Drivers/STM32F103C6_Drivers/Inc" -I../Inc -O0 -ffunction-sections -fdata-sections -Wall -fstack-usage -MMD -MP -MF"STM32F103C6_Drivers/GPIO/STM32F103C6_GPIO_Driver.d" -MT"STM32F103C6_Drivers/GPIO/STM32F103C6_GPIO_Driver.o" --specs=nano.specs -mfloat-abi=soft -mthumb -o "STM32F103C6_Drivers/GPIO/STM32F103C6_GPIO_Driver.o"
In file included from ../Src/main.c:24:0:
E:/EmbeddedSystemKS/Unit_7_MCU_Essential_Peripherals/Drivers/Drivers/STM32F103C6_Drivers/Inc/STM32F103C6_GPIO_Driver.h:31:2: error: unknown type name 'unit8_t'
  unit8_t GPIO_Output_Speed;  //Specifies clock speed of the selected pins
  ^~~~~~~
In file included from ../STM32F103C6_Drivers/GPIO/STM32F103C6_GPIO_Driver.c:7:0:
E:/EmbeddedSystemKS/Unit_7_MCU_Essential_Peripherals/Drivers/Drivers/STM32F103C6_Drivers/Inc/STM32F103C6_GPIO_Driver.h:31:2: error: unknown type name 'unit8_t'
  unit8_t GPIO_Output_Speed;  //Specifies clock speed of the selected pins
  ^~~~~~~
make: *** [STM32F103C6_Drivers/GPIO/subdir.mk:18: STM32F103C6_Drivers/GPIO/STM32F103C6_GPIO_Driver.o] Error 1
make: *** Waiting for unfinished jobs....
make: *** [Src/subdir.mk:24: Src/main.o] Error 1
"make -j4 all" terminated with exit code 2. Build might be incomplete.
15:26:04 **** Incremental Build of configuration Debug for project Drivers ****
make -j4 all 
arm-none-eabi-gcc -gdwarf -g2 "../Src/main.c" -mcpu=cortex-m3 -std=gnu11 -g3 -DSTM32 -DSTM32F1 -DSTM32F103C6Tx -DDEBUG -c -I"E:/EmbeddedSystemKS/Unit_7_MCU_Essential_Peripherals/Drivers/Drivers/STM32F103C6_Drivers/Inc" -I../Inc -O0 -ffunction-sections -fdata-sections -Wall -fstack-usage -MMD -MP -MF"Src/main.d" -MT"Src/main.o" --specs=nano.specs -mfloat-abi=soft -mthumb -o "Src/main.o"
arm-none-eabi-gcc -gdwarf -g2 "../STM32F103C6_Drivers/GPIO/STM32F103C6_GPIO_Driver.c" -mcpu=cortex-m3 -std=gnu11 -g3 -DSTM32 -DSTM32F1 -DSTM32F103C6Tx -DDEBUG -c -I"E:/EmbeddedSystemKS/Unit_7_MCU_Essential_Peripherals/Drivers/Drivers/STM32F103C6_Drivers/Inc" -I../Inc -O0 -ffunction-sections -fdata-sections -Wall -fstack-usage -MMD -MP -MF"STM32F103C6_Drivers/GPIO/STM32F103C6_GPIO_Driver.d" -MT"STM32F103C6_Drivers/GPIO/STM32F103C6_GPIO_Driver.o" --specs=nano.specs -mfloat-abi=soft -mthumb -o "STM32F103C6_Drivers/GPIO/STM32F103C6_GPIO_Driver.o"
arm-none-eabi-gcc -gdwarf -g2 -o "Drivers.elf" @"objects.list"   -mcpu=cortex-m3 -T"E:\EmbeddedSystemKS\Unit_7_MCU_Essential_Peripherals\Drivers\Drivers\STM32F103C6TX_FLASH.ld" --specs=nosys.specs -Wl,-Map="Drivers.map" -Wl,--gc-sections -static --specs=nano.specs -mfloat-abi=soft -mthumb -Wl,--start-group -lc -lm -Wl,--end-group
Finished building target: Drivers.elf
 
arm-none-eabi-objdump -h -S  Drivers.elf  > "Drivers.list"
arm-none-eabi-objcopy  -O binary  Drivers.elf  "Drivers.bin"
arm-none-eabi-size   Drivers.elf 
   text	   data	    bss	    dec	    hex	filename
    556	      8	   1568	   2132	    854	Drivers.elf
Finished building: default.size.stdout
 
Finished building: Drivers.list
Finished building: Drivers.bin
 
 
15:56:38 **** Incremental Build of configuration Debug for project Drivers ****
make -j4 all 
arm-none-eabi-gcc -gdwarf -g2 "../Src/main.c" -mcpu=cortex-m3 -std=gnu11 -g3 -DSTM32 -DSTM32F1 -DSTM32F103C6Tx -DDEBUG -c -I"E:/EmbeddedSystemKS/Unit_7_MCU_Essential_Peripherals/Drivers/Drivers/STM32F103C6_Drivers/Inc" -I../Inc -O0 -ffunction-sections -fdata-sections -Wall -fstack-usage -MMD -MP -MF"Src/main.d" -MT"Src/main.o" --specs=nano.specs -mfloat-abi=soft -mthumb -o "Src/main.o"
arm-none-eabi-gcc -gdwarf -g2 "../STM32F103C6_Drivers/GPIO/STM32F103C6_GPIO_Driver.c" -mcpu=cortex-m3 -std=gnu11 -g3 -DSTM32 -DSTM32F1 -DSTM32F103C6Tx -DDEBUG -c -I"E:/EmbeddedSystemKS/Unit_7_MCU_Essential_Peripherals/Drivers/Drivers/STM32F103C6_Drivers/Inc" -I../Inc -O0 -ffunction-sections -fdata-sections -Wall -fstack-usage -MMD -MP -MF"STM32F103C6_Drivers/GPIO/STM32F103C6_GPIO_Driver.d" -MT"STM32F103C6_Drivers/GPIO/STM32F103C6_GPIO_Driver.o" --specs=nano.specs -mfloat-abi=soft -mthumb -o "STM32F103C6_Drivers/GPIO/STM32F103C6_GPIO_Driver.o"
../STM32F103C6_Drivers/GPIO/STM32F103C6_GPIO_Driver.c: In function 'MCAL_GPIO_ReadPin':
../STM32F103C6_Drivers/GPIO/STM32F103C6_GPIO_Driver.c:61:1: warning: control reaches end of non-void function [-Wreturn-type]
 }
 ^
../STM32F103C6_Drivers/GPIO/STM32F103C6_GPIO_Driver.c: In function 'MCAL_GPIO_ReadPort':
../STM32F103C6_Drivers/GPIO/STM32F103C6_GPIO_Driver.c:76:1: warning: control reaches end of non-void function [-Wreturn-type]
 }
 ^
../STM32F103C6_Drivers/GPIO/STM32F103C6_GPIO_Driver.c: In function 'MCAL_GPIO_LockPin':
../STM32F103C6_Drivers/GPIO/STM32F103C6_GPIO_Driver.c:140:1: warning: control reaches end of non-void function [-Wreturn-type]
 }
 ^
arm-none-eabi-gcc -gdwarf -g2 -o "Drivers.elf" @"objects.list"   -mcpu=cortex-m3 -T"E:\EmbeddedSystemKS\Unit_7_MCU_Essential_Peripherals\Drivers\Drivers\STM32F103C6TX_FLASH.ld" --specs=nosys.specs -Wl,-Map="Drivers.map" -Wl,--gc-sections -static --specs=nano.specs -mfloat-abi=soft -mthumb -Wl,--start-group -lc -lm -Wl,--end-group
Finished building target: Drivers.elf
 
arm-none-eabi-objdump -h -S  Drivers.elf  > "Drivers.list"
arm-none-eabi-objcopy  -O binary  Drivers.elf  "Drivers.bin"
arm-none-eabi-size   Drivers.elf 
   text	   data	    bss	    dec	    hex	filename
    556	      8	   1568	   2132	    854	Drivers.elf
Finished building: default.size.stdout
Finished building: Drivers.bin
Finished building: Drivers.list
 
 
 
17:02:17 **** Incremental Build of configuration Debug for project Drivers ****
make -j4 all 
arm-none-eabi-gcc -gdwarf -g2 "../Src/main.c" -mcpu=cortex-m3 -std=gnu11 -g3 -DSTM32 -DSTM32F1 -DSTM32F103C6Tx -DDEBUG -c -I"E:/EmbeddedSystemKS/Unit_7_MCU_Essential_Peripherals/Drivers/Drivers/STM32F103C6_Drivers/Inc" -I../Inc -O0 -ffunction-sections -fdata-sections -Wall -fstack-usage -MMD -MP -MF"Src/main.d" -MT"Src/main.o" --specs=nano.specs -mfloat-abi=soft -mthumb -o "Src/main.o"
arm-none-eabi-gcc -gdwarf -g2 "../STM32F103C6_Drivers/GPIO/STM32F103C6_GPIO_Driver.c" -mcpu=cortex-m3 -std=gnu11 -g3 -DSTM32 -DSTM32F1 -DSTM32F103C6Tx -DDEBUG -c -I"E:/EmbeddedSystemKS/Unit_7_MCU_Essential_Peripherals/Drivers/Drivers/STM32F103C6_Drivers/Inc" -I../Inc -O0 -ffunction-sections -fdata-sections -Wall -fstack-usage -MMD -MP -MF"STM32F103C6_Drivers/GPIO/STM32F103C6_GPIO_Driver.d" -MT"STM32F103C6_Drivers/GPIO/STM32F103C6_GPIO_Driver.o" --specs=nano.specs -mfloat-abi=soft -mthumb -o "STM32F103C6_Drivers/GPIO/STM32F103C6_GPIO_Driver.o"
In file included from ../STM32F103C6_Drivers/GPIO/STM32F103C6_GPIO_Driver.c:7:0:
../STM32F103C6_Drivers/GPIO/STM32F103C6_GPIO_Driver.c: In function 'Get_CRLH_Position':
E:/EmbeddedSystemKS/Unit_7_MCU_Essential_Peripherals/Drivers/Drivers/STM32F103C6_Drivers/Inc/STM32F103C6_GPIO_Driver.h:48:31: error: 'unit16_t' undeclared (first use in this function); did you mean 'uint16_t'?
 #define  GPIO_PIN_0         ((unit16_t)0x0001) //Pin 0 Selected
                               ^
../STM32F103C6_Drivers/GPIO/STM32F103C6_GPIO_Driver.c:14:7: note: in expansion of macro 'GPIO_PIN_0'
  case GPIO_PIN_0:
       ^~~~~~~~~~
E:/EmbeddedSystemKS/Unit_7_MCU_Essential_Peripherals/Drivers/Drivers/STM32F103C6_Drivers/Inc/STM32F103C6_GPIO_Driver.h:48:31: note: each undeclared identifier is reported only once for each function it appears in
 #define  GPIO_PIN_0         ((unit16_t)0x0001) //Pin 0 Selected
                               ^
../STM32F103C6_Drivers/GPIO/STM32F103C6_GPIO_Driver.c:14:7: note: in expansion of macro 'GPIO_PIN_0'
  case GPIO_PIN_0:
       ^~~~~~~~~~
E:/EmbeddedSystemKS/Unit_7_MCU_Essential_Peripherals/Drivers/Drivers/STM32F103C6_Drivers/Inc/STM32F103C6_GPIO_Driver.h:48:40: error: expected ')' before numeric constant
 #define  GPIO_PIN_0         ((unit16_t)0x0001) //Pin 0 Selected
                                        ^
../STM32F103C6_Drivers/GPIO/STM32F103C6_GPIO_Driver.c:14:7: note: in expansion of macro 'GPIO_PIN_0'
  case GPIO_PIN_0:
       ^~~~~~~~~~
E:/EmbeddedSystemKS/Unit_7_MCU_Essential_Peripherals/Drivers/Drivers/STM32F103C6_Drivers/Inc/STM32F103C6_GPIO_Driver.h:49:40: error: expected ')' before numeric constant
 #define  GPIO_PIN_1         ((unit16_t)0x0002) //Pin 1 Selected
                                        ^
../STM32F103C6_Drivers/GPIO/STM32F103C6_GPIO_Driver.c:17:7: note: in expansion of macro 'GPIO_PIN_1'
  case GPIO_PIN_1:
       ^~~~~~~~~~
E:/EmbeddedSystemKS/Unit_7_MCU_Essential_Peripherals/Drivers/Drivers/STM32F103C6_Drivers/Inc/STM32F103C6_GPIO_Driver.h:50:40: error: expected ')' before numeric constant
 #define  GPIO_PIN_2         ((unit16_t)0x0004) //Pin 2 Selected
                                        ^
../STM32F103C6_Drivers/GPIO/STM32F103C6_GPIO_Driver.c:20:7: note: in expansion of macro 'GPIO_PIN_2'
  case GPIO_PIN_2:
       ^~~~~~~~~~
E:/EmbeddedSystemKS/Unit_7_MCU_Essential_Peripherals/Drivers/Drivers/STM32F103C6_Drivers/Inc/STM32F103C6_GPIO_Driver.h:51:40: error: expected ')' before numeric constant
 #define  GPIO_PIN_3         ((unit16_t)0x0008) //Pin 3 Selected
                                        ^
../STM32F103C6_Drivers/GPIO/STM32F103C6_GPIO_Driver.c:23:7: note: in expansion of macro 'GPIO_PIN_3'
  case GPIO_PIN_3:
       ^~~~~~~~~~
E:/EmbeddedSystemKS/Unit_7_MCU_Essential_Peripherals/Drivers/Drivers/STM32F103C6_Drivers/Inc/STM32F103C6_GPIO_Driver.h:52:40: error: expected ')' before numeric constant
 #define  GPIO_PIN_4         ((unit16_t)0x0010) //Pin 4 Selected
                                        ^
../STM32F103C6_Drivers/GPIO/STM32F103C6_GPIO_Driver.c:26:7: note: in expansion of macro 'GPIO_PIN_4'
  case GPIO_PIN_4:
       ^~~~~~~~~~
E:/EmbeddedSystemKS/Unit_7_MCU_Essential_Peripherals/Drivers/Drivers/STM32F103C6_Drivers/Inc/STM32F103C6_GPIO_Driver.h:53:40: error: expected ')' before numeric constant
 #define  GPIO_PIN_5         ((unit16_t)0x0020) //Pin 5 Selected
                                        ^
../STM32F103C6_Drivers/GPIO/STM32F103C6_GPIO_Driver.c:29:7: note: in expansion of macro 'GPIO_PIN_5'
  case GPIO_PIN_5:
       ^~~~~~~~~~
E:/EmbeddedSystemKS/Unit_7_MCU_Essential_Peripherals/Drivers/Drivers/STM32F103C6_Drivers/Inc/STM32F103C6_GPIO_Driver.h:54:40: error: expected ')' before numeric constant
 #define  GPIO_PIN_6         ((unit16_t)0x0040) //Pin 6 Selected
                                        ^
../STM32F103C6_Drivers/GPIO/STM32F103C6_GPIO_Driver.c:32:7: note: in expansion of macro 'GPIO_PIN_6'
  case GPIO_PIN_6:
       ^~~~~~~~~~
E:/EmbeddedSystemKS/Unit_7_MCU_Essential_Peripherals/Drivers/Drivers/STM32F103C6_Drivers/Inc/STM32F103C6_GPIO_Driver.h:55:40: error: expected ')' before numeric constant
 #define  GPIO_PIN_7         ((unit16_t)0x0080) //Pin 7 Selected
                                        ^
../STM32F103C6_Drivers/GPIO/STM32F103C6_GPIO_Driver.c:35:7: note: in expansion of macro 'GPIO_PIN_7'
  case GPIO_PIN_7:
       ^~~~~~~~~~
E:/EmbeddedSystemKS/Unit_7_MCU_Essential_Peripherals/Drivers/Drivers/STM32F103C6_Drivers/Inc/STM32F103C6_GPIO_Driver.h:56:40: error: expected ')' before numeric constant
 #define  GPIO_PIN_8         ((unit16_t)0x0100) //Pin 8 Selected
                                        ^
../STM32F103C6_Drivers/GPIO/STM32F103C6_GPIO_Driver.c:40:7: note: in expansion of macro 'GPIO_PIN_8'
  case GPIO_PIN_8:
       ^~~~~~~~~~
E:/EmbeddedSystemKS/Unit_7_MCU_Essential_Peripherals/Drivers/Drivers/STM32F103C6_Drivers/Inc/STM32F103C6_GPIO_Driver.h:57:40: error: expected ')' before numeric constant
 #define  GPIO_PIN_9         ((unit16_t)0x0200) //Pin 9 Selected
                                        ^
../STM32F103C6_Drivers/GPIO/STM32F103C6_GPIO_Driver.c:43:7: note: in expansion of macro 'GPIO_PIN_9'
  case GPIO_PIN_9:
       ^~~~~~~~~~
E:/EmbeddedSystemKS/Unit_7_MCU_Essential_Peripherals/Drivers/Drivers/STM32F103C6_Drivers/Inc/STM32F103C6_GPIO_Driver.h:58:41: error: expected ')' before numeric constant
 #define  GPIO_PIN_10         ((unit16_t)0x0400) //Pin 10 Selected
                                         ^
../STM32F103C6_Drivers/GPIO/STM32F103C6_GPIO_Driver.c:46:7: note: in expansion of macro 'GPIO_PIN_10'
  case GPIO_PIN_10:
       ^~~~~~~~~~~
E:/EmbeddedSystemKS/Unit_7_MCU_Essential_Peripherals/Drivers/Drivers/STM32F103C6_Drivers/Inc/STM32F103C6_GPIO_Driver.h:59:40: error: expected ')' before numeric constant
 #define  GPIO_PIN_11        ((unit16_t)0x0800) //Pin 11 Selected
                                        ^
../STM32F103C6_Drivers/GPIO/STM32F103C6_GPIO_Driver.c:49:7: note: in expansion of macro 'GPIO_PIN_11'
  case GPIO_PIN_11:
       ^~~~~~~~~~~
E:/EmbeddedSystemKS/Unit_7_MCU_Essential_Peripherals/Drivers/Drivers/STM32F103C6_Drivers/Inc/STM32F103C6_GPIO_Driver.h:60:40: error: expected ')' before numeric constant
 #define  GPIO_PIN_12        ((unit16_t)0x1000) //Pin 12 Selected
                                        ^
../STM32F103C6_Drivers/GPIO/STM32F103C6_GPIO_Driver.c:52:7: note: in expansion of macro 'GPIO_PIN_12'
  case GPIO_PIN_12:
       ^~~~~~~~~~~
E:/EmbeddedSystemKS/Unit_7_MCU_Essential_Peripherals/Drivers/Drivers/STM32F103C6_Drivers/Inc/STM32F103C6_GPIO_Driver.h:61:40: error: expected ')' before numeric constant
 #define  GPIO_PIN_13        ((unit16_t)0x2000) //Pin 13 Selected
                                        ^
../STM32F103C6_Drivers/GPIO/STM32F103C6_GPIO_Driver.c:55:7: note: in expansion of macro 'GPIO_PIN_13'
  case GPIO_PIN_13:
       ^~~~~~~~~~~
E:/EmbeddedSystemKS/Unit_7_MCU_Essential_Peripherals/Drivers/Drivers/STM32F103C6_Drivers/Inc/STM32F103C6_GPIO_Driver.h:62:40: error: expected ')' before numeric constant
 #define  GPIO_PIN_14        ((unit16_t)0x4000) //Pin 14 Selected
                                        ^
../STM32F103C6_Drivers/GPIO/STM32F103C6_GPIO_Driver.c:58:7: note: in expansion of macro 'GPIO_PIN_14'
  case GPIO_PIN_14:
       ^~~~~~~~~~~
E:/EmbeddedSystemKS/Unit_7_MCU_Essential_Peripherals/Drivers/Drivers/STM32F103C6_Drivers/Inc/STM32F103C6_GPIO_Driver.h:63:40: error: expected ')' before numeric constant
 #define  GPIO_PIN_15        ((unit16_t)0x8000) //Pin 15 Selected
                                        ^
../STM32F103C6_Drivers/GPIO/STM32F103C6_GPIO_Driver.c:61:7: note: in expansion of macro 'GPIO_PIN_15'
  case GPIO_PIN_15:
       ^~~~~~~~~~~
../STM32F103C6_Drivers/GPIO/STM32F103C6_GPIO_Driver.c: In function 'MCAL_GPIO_Init':
E:/EmbeddedSystemKS/Unit_7_MCU_Essential_Peripherals/Drivers/Drivers/STM32F103C6_Drivers/Inc/STM32F103C6_GPIO_Driver.h:56:31: error: 'unit16_t' undeclared (first use in this function); did you mean 'uint16_t'?
 #define  GPIO_PIN_8         ((unit16_t)0x0100) //Pin 8 Selected
                               ^
../STM32F103C6_Drivers/GPIO/STM32F103C6_GPIO_Driver.c:89:43: note: in expansion of macro 'GPIO_PIN_8'
  configReg = (PinConfig->GPIO_PinNumber < GPIO_PIN_8) ? &GPIOx->CRL : &GPIOx->CRH ;
                                           ^~~~~~~~~~
E:/EmbeddedSystemKS/Unit_7_MCU_Essential_Peripherals/Drivers/Drivers/STM32F103C6_Drivers/Inc/STM32F103C6_GPIO_Driver.h:56:40: error: expected ')' before numeric constant
 #define  GPIO_PIN_8         ((unit16_t)0x0100) //Pin 8 Selected
                                        ^
../STM32F103C6_Drivers/GPIO/STM32F103C6_GPIO_Driver.c:89:43: note: in expansion of macro 'GPIO_PIN_8'
  configReg = (PinConfig->GPIO_PinNumber < GPIO_PIN_8) ? &GPIOx->CRL : &GPIOx->CRH ;
                                           ^~~~~~~~~~
../STM32F103C6_Drivers/GPIO/STM32F103C6_GPIO_Driver.c:87:21: warning: variable 'configReg' set but not used [-Wunused-but-set-variable]
  volatile uint32_t* configReg = NULL ;
                     ^~~~~~~~~
../STM32F103C6_Drivers/GPIO/STM32F103C6_GPIO_Driver.c: In function 'MCAL_GPIO_ReadPin':
../STM32F103C6_Drivers/GPIO/STM32F103C6_GPIO_Driver.c:129:1: warning: control reaches end of non-void function [-Wreturn-type]
 }
 ^
../STM32F103C6_Drivers/GPIO/STM32F103C6_GPIO_Driver.c: In function 'MCAL_GPIO_ReadPort':
../STM32F103C6_Drivers/GPIO/STM32F103C6_GPIO_Driver.c:144:1: warning: control reaches end of non-void function [-Wreturn-type]
 }
 ^
../STM32F103C6_Drivers/GPIO/STM32F103C6_GPIO_Driver.c: In function 'MCAL_GPIO_LockPin':
../STM32F103C6_Drivers/GPIO/STM32F103C6_GPIO_Driver.c:208:1: warning: control reaches end of non-void function [-Wreturn-type]
 }
 ^
make: *** [STM32F103C6_Drivers/GPIO/subdir.mk:18: STM32F103C6_Drivers/GPIO/STM32F103C6_GPIO_Driver.o] Error 1
make: *** Waiting for unfinished jobs....
"make -j4 all" terminated with exit code 2. Build might be incomplete.
17:02:58 **** Incremental Build of configuration Debug for project Drivers ****
make -j4 all 
arm-none-eabi-gcc -gdwarf -g2 "../Src/main.c" -mcpu=cortex-m3 -std=gnu11 -g3 -DSTM32 -DSTM32F1 -DSTM32F103C6Tx -DDEBUG -c -I"E:/EmbeddedSystemKS/Unit_7_MCU_Essential_Peripherals/Drivers/Drivers/STM32F103C6_Drivers/Inc" -I../Inc -O0 -ffunction-sections -fdata-sections -Wall -fstack-usage -MMD -MP -MF"Src/main.d" -MT"Src/main.o" --specs=nano.specs -mfloat-abi=soft -mthumb -o "Src/main.o"
arm-none-eabi-gcc -gdwarf -g2 "../STM32F103C6_Drivers/GPIO/STM32F103C6_GPIO_Driver.c" -mcpu=cortex-m3 -std=gnu11 -g3 -DSTM32 -DSTM32F1 -DSTM32F103C6Tx -DDEBUG -c -I"E:/EmbeddedSystemKS/Unit_7_MCU_Essential_Peripherals/Drivers/Drivers/STM32F103C6_Drivers/Inc" -I../Inc -O0 -ffunction-sections -fdata-sections -Wall -fstack-usage -MMD -MP -MF"STM32F103C6_Drivers/GPIO/STM32F103C6_GPIO_Driver.d" -MT"STM32F103C6_Drivers/GPIO/STM32F103C6_GPIO_Driver.o" --specs=nano.specs -mfloat-abi=soft -mthumb -o "STM32F103C6_Drivers/GPIO/STM32F103C6_GPIO_Driver.o"
../STM32F103C6_Drivers/GPIO/STM32F103C6_GPIO_Driver.c: In function 'MCAL_GPIO_Init':
../STM32F103C6_Drivers/GPIO/STM32F103C6_GPIO_Driver.c:87:21: warning: variable 'configReg' set but not used [-Wunused-but-set-variable]
  volatile uint32_t* configReg = NULL ;
                     ^~~~~~~~~
../STM32F103C6_Drivers/GPIO/STM32F103C6_GPIO_Driver.c: In function 'MCAL_GPIO_ReadPin':
../STM32F103C6_Drivers/GPIO/STM32F103C6_GPIO_Driver.c:129:1: warning: control reaches end of non-void function [-Wreturn-type]
 }
 ^
../STM32F103C6_Drivers/GPIO/STM32F103C6_GPIO_Driver.c: In function 'MCAL_GPIO_ReadPort':
../STM32F103C6_Drivers/GPIO/STM32F103C6_GPIO_Driver.c:144:1: warning: control reaches end of non-void function [-Wreturn-type]
 }
 ^
../STM32F103C6_Drivers/GPIO/STM32F103C6_GPIO_Driver.c: In function 'MCAL_GPIO_LockPin':
../STM32F103C6_Drivers/GPIO/STM32F103C6_GPIO_Driver.c:208:1: warning: control reaches end of non-void function [-Wreturn-type]
 }
 ^
arm-none-eabi-gcc -gdwarf -g2 -o "Drivers.elf" @"objects.list"   -mcpu=cortex-m3 -T"E:\EmbeddedSystemKS\Unit_7_MCU_Essential_Peripherals\Drivers\Drivers\STM32F103C6TX_FLASH.ld" --specs=nosys.specs -Wl,-Map="Drivers.map" -Wl,--gc-sections -static --specs=nano.specs -mfloat-abi=soft -mthumb -Wl,--start-group -lc -lm -Wl,--end-group
Finished building target: Drivers.elf
 
arm-none-eabi-objdump -h -S  Drivers.elf  > "Drivers.list"
arm-none-eabi-objcopy  -O binary  Drivers.elf  "Drivers.bin"
arm-none-eabi-size   Drivers.elf 
   text	   data	    bss	    dec	    hex	filename
    556	      8	   1568	   2132	    854	Drivers.elf
Finished building: default.size.stdout
Finished building: Drivers.list
Finished building: Drivers.bin
 
 
 
17:26:08 **** Incremental Build of configuration Debug for project Drivers ****
make -j4 all 
arm-none-eabi-gcc -gdwarf -g2 "../STM32F103C6_Drivers/GPIO/STM32F103C6_GPIO_Driver.c" -mcpu=cortex-m3 -std=gnu11 -g3 -DSTM32 -DSTM32F1 -DSTM32F103C6Tx -DDEBUG -c -I"E:/EmbeddedSystemKS/Unit_7_MCU_Essential_Peripherals/Drivers/Drivers/STM32F103C6_Drivers/Inc" -I../Inc -O0 -ffunction-sections -fdata-sections -Wall -fstack-usage -MMD -MP -MF"STM32F103C6_Drivers/GPIO/STM32F103C6_GPIO_Driver.d" -MT"STM32F103C6_Drivers/GPIO/STM32F103C6_GPIO_Driver.o" --specs=nano.specs -mfloat-abi=soft -mthumb -o "STM32F103C6_Drivers/GPIO/STM32F103C6_GPIO_Driver.o"
../STM32F103C6_Drivers/GPIO/STM32F103C6_GPIO_Driver.c: In function 'MCAL_GPIO_ReadPin':
../STM32F103C6_Drivers/GPIO/STM32F103C6_GPIO_Driver.c:167:1: warning: control reaches end of non-void function [-Wreturn-type]
 }
 ^
../STM32F103C6_Drivers/GPIO/STM32F103C6_GPIO_Driver.c: In function 'MCAL_GPIO_ReadPort':
../STM32F103C6_Drivers/GPIO/STM32F103C6_GPIO_Driver.c:182:1: warning: control reaches end of non-void function [-Wreturn-type]
 }
 ^
../STM32F103C6_Drivers/GPIO/STM32F103C6_GPIO_Driver.c: In function 'MCAL_GPIO_LockPin':
../STM32F103C6_Drivers/GPIO/STM32F103C6_GPIO_Driver.c:246:1: warning: control reaches end of non-void function [-Wreturn-type]
 }
 ^
arm-none-eabi-gcc -gdwarf -g2 -o "Drivers.elf" @"objects.list"   -mcpu=cortex-m3 -T"E:\EmbeddedSystemKS\Unit_7_MCU_Essential_Peripherals\Drivers\Drivers\STM32F103C6TX_FLASH.ld" --specs=nosys.specs -Wl,-Map="Drivers.map" -Wl,--gc-sections -static --specs=nano.specs -mfloat-abi=soft -mthumb -Wl,--start-group -lc -lm -Wl,--end-group
Finished building target: Drivers.elf
 
arm-none-eabi-objdump -h -S  Drivers.elf  > "Drivers.list"
arm-none-eabi-objcopy  -O binary  Drivers.elf  "Drivers.bin"
arm-none-eabi-size   Drivers.elf 
   text	   data	    bss	    dec	    hex	filename
    556	      8	   1568	   2132	    854	Drivers.elf
Finished building: default.size.stdout
 
Finished building: Drivers.list
Finished building: Drivers.bin
 
 
17:31:35 **** Incremental Build of configuration Debug for project Drivers ****
make -j4 all 
arm-none-eabi-gcc -gdwarf -g2 "../STM32F103C6_Drivers/GPIO/STM32F103C6_GPIO_Driver.c" -mcpu=cortex-m3 -std=gnu11 -g3 -DSTM32 -DSTM32F1 -DSTM32F103C6Tx -DDEBUG -c -I"E:/EmbeddedSystemKS/Unit_7_MCU_Essential_Peripherals/Drivers/Drivers/STM32F103C6_Drivers/Inc" -I../Inc -O0 -ffunction-sections -fdata-sections -Wall -fstack-usage -MMD -MP -MF"STM32F103C6_Drivers/GPIO/STM32F103C6_GPIO_Driver.d" -MT"STM32F103C6_Drivers/GPIO/STM32F103C6_GPIO_Driver.o" --specs=nano.specs -mfloat-abi=soft -mthumb -o "STM32F103C6_Drivers/GPIO/STM32F103C6_GPIO_Driver.o"
../STM32F103C6_Drivers/GPIO/STM32F103C6_GPIO_Driver.c: In function 'MCAL_GPIO_DeInit':
../STM32F103C6_Drivers/GPIO/STM32F103C6_GPIO_Driver.c:147:20: error: expected statement before ')' token
  if (GPIOx == GPIOA)
                    ^
In file included from E:/EmbeddedSystemKS/Unit_7_MCU_Essential_Peripherals/Drivers/Drivers/STM32F103C6_Drivers/Inc/STM32F103C6_GPIO_Driver.h:14:0,
                 from ../STM32F103C6_Drivers/GPIO/STM32F103C6_GPIO_Driver.c:7:
E:/EmbeddedSystemKS/Unit_7_MCU_Essential_Peripherals/Drivers/Drivers/STM32F103C6_Drivers/Inc/STM32F103C6.h:148:19: warning: statement with no effect [-Wunused-value]
 #define RCC       (RCC_TypeDef*)RCC_BASE)
                   ^
../STM32F103C6_Drivers/GPIO/STM32F103C6_GPIO_Driver.c:149:3: note: in expansion of macro 'RCC'
   RCC
   ^~~
E:/EmbeddedSystemKS/Unit_7_MCU_Essential_Peripherals/Drivers/Drivers/STM32F103C6_Drivers/Inc/STM32F103C6.h:148:41: error: expected ';' before ')' token
 #define RCC       (RCC_TypeDef*)RCC_BASE)
                                         ^
../STM32F103C6_Drivers/GPIO/STM32F103C6_GPIO_Driver.c:149:3: note: in expansion of macro 'RCC'
   RCC
   ^~~
E:/EmbeddedSystemKS/Unit_7_MCU_Essential_Peripherals/Drivers/Drivers/STM32F103C6_Drivers/Inc/STM32F103C6.h:148:41: error: expected statement before ')' token
 #define RCC       (RCC_TypeDef*)RCC_BASE)
                                         ^
../STM32F103C6_Drivers/GPIO/STM32F103C6_GPIO_Driver.c:149:3: note: in expansion of macro 'RCC'
   RCC
   ^~~
../STM32F103C6_Drivers/GPIO/STM32F103C6_GPIO_Driver.c:155:2: error: 'else' without a previous 'if'
  else if(GPIOx == GPIOB)
  ^~~~
../STM32F103C6_Drivers/GPIO/STM32F103C6_GPIO_Driver.c:155:24: error: expected statement before ')' token
  else if(GPIOx == GPIOB)
                        ^
../STM32F103C6_Drivers/GPIO/STM32F103C6_GPIO_Driver.c: In function 'MCAL_GPIO_ReadPin':
../STM32F103C6_Drivers/GPIO/STM32F103C6_GPIO_Driver.c:176:1: warning: control reaches end of non-void function [-Wreturn-type]
 }
 ^
../STM32F103C6_Drivers/GPIO/STM32F103C6_GPIO_Driver.c: In function 'MCAL_GPIO_ReadPort':
../STM32F103C6_Drivers/GPIO/STM32F103C6_GPIO_Driver.c:191:1: warning: control reaches end of non-void function [-Wreturn-type]
 }
 ^
../STM32F103C6_Drivers/GPIO/STM32F103C6_GPIO_Driver.c: In function 'MCAL_GPIO_LockPin':
../STM32F103C6_Drivers/GPIO/STM32F103C6_GPIO_Driver.c:255:1: warning: control reaches end of non-void function [-Wreturn-type]
 }
 ^
make: *** [STM32F103C6_Drivers/GPIO/subdir.mk:18: STM32F103C6_Drivers/GPIO/STM32F103C6_GPIO_Driver.o] Error 1
"make -j4 all" terminated with exit code 2. Build might be incomplete.
17:31:59 **** Incremental Build of configuration Debug for project Drivers ****
make -j4 all 
arm-none-eabi-gcc -gdwarf -g2 "../STM32F103C6_Drivers/GPIO/STM32F103C6_GPIO_Driver.c" -mcpu=cortex-m3 -std=gnu11 -g3 -DSTM32 -DSTM32F1 -DSTM32F103C6Tx -DDEBUG -c -I"E:/EmbeddedSystemKS/Unit_7_MCU_Essential_Peripherals/Drivers/Drivers/STM32F103C6_Drivers/Inc" -I../Inc -O0 -ffunction-sections -fdata-sections -Wall -fstack-usage -MMD -MP -MF"STM32F103C6_Drivers/GPIO/STM32F103C6_GPIO_Driver.d" -MT"STM32F103C6_Drivers/GPIO/STM32F103C6_GPIO_Driver.o" --specs=nano.specs -mfloat-abi=soft -mthumb -o "STM32F103C6_Drivers/GPIO/STM32F103C6_GPIO_Driver.o"
../STM32F103C6_Drivers/GPIO/STM32F103C6_GPIO_Driver.c: In function 'MCAL_GPIO_DeInit':
../STM32F103C6_Drivers/GPIO/STM32F103C6_GPIO_Driver.c:147:19: error: expected statement before ')' token
  if(GPIOx == GPIOA)
                   ^
../STM32F103C6_Drivers/GPIO/STM32F103C6_GPIO_Driver.c:154:2: error: 'else' without a previous 'if'
  else if(GPIOx == GPIOB)
  ^~~~
../STM32F103C6_Drivers/GPIO/STM32F103C6_GPIO_Driver.c:154:24: error: expected statement before ')' token
  else if(GPIOx == GPIOB)
                        ^
../STM32F103C6_Drivers/GPIO/STM32F103C6_GPIO_Driver.c:158:2: error: 'else' without a previous 'if'
  else
  ^~~~
../STM32F103C6_Drivers/GPIO/STM32F103C6_GPIO_Driver.c: In function 'MCAL_GPIO_ReadPin':
../STM32F103C6_Drivers/GPIO/STM32F103C6_GPIO_Driver.c:179:1: warning: control reaches end of non-void function [-Wreturn-type]
 }
 ^
../STM32F103C6_Drivers/GPIO/STM32F103C6_GPIO_Driver.c: In function 'MCAL_GPIO_ReadPort':
../STM32F103C6_Drivers/GPIO/STM32F103C6_GPIO_Driver.c:194:1: warning: control reaches end of non-void function [-Wreturn-type]
 }
 ^
../STM32F103C6_Drivers/GPIO/STM32F103C6_GPIO_Driver.c: In function 'MCAL_GPIO_LockPin':
../STM32F103C6_Drivers/GPIO/STM32F103C6_GPIO_Driver.c:258:1: warning: control reaches end of non-void function [-Wreturn-type]
 }
 ^
make: *** [STM32F103C6_Drivers/GPIO/subdir.mk:18: STM32F103C6_Drivers/GPIO/STM32F103C6_GPIO_Driver.o] Error 1
"make -j4 all" terminated with exit code 2. Build might be incomplete.
17:32:17 **** Incremental Build of configuration Debug for project Drivers ****
make -j4 all 
arm-none-eabi-gcc -gdwarf -g2 "../STM32F103C6_Drivers/GPIO/STM32F103C6_GPIO_Driver.c" -mcpu=cortex-m3 -std=gnu11 -g3 -DSTM32 -DSTM32F1 -DSTM32F103C6Tx -DDEBUG -c -I"E:/EmbeddedSystemKS/Unit_7_MCU_Essential_Peripherals/Drivers/Drivers/STM32F103C6_Drivers/Inc" -I../Inc -O0 -ffunction-sections -fdata-sections -Wall -fstack-usage -MMD -MP -MF"STM32F103C6_Drivers/GPIO/STM32F103C6_GPIO_Driver.d" -MT"STM32F103C6_Drivers/GPIO/STM32F103C6_GPIO_Driver.o" --specs=nano.specs -mfloat-abi=soft -mthumb -o "STM32F103C6_Drivers/GPIO/STM32F103C6_GPIO_Driver.o"
../STM32F103C6_Drivers/GPIO/STM32F103C6_GPIO_Driver.c: In function 'MCAL_GPIO_ReadPin':
../STM32F103C6_Drivers/GPIO/STM32F103C6_GPIO_Driver.c:165:1: warning: control reaches end of non-void function [-Wreturn-type]
 }
 ^
../STM32F103C6_Drivers/GPIO/STM32F103C6_GPIO_Driver.c: In function 'MCAL_GPIO_ReadPort':
../STM32F103C6_Drivers/GPIO/STM32F103C6_GPIO_Driver.c:180:1: warning: control reaches end of non-void function [-Wreturn-type]
 }
 ^
../STM32F103C6_Drivers/GPIO/STM32F103C6_GPIO_Driver.c: In function 'MCAL_GPIO_LockPin':
../STM32F103C6_Drivers/GPIO/STM32F103C6_GPIO_Driver.c:244:1: warning: control reaches end of non-void function [-Wreturn-type]
 }
 ^
arm-none-eabi-gcc -gdwarf -g2 -o "Drivers.elf" @"objects.list"   -mcpu=cortex-m3 -T"E:\EmbeddedSystemKS\Unit_7_MCU_Essential_Peripherals\Drivers\Drivers\STM32F103C6TX_FLASH.ld" --specs=nosys.specs -Wl,-Map="Drivers.map" -Wl,--gc-sections -static --specs=nano.specs -mfloat-abi=soft -mthumb -Wl,--start-group -lc -lm -Wl,--end-group
Finished building target: Drivers.elf
 
arm-none-eabi-objdump -h -S  Drivers.elf  > "Drivers.list"
arm-none-eabi-objcopy  -O binary  Drivers.elf  "Drivers.bin"
arm-none-eabi-size   Drivers.elf 
   text	   data	    bss	    dec	    hex	filename
    556	      8	   1568	   2132	    854	Drivers.elf
Finished building: default.size.stdout
Finished building: Drivers.list
Finished building: Drivers.bin
 
 
 
17:33:06 **** Incremental Build of configuration Debug for project Drivers ****
make -j4 all 
arm-none-eabi-gcc -gdwarf -g2 "../STM32F103C6_Drivers/GPIO/STM32F103C6_GPIO_Driver.c" -mcpu=cortex-m3 -std=gnu11 -g3 -DSTM32 -DSTM32F1 -DSTM32F103C6Tx -DDEBUG -c -I"E:/EmbeddedSystemKS/Unit_7_MCU_Essential_Peripherals/Drivers/Drivers/STM32F103C6_Drivers/Inc" -I../Inc -O0 -ffunction-sections -fdata-sections -Wall -fstack-usage -MMD -MP -MF"STM32F103C6_Drivers/GPIO/STM32F103C6_GPIO_Driver.d" -MT"STM32F103C6_Drivers/GPIO/STM32F103C6_GPIO_Driver.o" --specs=nano.specs -mfloat-abi=soft -mthumb -o "STM32F103C6_Drivers/GPIO/STM32F103C6_GPIO_Driver.o"
../STM32F103C6_Drivers/GPIO/STM32F103C6_GPIO_Driver.c: In function 'MCAL_GPIO_DeInit':
../STM32F103C6_Drivers/GPIO/STM32F103C6_GPIO_Driver.c:147:19: error: expected statement before ')' token
  if(GPIOx == GPIOA)
                   ^
../STM32F103C6_Drivers/GPIO/STM32F103C6_GPIO_Driver.c: In function 'MCAL_GPIO_ReadPin':
../STM32F103C6_Drivers/GPIO/STM32F103C6_GPIO_Driver.c:168:1: warning: control reaches end of non-void function [-Wreturn-type]
 }
 ^
../STM32F103C6_Drivers/GPIO/STM32F103C6_GPIO_Driver.c: In function 'MCAL_GPIO_ReadPort':
../STM32F103C6_Drivers/GPIO/STM32F103C6_GPIO_Driver.c:183:1: warning: control reaches end of non-void function [-Wreturn-type]
 }
 ^
../STM32F103C6_Drivers/GPIO/STM32F103C6_GPIO_Driver.c: In function 'MCAL_GPIO_LockPin':
../STM32F103C6_Drivers/GPIO/STM32F103C6_GPIO_Driver.c:247:1: warning: control reaches end of non-void function [-Wreturn-type]
 }
 ^
make: *** [STM32F103C6_Drivers/GPIO/subdir.mk:18: STM32F103C6_Drivers/GPIO/STM32F103C6_GPIO_Driver.o] Error 1
"make -j4 all" terminated with exit code 2. Build might be incomplete.
17:33:17 **** Incremental Build of configuration Debug for project Drivers ****
make -j4 all 
arm-none-eabi-gcc -gdwarf -g2 "../STM32F103C6_Drivers/GPIO/STM32F103C6_GPIO_Driver.c" -mcpu=cortex-m3 -std=gnu11 -g3 -DSTM32 -DSTM32F1 -DSTM32F103C6Tx -DDEBUG -c -I"E:/EmbeddedSystemKS/Unit_7_MCU_Essential_Peripherals/Drivers/Drivers/STM32F103C6_Drivers/Inc" -I../Inc -O0 -ffunction-sections -fdata-sections -Wall -fstack-usage -MMD -MP -MF"STM32F103C6_Drivers/GPIO/STM32F103C6_GPIO_Driver.d" -MT"STM32F103C6_Drivers/GPIO/STM32F103C6_GPIO_Driver.o" --specs=nano.specs -mfloat-abi=soft -mthumb -o "STM32F103C6_Drivers/GPIO/STM32F103C6_GPIO_Driver.o"
../STM32F103C6_Drivers/GPIO/STM32F103C6_GPIO_Driver.c: In function 'MCAL_GPIO_DeInit':
../STM32F103C6_Drivers/GPIO/STM32F103C6_GPIO_Driver.c:147:22: error: expected statement before ')' token
  if( (GPIOx) == GPIOA)
                      ^
../STM32F103C6_Drivers/GPIO/STM32F103C6_GPIO_Driver.c: In function 'MCAL_GPIO_ReadPin':
../STM32F103C6_Drivers/GPIO/STM32F103C6_GPIO_Driver.c:168:1: warning: control reaches end of non-void function [-Wreturn-type]
 }
 ^
../STM32F103C6_Drivers/GPIO/STM32F103C6_GPIO_Driver.c: In function 'MCAL_GPIO_ReadPort':
../STM32F103C6_Drivers/GPIO/STM32F103C6_GPIO_Driver.c:183:1: warning: control reaches end of non-void function [-Wreturn-type]
 }
 ^
../STM32F103C6_Drivers/GPIO/STM32F103C6_GPIO_Driver.c: In function 'MCAL_GPIO_LockPin':
../STM32F103C6_Drivers/GPIO/STM32F103C6_GPIO_Driver.c:247:1: warning: control reaches end of non-void function [-Wreturn-type]
 }
 ^
make: *** [STM32F103C6_Drivers/GPIO/subdir.mk:18: STM32F103C6_Drivers/GPIO/STM32F103C6_GPIO_Driver.o] Error 1
"make -j4 all" terminated with exit code 2. Build might be incomplete.
17:33:50 **** Incremental Build of configuration Debug for project Drivers ****
make -j4 all 
arm-none-eabi-gcc -gdwarf -g2 "../STM32F103C6_Drivers/GPIO/STM32F103C6_GPIO_Driver.c" -mcpu=cortex-m3 -std=gnu11 -g3 -DSTM32 -DSTM32F1 -DSTM32F103C6Tx -DDEBUG -c -I"E:/EmbeddedSystemKS/Unit_7_MCU_Essential_Peripherals/Drivers/Drivers/STM32F103C6_Drivers/Inc" -I../Inc -O0 -ffunction-sections -fdata-sections -Wall -fstack-usage -MMD -MP -MF"STM32F103C6_Drivers/GPIO/STM32F103C6_GPIO_Driver.d" -MT"STM32F103C6_Drivers/GPIO/STM32F103C6_GPIO_Driver.o" --specs=nano.specs -mfloat-abi=soft -mthumb -o "STM32F103C6_Drivers/GPIO/STM32F103C6_GPIO_Driver.o"
../STM32F103C6_Drivers/GPIO/STM32F103C6_GPIO_Driver.c: In function 'MCAL_GPIO_DeInit':
../STM32F103C6_Drivers/GPIO/STM32F103C6_GPIO_Driver.c:147:25: error: expected statement before ')' token
  if( (GPIOx) == (GPIOA) )
                         ^
../STM32F103C6_Drivers/GPIO/STM32F103C6_GPIO_Driver.c: In function 'MCAL_GPIO_ReadPin':
../STM32F103C6_Drivers/GPIO/STM32F103C6_GPIO_Driver.c:168:1: warning: control reaches end of non-void function [-Wreturn-type]
 }
 ^
../STM32F103C6_Drivers/GPIO/STM32F103C6_GPIO_Driver.c: In function 'MCAL_GPIO_ReadPort':
../STM32F103C6_Drivers/GPIO/STM32F103C6_GPIO_Driver.c:183:1: warning: control reaches end of non-void function [-Wreturn-type]
 }
 ^
../STM32F103C6_Drivers/GPIO/STM32F103C6_GPIO_Driver.c: In function 'MCAL_GPIO_LockPin':
../STM32F103C6_Drivers/GPIO/STM32F103C6_GPIO_Driver.c:247:1: warning: control reaches end of non-void function [-Wreturn-type]
 }
 ^
make: *** [STM32F103C6_Drivers/GPIO/subdir.mk:18: STM32F103C6_Drivers/GPIO/STM32F103C6_GPIO_Driver.o] Error 1
"make -j4 all" terminated with exit code 2. Build might be incomplete.
17:34:06 **** Incremental Build of configuration Debug for project Drivers ****
make -j4 all 
arm-none-eabi-gcc -gdwarf -g2 "../STM32F103C6_Drivers/GPIO/STM32F103C6_GPIO_Driver.c" -mcpu=cortex-m3 -std=gnu11 -g3 -DSTM32 -DSTM32F1 -DSTM32F103C6Tx -DDEBUG -c -I"E:/EmbeddedSystemKS/Unit_7_MCU_Essential_Peripherals/Drivers/Drivers/STM32F103C6_Drivers/Inc" -I../Inc -O0 -ffunction-sections -fdata-sections -Wall -fstack-usage -MMD -MP -MF"STM32F103C6_Drivers/GPIO/STM32F103C6_GPIO_Driver.d" -MT"STM32F103C6_Drivers/GPIO/STM32F103C6_GPIO_Driver.o" --specs=nano.specs -mfloat-abi=soft -mthumb -o "STM32F103C6_Drivers/GPIO/STM32F103C6_GPIO_Driver.o"
../STM32F103C6_Drivers/GPIO/STM32F103C6_GPIO_Driver.c: In function 'MCAL_GPIO_DeInit':
../STM32F103C6_Drivers/GPIO/STM32F103C6_GPIO_Driver.c:147:21: error: expected statement before ')' token
  if( GPIOx == GPIOA )
                     ^
../STM32F103C6_Drivers/GPIO/STM32F103C6_GPIO_Driver.c: In function 'MCAL_GPIO_ReadPin':
../STM32F103C6_Drivers/GPIO/STM32F103C6_GPIO_Driver.c:168:1: warning: control reaches end of non-void function [-Wreturn-type]
 }
 ^
../STM32F103C6_Drivers/GPIO/STM32F103C6_GPIO_Driver.c: In function 'MCAL_GPIO_ReadPort':
../STM32F103C6_Drivers/GPIO/STM32F103C6_GPIO_Driver.c:183:1: warning: control reaches end of non-void function [-Wreturn-type]
 }
 ^
../STM32F103C6_Drivers/GPIO/STM32F103C6_GPIO_Driver.c: In function 'MCAL_GPIO_LockPin':
../STM32F103C6_Drivers/GPIO/STM32F103C6_GPIO_Driver.c:247:1: warning: control reaches end of non-void function [-Wreturn-type]
 }
 ^
make: *** [STM32F103C6_Drivers/GPIO/subdir.mk:18: STM32F103C6_Drivers/GPIO/STM32F103C6_GPIO_Driver.o] Error 1
"make -j4 all" terminated with exit code 2. Build might be incomplete.
17:34:30 **** Incremental Build of configuration Debug for project Drivers ****
make -j4 all 
arm-none-eabi-gcc -gdwarf -g2 "../STM32F103C6_Drivers/GPIO/STM32F103C6_GPIO_Driver.c" -mcpu=cortex-m3 -std=gnu11 -g3 -DSTM32 -DSTM32F1 -DSTM32F103C6Tx -DDEBUG -c -I"E:/EmbeddedSystemKS/Unit_7_MCU_Essential_Peripherals/Drivers/Drivers/STM32F103C6_Drivers/Inc" -I../Inc -O0 -ffunction-sections -fdata-sections -Wall -fstack-usage -MMD -MP -MF"STM32F103C6_Drivers/GPIO/STM32F103C6_GPIO_Driver.d" -MT"STM32F103C6_Drivers/GPIO/STM32F103C6_GPIO_Driver.o" --specs=nano.specs -mfloat-abi=soft -mthumb -o "STM32F103C6_Drivers/GPIO/STM32F103C6_GPIO_Driver.o"
../STM32F103C6_Drivers/GPIO/STM32F103C6_GPIO_Driver.c: In function 'MCAL_GPIO_ReadPin':
../STM32F103C6_Drivers/GPIO/STM32F103C6_GPIO_Driver.c:166:1: warning: control reaches end of non-void function [-Wreturn-type]
 }
 ^
../STM32F103C6_Drivers/GPIO/STM32F103C6_GPIO_Driver.c: In function 'MCAL_GPIO_ReadPort':
../STM32F103C6_Drivers/GPIO/STM32F103C6_GPIO_Driver.c:181:1: warning: control reaches end of non-void function [-Wreturn-type]
 }
 ^
../STM32F103C6_Drivers/GPIO/STM32F103C6_GPIO_Driver.c: In function 'MCAL_GPIO_LockPin':
../STM32F103C6_Drivers/GPIO/STM32F103C6_GPIO_Driver.c:245:1: warning: control reaches end of non-void function [-Wreturn-type]
 }
 ^
arm-none-eabi-gcc -gdwarf -g2 -o "Drivers.elf" @"objects.list"   -mcpu=cortex-m3 -T"E:\EmbeddedSystemKS\Unit_7_MCU_Essential_Peripherals\Drivers\Drivers\STM32F103C6TX_FLASH.ld" --specs=nosys.specs -Wl,-Map="Drivers.map" -Wl,--gc-sections -static --specs=nano.specs -mfloat-abi=soft -mthumb -Wl,--start-group -lc -lm -Wl,--end-group
Finished building target: Drivers.elf
 
arm-none-eabi-objdump -h -S  Drivers.elf  > "Drivers.list"
arm-none-eabi-objcopy  -O binary  Drivers.elf  "Drivers.bin"
arm-none-eabi-size   Drivers.elf 
   text	   data	    bss	    dec	    hex	filename
    556	      8	   1568	   2132	    854	Drivers.elf
Finished building: default.size.stdout
Finished building: Drivers.list
 
Finished building: Drivers.bin
 
 
17:34:54 **** Incremental Build of configuration Debug for project Drivers ****
make -j4 all 
arm-none-eabi-gcc -gdwarf -g2 "../STM32F103C6_Drivers/GPIO/STM32F103C6_GPIO_Driver.c" -mcpu=cortex-m3 -std=gnu11 -g3 -DSTM32 -DSTM32F1 -DSTM32F103C6Tx -DDEBUG -c -I"E:/EmbeddedSystemKS/Unit_7_MCU_Essential_Peripherals/Drivers/Drivers/STM32F103C6_Drivers/Inc" -I../Inc -O0 -ffunction-sections -fdata-sections -Wall -fstack-usage -MMD -MP -MF"STM32F103C6_Drivers/GPIO/STM32F103C6_GPIO_Driver.d" -MT"STM32F103C6_Drivers/GPIO/STM32F103C6_GPIO_Driver.o" --specs=nano.specs -mfloat-abi=soft -mthumb -o "STM32F103C6_Drivers/GPIO/STM32F103C6_GPIO_Driver.o"
../STM32F103C6_Drivers/GPIO/STM32F103C6_GPIO_Driver.c: In function 'MCAL_GPIO_DeInit':
../STM32F103C6_Drivers/GPIO/STM32F103C6_GPIO_Driver.c:149:1: error: expected expression before '}' token
 }
 ^
../STM32F103C6_Drivers/GPIO/STM32F103C6_GPIO_Driver.c: In function 'MCAL_GPIO_ReadPin':
../STM32F103C6_Drivers/GPIO/STM32F103C6_GPIO_Driver.c:166:1: warning: control reaches end of non-void function [-Wreturn-type]
 }
 ^
../STM32F103C6_Drivers/GPIO/STM32F103C6_GPIO_Driver.c: In function 'MCAL_GPIO_ReadPort':
../STM32F103C6_Drivers/GPIO/STM32F103C6_GPIO_Driver.c:181:1: warning: control reaches end of non-void function [-Wreturn-type]
 }
 ^
../STM32F103C6_Drivers/GPIO/STM32F103C6_GPIO_Driver.c: In function 'MCAL_GPIO_LockPin':
../STM32F103C6_Drivers/GPIO/STM32F103C6_GPIO_Driver.c:245:1: warning: control reaches end of non-void function [-Wreturn-type]
 }
 ^
make: *** [STM32F103C6_Drivers/GPIO/subdir.mk:18: STM32F103C6_Drivers/GPIO/STM32F103C6_GPIO_Driver.o] Error 1
"make -j4 all" terminated with exit code 2. Build might be incomplete.
17:35:01 **** Incremental Build of configuration Debug for project Drivers ****
make -j4 all 
arm-none-eabi-gcc -gdwarf -g2 "../STM32F103C6_Drivers/GPIO/STM32F103C6_GPIO_Driver.c" -mcpu=cortex-m3 -std=gnu11 -g3 -DSTM32 -DSTM32F1 -DSTM32F103C6Tx -DDEBUG -c -I"E:/EmbeddedSystemKS/Unit_7_MCU_Essential_Peripherals/Drivers/Drivers/STM32F103C6_Drivers/Inc" -I../Inc -O0 -ffunction-sections -fdata-sections -Wall -fstack-usage -MMD -MP -MF"STM32F103C6_Drivers/GPIO/STM32F103C6_GPIO_Driver.d" -MT"STM32F103C6_Drivers/GPIO/STM32F103C6_GPIO_Driver.o" --specs=nano.specs -mfloat-abi=soft -mthumb -o "STM32F103C6_Drivers/GPIO/STM32F103C6_GPIO_Driver.o"
../STM32F103C6_Drivers/GPIO/STM32F103C6_GPIO_Driver.c: In function 'MCAL_GPIO_ReadPin':
../STM32F103C6_Drivers/GPIO/STM32F103C6_GPIO_Driver.c:166:1: warning: control reaches end of non-void function [-Wreturn-type]
 }
 ^
../STM32F103C6_Drivers/GPIO/STM32F103C6_GPIO_Driver.c: In function 'MCAL_GPIO_ReadPort':
../STM32F103C6_Drivers/GPIO/STM32F103C6_GPIO_Driver.c:181:1: warning: control reaches end of non-void function [-Wreturn-type]
 }
 ^
../STM32F103C6_Drivers/GPIO/STM32F103C6_GPIO_Driver.c: In function 'MCAL_GPIO_LockPin':
../STM32F103C6_Drivers/GPIO/STM32F103C6_GPIO_Driver.c:245:1: warning: control reaches end of non-void function [-Wreturn-type]
 }
 ^
arm-none-eabi-gcc -gdwarf -g2 -o "Drivers.elf" @"objects.list"   -mcpu=cortex-m3 -T"E:\EmbeddedSystemKS\Unit_7_MCU_Essential_Peripherals\Drivers\Drivers\STM32F103C6TX_FLASH.ld" --specs=nosys.specs -Wl,-Map="Drivers.map" -Wl,--gc-sections -static --specs=nano.specs -mfloat-abi=soft -mthumb -Wl,--start-group -lc -lm -Wl,--end-group
Finished building target: Drivers.elf
 
arm-none-eabi-objdump -h -S  Drivers.elf  > "Drivers.list"
arm-none-eabi-objcopy  -O binary  Drivers.elf  "Drivers.bin"
arm-none-eabi-size   Drivers.elf 
   text	   data	    bss	    dec	    hex	filename
    556	      8	   1568	   2132	    854	Drivers.elf
Finished building: default.size.stdout
 
Finished building: Drivers.bin
Finished building: Drivers.list
 
 
17:35:10 **** Incremental Build of configuration Debug for project Drivers ****
make -j4 all 
arm-none-eabi-gcc -gdwarf -g2 "../STM32F103C6_Drivers/GPIO/STM32F103C6_GPIO_Driver.c" -mcpu=cortex-m3 -std=gnu11 -g3 -DSTM32 -DSTM32F1 -DSTM32F103C6Tx -DDEBUG -c -I"E:/EmbeddedSystemKS/Unit_7_MCU_Essential_Peripherals/Drivers/Drivers/STM32F103C6_Drivers/Inc" -I../Inc -O0 -ffunction-sections -fdata-sections -Wall -fstack-usage -MMD -MP -MF"STM32F103C6_Drivers/GPIO/STM32F103C6_GPIO_Driver.d" -MT"STM32F103C6_Drivers/GPIO/STM32F103C6_GPIO_Driver.o" --specs=nano.specs -mfloat-abi=soft -mthumb -o "STM32F103C6_Drivers/GPIO/STM32F103C6_GPIO_Driver.o"
../STM32F103C6_Drivers/GPIO/STM32F103C6_GPIO_Driver.c: In function 'MCAL_GPIO_DeInit':
../STM32F103C6_Drivers/GPIO/STM32F103C6_GPIO_Driver.c:147:17: error: expected statement before ')' token
  if(GPIOx==GPIOA);
                 ^
../STM32F103C6_Drivers/GPIO/STM32F103C6_GPIO_Driver.c: In function 'MCAL_GPIO_ReadPin':
../STM32F103C6_Drivers/GPIO/STM32F103C6_GPIO_Driver.c:166:1: warning: control reaches end of non-void function [-Wreturn-type]
 }
 ^
../STM32F103C6_Drivers/GPIO/STM32F103C6_GPIO_Driver.c: In function 'MCAL_GPIO_ReadPort':
../STM32F103C6_Drivers/GPIO/STM32F103C6_GPIO_Driver.c:181:1: warning: control reaches end of non-void function [-Wreturn-type]
 }
 ^
../STM32F103C6_Drivers/GPIO/STM32F103C6_GPIO_Driver.c: In function 'MCAL_GPIO_LockPin':
../STM32F103C6_Drivers/GPIO/STM32F103C6_GPIO_Driver.c:245:1: warning: control reaches end of non-void function [-Wreturn-type]
 }
 ^
make: *** [STM32F103C6_Drivers/GPIO/subdir.mk:18: STM32F103C6_Drivers/GPIO/STM32F103C6_GPIO_Driver.o] Error 1
"make -j4 all" terminated with exit code 2. Build might be incomplete.
17:35:17 **** Incremental Build of configuration Debug for project Drivers ****
make -j4 all 
arm-none-eabi-gcc -gdwarf -g2 "../STM32F103C6_Drivers/GPIO/STM32F103C6_GPIO_Driver.c" -mcpu=cortex-m3 -std=gnu11 -g3 -DSTM32 -DSTM32F1 -DSTM32F103C6Tx -DDEBUG -c -I"E:/EmbeddedSystemKS/Unit_7_MCU_Essential_Peripherals/Drivers/Drivers/STM32F103C6_Drivers/Inc" -I../Inc -O0 -ffunction-sections -fdata-sections -Wall -fstack-usage -MMD -MP -MF"STM32F103C6_Drivers/GPIO/STM32F103C6_GPIO_Driver.d" -MT"STM32F103C6_Drivers/GPIO/STM32F103C6_GPIO_Driver.o" --specs=nano.specs -mfloat-abi=soft -mthumb -o "STM32F103C6_Drivers/GPIO/STM32F103C6_GPIO_Driver.o"
../STM32F103C6_Drivers/GPIO/STM32F103C6_GPIO_Driver.c: In function 'MCAL_GPIO_DeInit':
../STM32F103C6_Drivers/GPIO/STM32F103C6_GPIO_Driver.c:147:17: error: expected statement before ')' token
  if(GPIOx==GPIOA));
                 ^
../STM32F103C6_Drivers/GPIO/STM32F103C6_GPIO_Driver.c:147:2: warning: this 'if' clause does not guard... [-Wmisleading-indentation]
  if(GPIOx==GPIOA));
  ^~
../STM32F103C6_Drivers/GPIO/STM32F103C6_GPIO_Driver.c:147:18: note: ...this statement, but the latter is misleadingly indented as if it were guarded by the 'if'
  if(GPIOx==GPIOA));
                  ^
../STM32F103C6_Drivers/GPIO/STM32F103C6_GPIO_Driver.c:147:18: error: expected statement before ')' token
../STM32F103C6_Drivers/GPIO/STM32F103C6_GPIO_Driver.c: In function 'MCAL_GPIO_ReadPin':
../STM32F103C6_Drivers/GPIO/STM32F103C6_GPIO_Driver.c:166:1: warning: control reaches end of non-void function [-Wreturn-type]
 }
 ^
../STM32F103C6_Drivers/GPIO/STM32F103C6_GPIO_Driver.c: In function 'MCAL_GPIO_ReadPort':
../STM32F103C6_Drivers/GPIO/STM32F103C6_GPIO_Driver.c:181:1: warning: control reaches end of non-void function [-Wreturn-type]
 }
 ^
../STM32F103C6_Drivers/GPIO/STM32F103C6_GPIO_Driver.c: In function 'MCAL_GPIO_LockPin':
../STM32F103C6_Drivers/GPIO/STM32F103C6_GPIO_Driver.c:245:1: warning: control reaches end of non-void function [-Wreturn-type]
 }
 ^
make: *** [STM32F103C6_Drivers/GPIO/subdir.mk:18: STM32F103C6_Drivers/GPIO/STM32F103C6_GPIO_Driver.o] Error 1
"make -j4 all" terminated with exit code 2. Build might be incomplete.
17:35:45 **** Incremental Build of configuration Debug for project Drivers ****
make -j4 all 
arm-none-eabi-gcc -gdwarf -g2 "../Src/main.c" -mcpu=cortex-m3 -std=gnu11 -g3 -DSTM32 -DSTM32F1 -DSTM32F103C6Tx -DDEBUG -c -I"E:/EmbeddedSystemKS/Unit_7_MCU_Essential_Peripherals/Drivers/Drivers/STM32F103C6_Drivers/Inc" -I../Inc -O0 -ffunction-sections -fdata-sections -Wall -fstack-usage -MMD -MP -MF"Src/main.d" -MT"Src/main.o" --specs=nano.specs -mfloat-abi=soft -mthumb -o "Src/main.o"
arm-none-eabi-gcc -gdwarf -g2 "../STM32F103C6_Drivers/GPIO/STM32F103C6_GPIO_Driver.c" -mcpu=cortex-m3 -std=gnu11 -g3 -DSTM32 -DSTM32F1 -DSTM32F103C6Tx -DDEBUG -c -I"E:/EmbeddedSystemKS/Unit_7_MCU_Essential_Peripherals/Drivers/Drivers/STM32F103C6_Drivers/Inc" -I../Inc -O0 -ffunction-sections -fdata-sections -Wall -fstack-usage -MMD -MP -MF"STM32F103C6_Drivers/GPIO/STM32F103C6_GPIO_Driver.d" -MT"STM32F103C6_Drivers/GPIO/STM32F103C6_GPIO_Driver.o" --specs=nano.specs -mfloat-abi=soft -mthumb -o "STM32F103C6_Drivers/GPIO/STM32F103C6_GPIO_Driver.o"
../STM32F103C6_Drivers/GPIO/STM32F103C6_GPIO_Driver.c: In function 'MCAL_GPIO_ReadPin':
../STM32F103C6_Drivers/GPIO/STM32F103C6_GPIO_Driver.c:166:1: warning: control reaches end of non-void function [-Wreturn-type]
 }
 ^
../STM32F103C6_Drivers/GPIO/STM32F103C6_GPIO_Driver.c: In function 'MCAL_GPIO_ReadPort':
../STM32F103C6_Drivers/GPIO/STM32F103C6_GPIO_Driver.c:181:1: warning: control reaches end of non-void function [-Wreturn-type]
 }
 ^
../STM32F103C6_Drivers/GPIO/STM32F103C6_GPIO_Driver.c: In function 'MCAL_GPIO_LockPin':
../STM32F103C6_Drivers/GPIO/STM32F103C6_GPIO_Driver.c:245:1: warning: control reaches end of non-void function [-Wreturn-type]
 }
 ^
arm-none-eabi-gcc -gdwarf -g2 -o "Drivers.elf" @"objects.list"   -mcpu=cortex-m3 -T"E:\EmbeddedSystemKS\Unit_7_MCU_Essential_Peripherals\Drivers\Drivers\STM32F103C6TX_FLASH.ld" --specs=nosys.specs -Wl,-Map="Drivers.map" -Wl,--gc-sections -static --specs=nano.specs -mfloat-abi=soft -mthumb -Wl,--start-group -lc -lm -Wl,--end-group
Finished building target: Drivers.elf
 
arm-none-eabi-objdump -h -S  Drivers.elf  > "Drivers.list"
arm-none-eabi-objcopy  -O binary  Drivers.elf  "Drivers.bin"
arm-none-eabi-size   Drivers.elf 
   text	   data	    bss	    dec	    hex	filename
    556	      8	   1568	   2132	    854	Drivers.elf
Finished building: default.size.stdout
 
Finished building: Drivers.bin
Finished building: Drivers.list
 
 
17:39:49 **** Incremental Build of configuration Debug for project Drivers ****
make -j4 all 
arm-none-eabi-gcc -gdwarf -g2 "../STM32F103C6_Drivers/GPIO/STM32F103C6_GPIO_Driver.c" -mcpu=cortex-m3 -std=gnu11 -g3 -DSTM32 -DSTM32F1 -DSTM32F103C6Tx -DDEBUG -c -I"E:/EmbeddedSystemKS/Unit_7_MCU_Essential_Peripherals/Drivers/Drivers/STM32F103C6_Drivers/Inc" -I../Inc -O0 -ffunction-sections -fdata-sections -Wall -fstack-usage -MMD -MP -MF"STM32F103C6_Drivers/GPIO/STM32F103C6_GPIO_Driver.d" -MT"STM32F103C6_Drivers/GPIO/STM32F103C6_GPIO_Driver.o" --specs=nano.specs -mfloat-abi=soft -mthumb -o "STM32F103C6_Drivers/GPIO/STM32F103C6_GPIO_Driver.o"
../STM32F103C6_Drivers/GPIO/STM32F103C6_GPIO_Driver.c: In function 'MCAL_GPIO_ReadPin':
../STM32F103C6_Drivers/GPIO/STM32F103C6_GPIO_Driver.c:191:1: warning: control reaches end of non-void function [-Wreturn-type]
 }
 ^
../STM32F103C6_Drivers/GPIO/STM32F103C6_GPIO_Driver.c: In function 'MCAL_GPIO_ReadPort':
../STM32F103C6_Drivers/GPIO/STM32F103C6_GPIO_Driver.c:206:1: warning: control reaches end of non-void function [-Wreturn-type]
 }
 ^
../STM32F103C6_Drivers/GPIO/STM32F103C6_GPIO_Driver.c: In function 'MCAL_GPIO_LockPin':
../STM32F103C6_Drivers/GPIO/STM32F103C6_GPIO_Driver.c:270:1: warning: control reaches end of non-void function [-Wreturn-type]
 }
 ^
arm-none-eabi-gcc -gdwarf -g2 -o "Drivers.elf" @"objects.list"   -mcpu=cortex-m3 -T"E:\EmbeddedSystemKS\Unit_7_MCU_Essential_Peripherals\Drivers\Drivers\STM32F103C6TX_FLASH.ld" --specs=nosys.specs -Wl,-Map="Drivers.map" -Wl,--gc-sections -static --specs=nano.specs -mfloat-abi=soft -mthumb -Wl,--start-group -lc -lm -Wl,--end-group
Finished building target: Drivers.elf
 
arm-none-eabi-objdump -h -S  Drivers.elf  > "Drivers.list"
arm-none-eabi-objcopy  -O binary  Drivers.elf  "Drivers.bin"
arm-none-eabi-size   Drivers.elf 
   text	   data	    bss	    dec	    hex	filename
    556	      8	   1568	   2132	    854	Drivers.elf
Finished building: default.size.stdout
 
Finished building: Drivers.list
Finished building: Drivers.bin
 
 
18:00:37 **** Incremental Build of configuration Debug for project Drivers ****
make -j4 all 
arm-none-eabi-gcc -gdwarf -g2 "../STM32F103C6_Drivers/GPIO/STM32F103C6_GPIO_Driver.c" -mcpu=cortex-m3 -std=gnu11 -g3 -DSTM32 -DSTM32F1 -DSTM32F103C6Tx -DDEBUG -c -I"E:/EmbeddedSystemKS/Unit_7_MCU_Essential_Peripherals/Drivers/Drivers/STM32F103C6_Drivers/Inc" -I../Inc -O0 -ffunction-sections -fdata-sections -Wall -fstack-usage -MMD -MP -MF"STM32F103C6_Drivers/GPIO/STM32F103C6_GPIO_Driver.d" -MT"STM32F103C6_Drivers/GPIO/STM32F103C6_GPIO_Driver.o" --specs=nano.specs -mfloat-abi=soft -mthumb -o "STM32F103C6_Drivers/GPIO/STM32F103C6_GPIO_Driver.o"
../STM32F103C6_Drivers/GPIO/STM32F103C6_GPIO_Driver.c: In function 'MCAL_GPIO_ReadPort':
../STM32F103C6_Drivers/GPIO/STM32F103C6_GPIO_Driver.c:214:1: warning: control reaches end of non-void function [-Wreturn-type]
 }
 ^
../STM32F103C6_Drivers/GPIO/STM32F103C6_GPIO_Driver.c: In function 'MCAL_GPIO_LockPin':
../STM32F103C6_Drivers/GPIO/STM32F103C6_GPIO_Driver.c:278:1: warning: control reaches end of non-void function [-Wreturn-type]
 }
 ^
arm-none-eabi-gcc -gdwarf -g2 -o "Drivers.elf" @"objects.list"   -mcpu=cortex-m3 -T"E:\EmbeddedSystemKS\Unit_7_MCU_Essential_Peripherals\Drivers\Drivers\STM32F103C6TX_FLASH.ld" --specs=nosys.specs -Wl,-Map="Drivers.map" -Wl,--gc-sections -static --specs=nano.specs -mfloat-abi=soft -mthumb -Wl,--start-group -lc -lm -Wl,--end-group
Finished building target: Drivers.elf
 
arm-none-eabi-objdump -h -S  Drivers.elf  > "Drivers.list"
arm-none-eabi-objcopy  -O binary  Drivers.elf  "Drivers.bin"
arm-none-eabi-size   Drivers.elf 
   text	   data	    bss	    dec	    hex	filename
    556	      8	   1568	   2132	    854	Drivers.elf
Finished building: default.size.stdout
 
Finished building: Drivers.list
Finished building: Drivers.bin
 
 
18:01:48 **** Incremental Build of configuration Debug for project Drivers ****
make -j4 all 
arm-none-eabi-gcc -gdwarf -g2 "../STM32F103C6_Drivers/GPIO/STM32F103C6_GPIO_Driver.c" -mcpu=cortex-m3 -std=gnu11 -g3 -DSTM32 -DSTM32F1 -DSTM32F103C6Tx -DDEBUG -c -I"E:/EmbeddedSystemKS/Unit_7_MCU_Essential_Peripherals/Drivers/Drivers/STM32F103C6_Drivers/Inc" -I../Inc -O0 -ffunction-sections -fdata-sections -Wall -fstack-usage -MMD -MP -MF"STM32F103C6_Drivers/GPIO/STM32F103C6_GPIO_Driver.d" -MT"STM32F103C6_Drivers/GPIO/STM32F103C6_GPIO_Driver.o" --specs=nano.specs -mfloat-abi=soft -mthumb -o "STM32F103C6_Drivers/GPIO/STM32F103C6_GPIO_Driver.o"
../STM32F103C6_Drivers/GPIO/STM32F103C6_GPIO_Driver.c: In function 'MCAL_GPIO_LockPin':
../STM32F103C6_Drivers/GPIO/STM32F103C6_GPIO_Driver.c:280:1: warning: control reaches end of non-void function [-Wreturn-type]
 }
 ^
arm-none-eabi-gcc -gdwarf -g2 -o "Drivers.elf" @"objects.list"   -mcpu=cortex-m3 -T"E:\EmbeddedSystemKS\Unit_7_MCU_Essential_Peripherals\Drivers\Drivers\STM32F103C6TX_FLASH.ld" --specs=nosys.specs -Wl,-Map="Drivers.map" -Wl,--gc-sections -static --specs=nano.specs -mfloat-abi=soft -mthumb -Wl,--start-group -lc -lm -Wl,--end-group
Finished building target: Drivers.elf
 
arm-none-eabi-objdump -h -S  Drivers.elf  > "Drivers.list"
arm-none-eabi-objcopy  -O binary  Drivers.elf  "Drivers.bin"
arm-none-eabi-size   Drivers.elf 
   text	   data	    bss	    dec	    hex	filename
    556	      8	   1568	   2132	    854	Drivers.elf
Finished building: default.size.stdout
Finished building: Drivers.list
Finished building: Drivers.bin
 
 
 
18:16:08 **** Incremental Build of configuration Debug for project Drivers ****
make -j4 all 
arm-none-eabi-gcc -gdwarf -g2 "../STM32F103C6_Drivers/GPIO/STM32F103C6_GPIO_Driver.c" -mcpu=cortex-m3 -std=gnu11 -g3 -DSTM32 -DSTM32F1 -DSTM32F103C6Tx -DDEBUG -c -I"E:/EmbeddedSystemKS/Unit_7_MCU_Essential_Peripherals/Drivers/Drivers/STM32F103C6_Drivers/Inc" -I../Inc -O0 -ffunction-sections -fdata-sections -Wall -fstack-usage -MMD -MP -MF"STM32F103C6_Drivers/GPIO/STM32F103C6_GPIO_Driver.d" -MT"STM32F103C6_Drivers/GPIO/STM32F103C6_GPIO_Driver.o" --specs=nano.specs -mfloat-abi=soft -mthumb -o "STM32F103C6_Drivers/GPIO/STM32F103C6_GPIO_Driver.o"
../STM32F103C6_Drivers/GPIO/STM32F103C6_GPIO_Driver.c: In function 'MCAL_GPIO_LockPin':
../STM32F103C6_Drivers/GPIO/STM32F103C6_GPIO_Driver.c:296:1: warning: control reaches end of non-void function [-Wreturn-type]
 }
 ^
arm-none-eabi-gcc -gdwarf -g2 -o "Drivers.elf" @"objects.list"   -mcpu=cortex-m3 -T"E:\EmbeddedSystemKS\Unit_7_MCU_Essential_Peripherals\Drivers\Drivers\STM32F103C6TX_FLASH.ld" --specs=nosys.specs -Wl,-Map="Drivers.map" -Wl,--gc-sections -static --specs=nano.specs -mfloat-abi=soft -mthumb -Wl,--start-group -lc -lm -Wl,--end-group
Finished building target: Drivers.elf
 
arm-none-eabi-objdump -h -S  Drivers.elf  > "Drivers.list"
arm-none-eabi-objcopy  -O binary  Drivers.elf  "Drivers.bin"
arm-none-eabi-size   Drivers.elf 
   text	   data	    bss	    dec	    hex	filename
    556	      8	   1568	   2132	    854	Drivers.elf
Finished building: default.size.stdout
 
Finished building: Drivers.list
Finished building: Drivers.bin
 
 
18:18:51 **** Incremental Build of configuration Debug for project Drivers ****
make -j4 all 
arm-none-eabi-gcc -gdwarf -g2 "../STM32F103C6_Drivers/GPIO/STM32F103C6_GPIO_Driver.c" -mcpu=cortex-m3 -std=gnu11 -g3 -DSTM32 -DSTM32F1 -DSTM32F103C6Tx -DDEBUG -c -I"E:/EmbeddedSystemKS/Unit_7_MCU_Essential_Peripherals/Drivers/Drivers/STM32F103C6_Drivers/Inc" -I../Inc -O0 -ffunction-sections -fdata-sections -Wall -fstack-usage -MMD -MP -MF"STM32F103C6_Drivers/GPIO/STM32F103C6_GPIO_Driver.d" -MT"STM32F103C6_Drivers/GPIO/STM32F103C6_GPIO_Driver.o" --specs=nano.specs -mfloat-abi=soft -mthumb -o "STM32F103C6_Drivers/GPIO/STM32F103C6_GPIO_Driver.o"
../STM32F103C6_Drivers/GPIO/STM32F103C6_GPIO_Driver.c: In function 'MCAL_GPIO_LockPin':
../STM32F103C6_Drivers/GPIO/STM32F103C6_GPIO_Driver.c:312:8: error: expected expression before '|=' token
  tmp = |=Pin
        ^~
../STM32F103C6_Drivers/GPIO/STM32F103C6_GPIO_Driver.c:312:10: error: 'Pin' undeclared (first use in this function)
  tmp = |=Pin
          ^~~
../STM32F103C6_Drivers/GPIO/STM32F103C6_GPIO_Driver.c:312:10: note: each undeclared identifier is reported only once for each function it appears in
../STM32F103C6_Drivers/GPIO/STM32F103C6_GPIO_Driver.c:311:20: warning: variable 'tmp' set but not used [-Wunused-but-set-variable]
  volatile uint32_t tmp = 1<<16;
                    ^~~
../STM32F103C6_Drivers/GPIO/STM32F103C6_GPIO_Driver.c:313:1: warning: control reaches end of non-void function [-Wreturn-type]
 }
 ^
make: *** [STM32F103C6_Drivers/GPIO/subdir.mk:18: STM32F103C6_Drivers/GPIO/STM32F103C6_GPIO_Driver.o] Error 1
"make -j4 all" terminated with exit code 2. Build might be incomplete.
18:18:59 **** Incremental Build of configuration Debug for project Drivers ****
make -j4 all 
arm-none-eabi-gcc -gdwarf -g2 "../STM32F103C6_Drivers/GPIO/STM32F103C6_GPIO_Driver.c" -mcpu=cortex-m3 -std=gnu11 -g3 -DSTM32 -DSTM32F1 -DSTM32F103C6Tx -DDEBUG -c -I"E:/EmbeddedSystemKS/Unit_7_MCU_Essential_Peripherals/Drivers/Drivers/STM32F103C6_Drivers/Inc" -I../Inc -O0 -ffunction-sections -fdata-sections -Wall -fstack-usage -MMD -MP -MF"STM32F103C6_Drivers/GPIO/STM32F103C6_GPIO_Driver.d" -MT"STM32F103C6_Drivers/GPIO/STM32F103C6_GPIO_Driver.o" --specs=nano.specs -mfloat-abi=soft -mthumb -o "STM32F103C6_Drivers/GPIO/STM32F103C6_GPIO_Driver.o"
../STM32F103C6_Drivers/GPIO/STM32F103C6_GPIO_Driver.c: In function 'MCAL_GPIO_LockPin':
../STM32F103C6_Drivers/GPIO/STM32F103C6_GPIO_Driver.c:312:8: error: expected expression before '|=' token
  tmp = |=PinNumber;
        ^~
../STM32F103C6_Drivers/GPIO/STM32F103C6_GPIO_Driver.c:311:20: warning: variable 'tmp' set but not used [-Wunused-but-set-variable]
  volatile uint32_t tmp = 1<<16;
                    ^~~
../STM32F103C6_Drivers/GPIO/STM32F103C6_GPIO_Driver.c:314:1: warning: control reaches end of non-void function [-Wreturn-type]
 }
 ^
make: *** [STM32F103C6_Drivers/GPIO/subdir.mk:18: STM32F103C6_Drivers/GPIO/STM32F103C6_GPIO_Driver.o] Error 1
"make -j4 all" terminated with exit code 2. Build might be incomplete.
18:19:13 **** Incremental Build of configuration Debug for project Drivers ****
make -j4 all 
arm-none-eabi-gcc -gdwarf -g2 "../STM32F103C6_Drivers/GPIO/STM32F103C6_GPIO_Driver.c" -mcpu=cortex-m3 -std=gnu11 -g3 -DSTM32 -DSTM32F1 -DSTM32F103C6Tx -DDEBUG -c -I"E:/EmbeddedSystemKS/Unit_7_MCU_Essential_Peripherals/Drivers/Drivers/STM32F103C6_Drivers/Inc" -I../Inc -O0 -ffunction-sections -fdata-sections -Wall -fstack-usage -MMD -MP -MF"STM32F103C6_Drivers/GPIO/STM32F103C6_GPIO_Driver.d" -MT"STM32F103C6_Drivers/GPIO/STM32F103C6_GPIO_Driver.o" --specs=nano.specs -mfloat-abi=soft -mthumb -o "STM32F103C6_Drivers/GPIO/STM32F103C6_GPIO_Driver.o"
../STM32F103C6_Drivers/GPIO/STM32F103C6_GPIO_Driver.c: In function 'MCAL_GPIO_LockPin':
../STM32F103C6_Drivers/GPIO/STM32F103C6_GPIO_Driver.c:314:1: warning: control reaches end of non-void function [-Wreturn-type]
 }
 ^
arm-none-eabi-gcc -gdwarf -g2 -o "Drivers.elf" @"objects.list"   -mcpu=cortex-m3 -T"E:\EmbeddedSystemKS\Unit_7_MCU_Essential_Peripherals\Drivers\Drivers\STM32F103C6TX_FLASH.ld" --specs=nosys.specs -Wl,-Map="Drivers.map" -Wl,--gc-sections -static --specs=nano.specs -mfloat-abi=soft -mthumb -Wl,--start-group -lc -lm -Wl,--end-group
Finished building target: Drivers.elf
 
arm-none-eabi-objdump -h -S  Drivers.elf  > "Drivers.list"
arm-none-eabi-objcopy  -O binary  Drivers.elf  "Drivers.bin"
arm-none-eabi-size   Drivers.elf 
   text	   data	    bss	    dec	    hex	filename
    556	      8	   1568	   2132	    854	Drivers.elf
Finished building: default.size.stdout
Finished building: Drivers.bin
Finished building: Drivers.list
 
 
 
18:26:00 **** Incremental Build of configuration Debug for project Drivers ****
make -j4 all 
arm-none-eabi-gcc -gdwarf -g2 "../STM32F103C6_Drivers/GPIO/STM32F103C6_GPIO_Driver.c" -mcpu=cortex-m3 -std=gnu11 -g3 -DSTM32 -DSTM32F1 -DSTM32F103C6Tx -DDEBUG -c -I"E:/EmbeddedSystemKS/Unit_7_MCU_Essential_Peripherals/Drivers/Drivers/STM32F103C6_Drivers/Inc" -I../Inc -O0 -ffunction-sections -fdata-sections -Wall -fstack-usage -MMD -MP -MF"STM32F103C6_Drivers/GPIO/STM32F103C6_GPIO_Driver.d" -MT"STM32F103C6_Drivers/GPIO/STM32F103C6_GPIO_Driver.o" --specs=nano.specs -mfloat-abi=soft -mthumb -o "STM32F103C6_Drivers/GPIO/STM32F103C6_GPIO_Driver.o"
arm-none-eabi-gcc -gdwarf -g2 -o "Drivers.elf" @"objects.list"   -mcpu=cortex-m3 -T"E:\EmbeddedSystemKS\Unit_7_MCU_Essential_Peripherals\Drivers\Drivers\STM32F103C6TX_FLASH.ld" --specs=nosys.specs -Wl,-Map="Drivers.map" -Wl,--gc-sections -static --specs=nano.specs -mfloat-abi=soft -mthumb -Wl,--start-group -lc -lm -Wl,--end-group
Finished building target: Drivers.elf
 
arm-none-eabi-objdump -h -S  Drivers.elf  > "Drivers.list"
arm-none-eabi-objcopy  -O binary  Drivers.elf  "Drivers.bin"
arm-none-eabi-size   Drivers.elf 
   text	   data	    bss	    dec	    hex	filename
    556	      8	   1568	   2132	    854	Drivers.elf
Finished building: default.size.stdout
Finished building: Drivers.bin
Finished building: Drivers.list
 
 
 
18:36:07 **** Incremental Build of configuration Debug for project Drivers ****
make -j4 all 
arm-none-eabi-gcc -gdwarf -g2 "../Src/main.c" -mcpu=cortex-m3 -std=gnu11 -g3 -DSTM32 -DSTM32F1 -DSTM32F103C6Tx -DDEBUG -c -I"E:/EmbeddedSystemKS/Unit_7_MCU_Essential_Peripherals/Drivers/Drivers/STM32F103C6_Drivers/Inc" -I../Inc -O0 -ffunction-sections -fdata-sections -Wall -fstack-usage -MMD -MP -MF"Src/main.d" -MT"Src/main.o" --specs=nano.specs -mfloat-abi=soft -mthumb -o "Src/main.o"
../Src/main.c: In function 'GPIO_init':
../Src/main.c:45:24: error: incompatible type for argument 2 of 'MCAL_GPIO_Init'
  MCAL_GPIO_Init(GPIOA, PinCfg);
                        ^~~~~~
In file included from ../Src/main.c:24:0:
E:/EmbeddedSystemKS/Unit_7_MCU_Essential_Peripherals/Drivers/Drivers/STM32F103C6_Drivers/Inc/STM32F103C6_GPIO_Driver.h:123:6: note: expected 'GPIO_PinConfig_t * {aka struct <anonymous> *}' but argument is of type 'GPIO_PinConfig_t {aka struct <anonymous>}'
 void MCAL_GPIO_Init (GPIO_TypeDef* GPIOx,GPIO_PinConfig_t* PinConfig);
      ^~~~~~~~~~~~~~
../Src/main.c:50:24: error: incompatible type for argument 2 of 'MCAL_GPIO_Init'
  MCAL_GPIO_Init(GPIOA, PinCfg);
                        ^~~~~~
In file included from ../Src/main.c:24:0:
E:/EmbeddedSystemKS/Unit_7_MCU_Essential_Peripherals/Drivers/Drivers/STM32F103C6_Drivers/Inc/STM32F103C6_GPIO_Driver.h:123:6: note: expected 'GPIO_PinConfig_t * {aka struct <anonymous> *}' but argument is of type 'GPIO_PinConfig_t {aka struct <anonymous>}'
 void MCAL_GPIO_Init (GPIO_TypeDef* GPIOx,GPIO_PinConfig_t* PinConfig);
      ^~~~~~~~~~~~~~
../Src/main.c:59:24: error: incompatible type for argument 2 of 'MCAL_GPIO_Init'
  MCAL_GPIO_Init(GPIOB, PinCfg);
                        ^~~~~~
In file included from ../Src/main.c:24:0:
E:/EmbeddedSystemKS/Unit_7_MCU_Essential_Peripherals/Drivers/Drivers/STM32F103C6_Drivers/Inc/STM32F103C6_GPIO_Driver.h:123:6: note: expected 'GPIO_PinConfig_t * {aka struct <anonymous> *}' but argument is of type 'GPIO_PinConfig_t {aka struct <anonymous>}'
 void MCAL_GPIO_Init (GPIO_TypeDef* GPIOx,GPIO_PinConfig_t* PinConfig);
      ^~~~~~~~~~~~~~
../Src/main.c:67:24: error: incompatible type for argument 2 of 'MCAL_GPIO_Init'
  MCAL_GPIO_Init(GPIOB, PinCfg);
                        ^~~~~~
In file included from ../Src/main.c:24:0:
E:/EmbeddedSystemKS/Unit_7_MCU_Essential_Peripherals/Drivers/Drivers/STM32F103C6_Drivers/Inc/STM32F103C6_GPIO_Driver.h:123:6: note: expected 'GPIO_PinConfig_t * {aka struct <anonymous> *}' but argument is of type 'GPIO_PinConfig_t {aka struct <anonymous>}'
 void MCAL_GPIO_Init (GPIO_TypeDef* GPIOx,GPIO_PinConfig_t* PinConfig);
      ^~~~~~~~~~~~~~
make: *** [Src/subdir.mk:24: Src/main.o] Error 1
"make -j4 all" terminated with exit code 2. Build might be incomplete.
18:36:35 **** Incremental Build of configuration Debug for project Drivers ****
make -j4 all 
arm-none-eabi-gcc -gdwarf -g2 "../Src/main.c" -mcpu=cortex-m3 -std=gnu11 -g3 -DSTM32 -DSTM32F1 -DSTM32F103C6Tx -DDEBUG -c -I"E:/EmbeddedSystemKS/Unit_7_MCU_Essential_Peripherals/Drivers/Drivers/STM32F103C6_Drivers/Inc" -I../Inc -O0 -ffunction-sections -fdata-sections -Wall -fstack-usage -MMD -MP -MF"Src/main.d" -MT"Src/main.o" --specs=nano.specs -mfloat-abi=soft -mthumb -o "Src/main.o"
arm-none-eabi-gcc -gdwarf -g2 -o "Drivers.elf" @"objects.list"   -mcpu=cortex-m3 -T"E:\EmbeddedSystemKS\Unit_7_MCU_Essential_Peripherals\Drivers\Drivers\STM32F103C6TX_FLASH.ld" --specs=nosys.specs -Wl,-Map="Drivers.map" -Wl,--gc-sections -static --specs=nano.specs -mfloat-abi=soft -mthumb -Wl,--start-group -lc -lm -Wl,--end-group
Finished building target: Drivers.elf
 
arm-none-eabi-objdump -h -S  Drivers.elf  > "Drivers.list"
arm-none-eabi-objcopy  -O binary  Drivers.elf  "Drivers.bin"
arm-none-eabi-size   Drivers.elf 
   text	   data	    bss	    dec	    hex	filename
   1424	      8	   1568	   3000	    bb8	Drivers.elf
Finished building: default.size.stdout
 
Finished building: Drivers.bin
Finished building: Drivers.list
 
 
18:36:46 **** Incremental Build of configuration Debug for project Drivers ****
make -j4 all 
arm-none-eabi-size   Drivers.elf 
   text	   data	    bss	    dec	    hex	filename
   1424	      8	   1568	   3000	    bb8	Drivers.elf
Finished building: default.size.stdout
 
18:42:59 **** Clean-only build of configuration Debug for project Drivers ****
make -j4 clean 
rm -rf *
rm: can't remove 'Drivers.elf': Permission denied
make: [makefile:71: clean] Error 1 (ignored)
 
18:43:00 **** Incremental Build of configuration Debug for project Drivers ****
make -j4 all 
arm-none-eabi-size   Drivers.elf 
arm-none-eabi-objdump -h -S  Drivers.elf  > "Drivers.list"
arm-none-eabi-objcopy  -O binary  Drivers.elf  "Drivers.bin"
   text	   data	    bss	    dec	    hex	filename
   1424	      8	   1568	   3000	    bb8	Drivers.elf
Finished building: default.size.stdout
 
Finished building: Drivers.bin
Finished building: Drivers.list
 
 
18:44:43 **** Incremental Build of configuration Debug for project Drivers ****
make -j4 all 
arm-none-eabi-gcc -gdwarf-2 -mcpu=cortex-m3 -g3 -c -x assembler-with-cpp -MMD -MP -MF"Startup/startup_stm32f103c6tx.d" -MT"Startup/startup_stm32f103c6tx.o" --specs=nano.specs -mfloat-abi=soft -mthumb -o "Startup/startup_stm32f103c6tx.o" "../Startup/startup_stm32f103c6tx.s"
arm-none-eabi-gcc -gdwarf-2 "../Src/main.c" -mcpu=cortex-m3 -std=gnu11 -g3 -DSTM32 -DSTM32F1 -DSTM32F103C6Tx -DDEBUG -c -I"E:/EmbeddedSystemKS/Unit_7_MCU_Essential_Peripherals/Drivers/Drivers/STM32F103C6_Drivers/Inc" -I../Inc -O0 -ffunction-sections -fdata-sections -Wall -fstack-usage -MMD -MP -MF"Src/main.d" -MT"Src/main.o" --specs=nano.specs -mfloat-abi=soft -mthumb -o "Src/main.o"
arm-none-eabi-gcc -gdwarf-2 "../Src/syscalls.c" -mcpu=cortex-m3 -std=gnu11 -g3 -DSTM32 -DSTM32F1 -DSTM32F103C6Tx -DDEBUG -c -I"E:/EmbeddedSystemKS/Unit_7_MCU_Essential_Peripherals/Drivers/Drivers/STM32F103C6_Drivers/Inc" -I../Inc -O0 -ffunction-sections -fdata-sections -Wall -fstack-usage -MMD -MP -MF"Src/syscalls.d" -MT"Src/syscalls.o" --specs=nano.specs -mfloat-abi=soft -mthumb -o "Src/syscalls.o"
arm-none-eabi-gcc -gdwarf-2 "../Src/sysmem.c" -mcpu=cortex-m3 -std=gnu11 -g3 -DSTM32 -DSTM32F1 -DSTM32F103C6Tx -DDEBUG -c -I"E:/EmbeddedSystemKS/Unit_7_MCU_Essential_Peripherals/Drivers/Drivers/STM32F103C6_Drivers/Inc" -I../Inc -O0 -ffunction-sections -fdata-sections -Wall -fstack-usage -MMD -MP -MF"Src/sysmem.d" -MT"Src/sysmem.o" --specs=nano.specs -mfloat-abi=soft -mthumb -o "Src/sysmem.o"
arm-none-eabi-gcc -gdwarf-2 "../STM32F103C6_Drivers/GPIO/STM32F103C6_GPIO_Driver.c" -mcpu=cortex-m3 -std=gnu11 -g3 -DSTM32 -DSTM32F1 -DSTM32F103C6Tx -DDEBUG -c -I"E:/EmbeddedSystemKS/Unit_7_MCU_Essential_Peripherals/Drivers/Drivers/STM32F103C6_Drivers/Inc" -I../Inc -O0 -ffunction-sections -fdata-sections -Wall -fstack-usage -MMD -MP -MF"STM32F103C6_Drivers/GPIO/STM32F103C6_GPIO_Driver.d" -MT"STM32F103C6_Drivers/GPIO/STM32F103C6_GPIO_Driver.o" --specs=nano.specs -mfloat-abi=soft -mthumb -o "STM32F103C6_Drivers/GPIO/STM32F103C6_GPIO_Driver.o"
arm-none-eabi-gcc -gdwarf-2 -o "Drivers.elf" @"objects.list"   -mcpu=cortex-m3 -T"E:\EmbeddedSystemKS\Unit_7_MCU_Essential_Peripherals\Drivers\Drivers\STM32F103C6TX_FLASH.ld" --specs=nosys.specs -Wl,-Map="Drivers.map" -Wl,--gc-sections -static --specs=nano.specs -mfloat-abi=soft -mthumb -Wl,--start-group -lc -lm -Wl,--end-group
Finished building target: Drivers.elf
 
arm-none-eabi-objdump -h -S  Drivers.elf  > "Drivers.list"
arm-none-eabi-objcopy  -O binary  Drivers.elf  "Drivers.bin"
arm-none-eabi-size   Drivers.elf 
   text	   data	    bss	    dec	    hex	filename
   1424	      8	   1568	   3000	    bb8	Drivers.elf
Finished building: default.size.stdout
 
Finished building: Drivers.list
Finished building: Drivers.bin
 
 
21:17:26 **** Build of configuration Debug for project Drivers ****
make -j4 all 
arm-none-eabi-gcc -gdwarf-2 "../Src/main.c" -mcpu=cortex-m3 -std=gnu11 -g3 -DSTM32 -DSTM32F1 -DSTM32F103C6Tx -DDEBUG -c -I"E:/EmbeddedSystemKS/Unit_7_MCU_Essential_Peripherals/Drivers/Drivers/STM32F103C6_Drivers/Inc" -I../Inc -O0 -ffunction-sections -fdata-sections -Wall -fstack-usage -MMD -MP -MF"Src/main.d" -MT"Src/main.o" --specs=nano.specs -mfloat-abi=soft -mthumb -o "Src/main.o"
arm-none-eabi-gcc -gdwarf-2 "../STM32F103C6_Drivers/LCD/LCD.c" -mcpu=cortex-m3 -std=gnu11 -g3 -DSTM32 -DSTM32F1 -DSTM32F103C6Tx -DDEBUG -c -I"E:/EmbeddedSystemKS/Unit_7_MCU_Essential_Peripherals/Drivers/Drivers/STM32F103C6_Drivers/Inc" -I../Inc -O0 -ffunction-sections -fdata-sections -Wall -fstack-usage -MMD -MP -MF"STM32F103C6_Drivers/LCD/LCD.d" -MT"STM32F103C6_Drivers/LCD/LCD.o" --specs=nano.specs -mfloat-abi=soft -mthumb -o "STM32F103C6_Drivers/LCD/LCD.o"
arm-none-eabi-gcc -gdwarf-2 "../STM32F103C6_Drivers/Keypad/Keypad.c" -mcpu=cortex-m3 -std=gnu11 -g3 -DSTM32 -DSTM32F1 -DSTM32F103C6Tx -DDEBUG -c -I"E:/EmbeddedSystemKS/Unit_7_MCU_Essential_Peripherals/Drivers/Drivers/STM32F103C6_Drivers/Inc" -I../Inc -O0 -ffunction-sections -fdata-sections -Wall -fstack-usage -MMD -MP -MF"STM32F103C6_Drivers/Keypad/Keypad.d" -MT"STM32F103C6_Drivers/Keypad/Keypad.o" --specs=nano.specs -mfloat-abi=soft -mthumb -o "STM32F103C6_Drivers/Keypad/Keypad.o"
../STM32F103C6_Drivers/LCD/LCD.c: In function 'LCD_KICK':
../STM32F103C6_Drivers/LCD/LCD.c:9:2: error: 'LCD_CTRL' undeclared (first use in this function); did you mean 'LCD_KICK'?
  LCD_CTRL &= ~(1<<EN_SWITCH);
  ^~~~~~~~
  LCD_KICK
../STM32F103C6_Drivers/LCD/LCD.c:9:2: note: each undeclared identifier is reported only once for each function it appears in
../STM32F103C6_Drivers/LCD/LCD.c:9:19: error: 'EN_SWITCH' undeclared (first use in this function)
  LCD_CTRL &= ~(1<<EN_SWITCH);
                   ^~~~~~~~~
../STM32F103C6_Drivers/LCD/LCD.c:10:2: warning: implicit declaration of function '_delay_ms' [-Wimplicit-function-declaration]
  _delay_ms(30);
  ^~~~~~~~~
../STM32F103C6_Drivers/LCD/LCD.c: In function 'LCD_CLEAR':
../STM32F103C6_Drivers/LCD/LCD.c:15:2: warning: implicit declaration of function 'LCD_WR_COMMAND' [-Wimplicit-function-declaration]
  LCD_WR_COMMAND(LCD_CLEAR_SCREEN);
  ^~~~~~~~~~~~~~
../STM32F103C6_Drivers/LCD/LCD.c:15:17: error: 'LCD_CLEAR_SCREEN' undeclared (first use in this function); did you mean 'LCD_CLEAR'?
  LCD_WR_COMMAND(LCD_CLEAR_SCREEN);
                 ^~~~~~~~~~~~~~~~
                 LCD_CLEAR
../STM32F103C6_Drivers/LCD/LCD.c: In function 'LCD_isbusy':
../STM32F103C6_Drivers/LCD/LCD.c:19:2: error: 'DDIR_LCD_PORT' undeclared (first use in this function)
  DDIR_LCD_PORT &= ~(0xFF<<DATA_SHIFT);
  ^~~~~~~~~~~~~
../STM32F103C6_Drivers/LCD/LCD.c:19:27: error: 'DATA_SHIFT' undeclared (first use in this function)
  DDIR_LCD_PORT &= ~(0xFF<<DATA_SHIFT);
                           ^~~~~~~~~~
../STM32F103C6_Drivers/LCD/LCD.c:20:2: error: 'LCD_CTRL' undeclared (first use in this function); did you mean 'LCD_CLEAR'?
  LCD_CTRL |= (1<<RW_SWITCH);
  ^~~~~~~~
  LCD_CLEAR
../STM32F103C6_Drivers/LCD/LCD.c:20:18: error: 'RW_SWITCH' undeclared (first use in this function)
  LCD_CTRL |= (1<<RW_SWITCH);
                  ^~~~~~~~~
../STM32F103C6_Drivers/LCD/LCD.c:21:19: error: 'RS_SWITCH' undeclared (first use in this function); did you mean 'RW_SWITCH'?
  LCD_CTRL &= ~(1<<RS_SWITCH);
                   ^~~~~~~~~
                   RW_SWITCH
../STM32F103C6_Drivers/LCD/LCD.c: In function 'LCD_INIT':
../STM32F103C6_Drivers/LCD/LCD.c:31:2: error: 'DDIR_LCD_CTRL' undeclared (first use in this function)
  DDIR_LCD_CTRL |= ((1<<EN_SWITCH) | (1<<RW_SWITCH)| (1<<RS_SWITCH));
  ^~~~~~~~~~~~~
../STM32F103C6_Drivers/LCD/LCD.c:31:24: error: 'EN_SWITCH' undeclared (first use in this function)
  DDIR_LCD_CTRL |= ((1<<EN_SWITCH) | (1<<RW_SWITCH)| (1<<RS_SWITCH));
                        ^~~~~~~~~
../STM32F103C6_Drivers/LCD/LCD.c:31:41: error: 'RW_SWITCH' undeclared (first use in this function); did you mean 'EN_SWITCH'?
  DDIR_LCD_CTRL |= ((1<<EN_SWITCH) | (1<<RW_SWITCH)| (1<<RS_SWITCH));
                                         ^~~~~~~~~
                                         EN_SWITCH
../STM32F103C6_Drivers/LCD/LCD.c:31:57: error: 'RS_SWITCH' undeclared (first use in this function); did you mean 'RW_SWITCH'?
  DDIR_LCD_CTRL |= ((1<<EN_SWITCH) | (1<<RW_SWITCH)| (1<<RS_SWITCH));
                                                         ^~~~~~~~~
                                                         RW_SWITCH
../STM32F103C6_Drivers/LCD/LCD.c:32:2: error: 'LCD_CTRL' undeclared (first use in this function); did you mean 'LCD_INIT'?
  LCD_CTRL &= ~((1<<EN_SWITCH) | (1<<RW_SWITCH)| (1<<RS_SWITCH));
  ^~~~~~~~
  LCD_INIT
../STM32F103C6_Drivers/LCD/LCD.c:33:2: error: 'DDIR_LCD_PORT' undeclared (first use in this function); did you mean 'DDIR_LCD_CTRL'?
  DDIR_LCD_PORT = 0xFF;
  ^~~~~~~~~~~~~
  DDIR_LCD_CTRL
../STM32F103C6_Drivers/LCD/LCD.c:43:17: error: 'LCD_ENTRY_MODE' undeclared (first use in this function)
  LCD_WR_COMMAND(LCD_ENTRY_MODE);
                 ^~~~~~~~~~~~~~
../STM32F103C6_Drivers/LCD/LCD.c:44:17: error: 'LCD_BEGIN_AT_FIRST_ROW' undeclared (first use in this function)
  LCD_WR_COMMAND(LCD_BEGIN_AT_FIRST_ROW);
                 ^~~~~~~~~~~~~~~~~~~~~~
../STM32F103C6_Drivers/LCD/LCD.c:45:17: error: 'LCD_DISP_ON_CURSOR_BLINK' undeclared (first use in this function)
  LCD_WR_COMMAND(LCD_DISP_ON_CURSOR_BLINK);
                 ^~~~~~~~~~~~~~~~~~~~~~~~
../STM32F103C6_Drivers/LCD/LCD.c: At top level:
../STM32F103C6_Drivers/LCD/LCD.c:48:6: warning: conflicting types for 'LCD_WR_COMMAND'
 void LCD_WR_COMMAND(unsigned char COMMAND)
      ^~~~~~~~~~~~~~
../STM32F103C6_Drivers/LCD/LCD.c:15:2: note: previous implicit declaration of 'LCD_WR_COMMAND' was here
  LCD_WR_COMMAND(LCD_CLEAR_SCREEN);
  ^~~~~~~~~~~~~~
../STM32F103C6_Drivers/LCD/LCD.c: In function 'LCD_LINE':
../STM32F103C6_Drivers/LCD/LCD.c:98:19: error: 'LCD_BEGIN_AT_FIRST_ROW' undeclared (first use in this function)
    LCD_WR_COMMAND(LCD_BEGIN_AT_FIRST_ROW+POSITION);
                   ^~~~~~~~~~~~~~~~~~~~~~
../STM32F103C6_Drivers/LCD/LCD.c:102:19: error: 'LCD_BEGIN_AT_SECOND_ROW' undeclared (first use in this function); did you mean 'LCD_BEGIN_AT_FIRST_ROW'?
    LCD_WR_COMMAND(LCD_BEGIN_AT_SECOND_ROW+POSITION);
                   ^~~~~~~~~~~~~~~~~~~~~~~
                   LCD_BEGIN_AT_FIRST_ROW
../STM32F103C6_Drivers/LCD/LCD.c: In function 'LCD_WR_STR':
../STM32F103C6_Drivers/LCD/LCD.c:110:15: warning: passing argument 1 of 'LCD_WR_CHAR' makes integer from pointer without a cast [-Wint-conversion]
   LCD_WR_CHAR(data++);
               ^~~~
../STM32F103C6_Drivers/LCD/LCD.c:70:6: note: expected 'unsigned char' but argument is of type 'char *'
 void LCD_WR_CHAR(unsigned char DATA)
      ^~~~~~~~~~~
In file included from ../STM32F103C6_Drivers/Keypad/Keypad.c:7:0:
../STM32F103C6_Drivers/Keypad/Keypad.c: In function 'KEYPAD_init':
E:/EmbeddedSystemKS/Unit_7_MCU_Essential_Peripherals/Drivers/Drivers/STM32F103C6_Drivers/Inc/keypad.h:17:26: error: 'DDRD' undeclared (first use in this function)
 #define DDIR_KEYPAD_PORT DDRD
                          ^
../STM32F103C6_Drivers/Keypad/Keypad.c:15:2: note: in expansion of macro 'DDIR_KEYPAD_PORT'
  DDIR_KEYPAD_PORT &= ~((1<<KEYPAD_R[0]) | (1<<KEYPAD_R[1]) | (1<<KEYPAD_R[2]) | (1<<KEYPAD_R[3]));
  ^~~~~~~~~~~~~~~~
E:/EmbeddedSystemKS/Unit_7_MCU_Essential_Peripherals/Drivers/Drivers/STM32F103C6_Drivers/Inc/keypad.h:17:26: note: each undeclared identifier is reported only once for each function it appears in
 #define DDIR_KEYPAD_PORT DDRD
                          ^
../STM32F103C6_Drivers/Keypad/Keypad.c:15:2: note: in expansion of macro 'DDIR_KEYPAD_PORT'
  DDIR_KEYPAD_PORT &= ~((1<<KEYPAD_R[0]) | (1<<KEYPAD_R[1]) | (1<<KEYPAD_R[2]) | (1<<KEYPAD_R[3]));
  ^~~~~~~~~~~~~~~~
E:/EmbeddedSystemKS/Unit_7_MCU_Essential_Peripherals/Drivers/Drivers/STM32F103C6_Drivers/Inc/keypad.h:16:21: error: 'PORTD' undeclared (first use in this function)
 #define KEYPAD_PORT PORTD
                     ^
../STM32F103C6_Drivers/Keypad/Keypad.c:17:2: note: in expansion of macro 'KEYPAD_PORT'
  KEYPAD_PORT = 0xFF;
  ^~~~~~~~~~~
../STM32F103C6_Drivers/Keypad/Keypad.c: In function 'KEYPAD_CHAR':
E:/EmbeddedSystemKS/Unit_7_MCU_Essential_Peripherals/Drivers/Drivers/STM32F103C6_Drivers/Inc/keypad.h:16:21: error: 'PORTD' undeclared (first use in this function)
 #define KEYPAD_PORT PORTD
                     ^
../STM32F103C6_Drivers/Keypad/Keypad.c:25:3: note: in expansion of macro 'KEYPAD_PORT'
   KEYPAD_PORT |= ((1<<KEYPAD_C[0]) | (1<<KEYPAD_C[1]) | (1<<KEYPAD_C[2]) | (1<<KEYPAD_C[3]));
   ^~~~~~~~~~~
E:/EmbeddedSystemKS/Unit_7_MCU_Essential_Peripherals/Drivers/Drivers/STM32F103C6_Drivers/Inc/keypad.h:18:20: error: 'PIND' undeclared (first use in this function); did you mean 'GPIOD'?
 #define KEYPAD_PIN PIND
                    ^
../STM32F103C6_Drivers/Keypad/Keypad.c:29:9: note: in expansion of macro 'KEYPAD_PIN'
    if(!(KEYPAD_PIN & (1<<KEYPAD_R[j])))
         ^~~~~~~~~~
make: *** [STM32F103C6_Drivers/Keypad/subdir.mk:18: STM32F103C6_Drivers/Keypad/Keypad.o] Error 1
make: *** Waiting for unfinished jobs....
make: *** [STM32F103C6_Drivers/LCD/subdir.mk:18: STM32F103C6_Drivers/LCD/LCD.o] Error 1
"make -j4 all" terminated with exit code 2. Build might be incomplete.
21:41:43 **** Incremental Build of configuration Debug for project Drivers ****
make -j4 all 
arm-none-eabi-gcc -gdwarf-2 "../Src/main.c" -mcpu=cortex-m3 -std=gnu11 -g3 -DSTM32 -DSTM32F1 -DSTM32F103C6Tx -DDEBUG -c -I"E:/EmbeddedSystemKS/Unit_7_MCU_Essential_Peripherals/Drivers/Drivers/STM32F103C6_Drivers/Inc" -I../Inc -O0 -ffunction-sections -fdata-sections -Wall -fstack-usage -MMD -MP -MF"Src/main.d" -MT"Src/main.o" --specs=nano.specs -mfloat-abi=soft -mthumb -o "Src/main.o"
arm-none-eabi-gcc -gdwarf-2 "../STM32F103C6_Drivers/LCD/LCD.c" -mcpu=cortex-m3 -std=gnu11 -g3 -DSTM32 -DSTM32F1 -DSTM32F103C6Tx -DDEBUG -c -I"E:/EmbeddedSystemKS/Unit_7_MCU_Essential_Peripherals/Drivers/Drivers/STM32F103C6_Drivers/Inc" -I../Inc -O0 -ffunction-sections -fdata-sections -Wall -fstack-usage -MMD -MP -MF"STM32F103C6_Drivers/LCD/LCD.d" -MT"STM32F103C6_Drivers/LCD/LCD.o" --specs=nano.specs -mfloat-abi=soft -mthumb -o "STM32F103C6_Drivers/LCD/LCD.o"
arm-none-eabi-gcc -gdwarf-2 "../STM32F103C6_Drivers/Keypad/Keypad.c" -mcpu=cortex-m3 -std=gnu11 -g3 -DSTM32 -DSTM32F1 -DSTM32F103C6Tx -DDEBUG -c -I"E:/EmbeddedSystemKS/Unit_7_MCU_Essential_Peripherals/Drivers/Drivers/STM32F103C6_Drivers/Inc" -I../Inc -O0 -ffunction-sections -fdata-sections -Wall -fstack-usage -MMD -MP -MF"STM32F103C6_Drivers/Keypad/Keypad.d" -MT"STM32F103C6_Drivers/Keypad/Keypad.o" --specs=nano.specs -mfloat-abi=soft -mthumb -o "STM32F103C6_Drivers/Keypad/Keypad.o"
../STM32F103C6_Drivers/LCD/LCD.c: In function 'wait_ms':
../STM32F103C6_Drivers/LCD/LCD.c:13:2: error: unknown type name 'uint32'; did you mean 'uint32_t'?
  uint32 i,j;
  ^~~~~~
  uint32_t
../STM32F103C6_Drivers/LCD/LCD.c: In function 'LCD_KICK':
../STM32F103C6_Drivers/LCD/LCD.c:21:17: warning: left shift count >= width of type [-Wshift-count-overflow]
  LCD_CTRL &= ~(1<<EN_SWITCH);
                 ^~
../STM32F103C6_Drivers/LCD/LCD.c:21:11: error: lvalue required as left operand of assignment
  LCD_CTRL &= ~(1<<EN_SWITCH);
           ^~
../STM32F103C6_Drivers/LCD/LCD.c:23:16: warning: left shift count >= width of type [-Wshift-count-overflow]
  LCD_CTRL |= (1<<EN_SWITCH);
                ^~
../STM32F103C6_Drivers/LCD/LCD.c:23:11: error: lvalue required as left operand of assignment
  LCD_CTRL |= (1<<EN_SWITCH);
           ^~
../STM32F103C6_Drivers/LCD/LCD.c: In function 'LCD_WR_CHAR':
../STM32F103C6_Drivers/LCD/LCD.c:156:12: error: lvalue required as left operand of assignment
   LCD_PORT = DATA;
            ^
../STM32F103C6_Drivers/LCD/LCD.c:157:18: warning: left shift count >= width of type [-Wshift-count-overflow]
   LCD_CTRL &= ~(1<<RW_SWITCH);
                  ^~
../STM32F103C6_Drivers/LCD/LCD.c:157:12: error: lvalue required as left operand of assignment
   LCD_CTRL &= ~(1<<RW_SWITCH);
            ^~
../STM32F103C6_Drivers/LCD/LCD.c:158:17: warning: left shift count >= width of type [-Wshift-count-overflow]
   LCD_CTRL |= (1<<RS_SWITCH);
                 ^~
../STM32F103C6_Drivers/LCD/LCD.c:158:12: error: lvalue required as left operand of assignment
   LCD_CTRL |= (1<<RS_SWITCH);
            ^~
../STM32F103C6_Drivers/LCD/LCD.c: In function 'LCD_WR_STR':
../STM32F103C6_Drivers/LCD/LCD.c:192:15: warning: passing argument 1 of 'LCD_WR_CHAR' makes integer from pointer without a cast [-Wint-conversion]
   LCD_WR_CHAR(data++);
               ^~~~
../STM32F103C6_Drivers/LCD/LCD.c:152:6: note: expected 'unsigned char' but argument is of type 'char *'
 void LCD_WR_CHAR(unsigned char DATA)
      ^~~~~~~~~~~
In file included from ../STM32F103C6_Drivers/Keypad/Keypad.c:7:0:
../STM32F103C6_Drivers/Keypad/Keypad.c: In function 'KEYPAD_init':
E:/EmbeddedSystemKS/Unit_7_MCU_Essential_Peripherals/Drivers/Drivers/STM32F103C6_Drivers/Inc/keypad.h:17:26: error: 'DDRD' undeclared (first use in this function)
 #define DDIR_KEYPAD_PORT DDRD
                          ^
../STM32F103C6_Drivers/Keypad/Keypad.c:15:2: note: in expansion of macro 'DDIR_KEYPAD_PORT'
  DDIR_KEYPAD_PORT &= ~((1<<KEYPAD_R[0]) | (1<<KEYPAD_R[1]) | (1<<KEYPAD_R[2]) | (1<<KEYPAD_R[3]));
  ^~~~~~~~~~~~~~~~
E:/EmbeddedSystemKS/Unit_7_MCU_Essential_Peripherals/Drivers/Drivers/STM32F103C6_Drivers/Inc/keypad.h:17:26: note: each undeclared identifier is reported only once for each function it appears in
 #define DDIR_KEYPAD_PORT DDRD
                          ^
../STM32F103C6_Drivers/Keypad/Keypad.c:15:2: note: in expansion of macro 'DDIR_KEYPAD_PORT'
  DDIR_KEYPAD_PORT &= ~((1<<KEYPAD_R[0]) | (1<<KEYPAD_R[1]) | (1<<KEYPAD_R[2]) | (1<<KEYPAD_R[3]));
  ^~~~~~~~~~~~~~~~
E:/EmbeddedSystemKS/Unit_7_MCU_Essential_Peripherals/Drivers/Drivers/STM32F103C6_Drivers/Inc/keypad.h:16:21: error: 'PORTD' undeclared (first use in this function)
 #define KEYPAD_PORT PORTD
                     ^
../STM32F103C6_Drivers/Keypad/Keypad.c:17:2: note: in expansion of macro 'KEYPAD_PORT'
  KEYPAD_PORT = 0xFF;
  ^~~~~~~~~~~
../STM32F103C6_Drivers/Keypad/Keypad.c: In function 'KEYPAD_CHAR':
E:/EmbeddedSystemKS/Unit_7_MCU_Essential_Peripherals/Drivers/Drivers/STM32F103C6_Drivers/Inc/keypad.h:16:21: error: 'PORTD' undeclared (first use in this function)
 #define KEYPAD_PORT PORTD
                     ^
../STM32F103C6_Drivers/Keypad/Keypad.c:25:3: note: in expansion of macro 'KEYPAD_PORT'
   KEYPAD_PORT |= ((1<<KEYPAD_C[0]) | (1<<KEYPAD_C[1]) | (1<<KEYPAD_C[2]) | (1<<KEYPAD_C[3]));
   ^~~~~~~~~~~
E:/EmbeddedSystemKS/Unit_7_MCU_Essential_Peripherals/Drivers/Drivers/STM32F103C6_Drivers/Inc/keypad.h:18:20: error: 'PIND' undeclared (first use in this function); did you mean 'GPIOD'?
 #define KEYPAD_PIN PIND
                    ^
../STM32F103C6_Drivers/Keypad/Keypad.c:29:9: note: in expansion of macro 'KEYPAD_PIN'
    if(!(KEYPAD_PIN & (1<<KEYPAD_R[j])))
         ^~~~~~~~~~
make: *** [STM32F103C6_Drivers/Keypad/subdir.mk:18: STM32F103C6_Drivers/Keypad/Keypad.o] Error 1
make: *** Waiting for unfinished jobs....
make: *** [STM32F103C6_Drivers/LCD/subdir.mk:18: STM32F103C6_Drivers/LCD/LCD.o] Error 1
"make -j4 all" terminated with exit code 2. Build might be incomplete.
21:42:02 **** Incremental Build of configuration Debug for project Drivers ****
make -j4 all 
arm-none-eabi-gcc -gdwarf-2 "../STM32F103C6_Drivers/LCD/LCD.c" -mcpu=cortex-m3 -std=gnu11 -g3 -DSTM32 -DSTM32F1 -DSTM32F103C6Tx -DDEBUG -c -I"E:/EmbeddedSystemKS/Unit_7_MCU_Essential_Peripherals/Drivers/Drivers/STM32F103C6_Drivers/Inc" -I../Inc -O0 -ffunction-sections -fdata-sections -Wall -fstack-usage -MMD -MP -MF"STM32F103C6_Drivers/LCD/LCD.d" -MT"STM32F103C6_Drivers/LCD/LCD.o" --specs=nano.specs -mfloat-abi=soft -mthumb -o "STM32F103C6_Drivers/LCD/LCD.o"
arm-none-eabi-gcc -gdwarf-2 "../STM32F103C6_Drivers/Keypad/Keypad.c" -mcpu=cortex-m3 -std=gnu11 -g3 -DSTM32 -DSTM32F1 -DSTM32F103C6Tx -DDEBUG -c -I"E:/EmbeddedSystemKS/Unit_7_MCU_Essential_Peripherals/Drivers/Drivers/STM32F103C6_Drivers/Inc" -I../Inc -O0 -ffunction-sections -fdata-sections -Wall -fstack-usage -MMD -MP -MF"STM32F103C6_Drivers/Keypad/Keypad.d" -MT"STM32F103C6_Drivers/Keypad/Keypad.o" --specs=nano.specs -mfloat-abi=soft -mthumb -o "STM32F103C6_Drivers/Keypad/Keypad.o"
In file included from ../STM32F103C6_Drivers/Keypad/Keypad.c:7:0:
../STM32F103C6_Drivers/Keypad/Keypad.c: In function 'KEYPAD_init':
../STM32F103C6_Drivers/LCD/LCD.c: In function 'wait_ms':
../STM32F103C6_Drivers/LCD/LCD.c:14:2: error: unknown type name 'uint32'; did you mean 'uint32_t'?
  uint32 i,j;
  ^~~~~~
  uint32_t
E:/EmbeddedSystemKS/Unit_7_MCU_Essential_Peripherals/Drivers/Drivers/STM32F103C6_Drivers/Inc/keypad.h:17:26: error: 'DDRD' undeclared (first use in this function)
 #define DDIR_KEYPAD_PORT DDRD
                          ^
../STM32F103C6_Drivers/Keypad/Keypad.c:15:2: note: in expansion of macro 'DDIR_KEYPAD_PORT'
  DDIR_KEYPAD_PORT &= ~((1<<KEYPAD_R[0]) | (1<<KEYPAD_R[1]) | (1<<KEYPAD_R[2]) | (1<<KEYPAD_R[3]));
  ^~~~~~~~~~~~~~~~
../STM32F103C6_Drivers/LCD/LCD.c: In function 'LCD_KICK':
../STM32F103C6_Drivers/LCD/LCD.c:22:17: warning: left shift count >= width of type [-Wshift-count-overflow]
  LCD_CTRL &= ~(1<<EN_SWITCH);
                 ^~
E:/EmbeddedSystemKS/Unit_7_MCU_Essential_Peripherals/Drivers/Drivers/STM32F103C6_Drivers/Inc/keypad.h:17:26: note: each undeclared identifier is reported only once for each function it appears in
 #define DDIR_KEYPAD_PORT DDRD
                          ^
../STM32F103C6_Drivers/Keypad/Keypad.c:15:2: note: in expansion of macro 'DDIR_KEYPAD_PORT'
  DDIR_KEYPAD_PORT &= ~((1<<KEYPAD_R[0]) | (1<<KEYPAD_R[1]) | (1<<KEYPAD_R[2]) | (1<<KEYPAD_R[3]));
  ^~~~~~~~~~~~~~~~
../STM32F103C6_Drivers/LCD/LCD.c:22:11: error: lvalue required as left operand of assignment
  LCD_CTRL &= ~(1<<EN_SWITCH);
           ^~
../STM32F103C6_Drivers/LCD/LCD.c:24:16: warning: left shift count >= width of type [-Wshift-count-overflow]
  LCD_CTRL |= (1<<EN_SWITCH);
                ^~
../STM32F103C6_Drivers/LCD/LCD.c:24:11: error: lvalue required as left operand of assignment
  LCD_CTRL |= (1<<EN_SWITCH);
           ^~
E:/EmbeddedSystemKS/Unit_7_MCU_Essential_Peripherals/Drivers/Drivers/STM32F103C6_Drivers/Inc/keypad.h:16:21: error: 'PORTD' undeclared (first use in this function)
 #define KEYPAD_PORT PORTD
                     ^
../STM32F103C6_Drivers/Keypad/Keypad.c:17:2: note: in expansion of macro 'KEYPAD_PORT'
  KEYPAD_PORT = 0xFF;
  ^~~~~~~~~~~
../STM32F103C6_Drivers/LCD/LCD.c: In function 'LCD_WR_CHAR':
../STM32F103C6_Drivers/LCD/LCD.c:157:12: error: lvalue required as left operand of assignment
   LCD_PORT = DATA;
            ^
../STM32F103C6_Drivers/LCD/LCD.c:158:18: warning: left shift count >= width of type [-Wshift-count-overflow]
   LCD_CTRL &= ~(1<<RW_SWITCH);
                  ^~
../STM32F103C6_Drivers/LCD/LCD.c:158:12: error: lvalue required as left operand of assignment
   LCD_CTRL &= ~(1<<RW_SWITCH);
            ^~
../STM32F103C6_Drivers/LCD/LCD.c:159:17: warning: left shift count >= width of type [-Wshift-count-overflow]
   LCD_CTRL |= (1<<RS_SWITCH);
                 ^~
../STM32F103C6_Drivers/LCD/LCD.c:159:12: error: lvalue required as left operand of assignment
   LCD_CTRL |= (1<<RS_SWITCH);
            ^~
../STM32F103C6_Drivers/LCD/LCD.c: In function 'LCD_WR_STR':
../STM32F103C6_Drivers/LCD/LCD.c:193:15: warning: passing argument 1 of 'LCD_WR_CHAR' makes integer from pointer without a cast [-Wint-conversion]
   LCD_WR_CHAR(data++);
               ^~~~
../STM32F103C6_Drivers/LCD/LCD.c:153:6: note: expected 'unsigned char' but argument is of type 'char *'
 void LCD_WR_CHAR(unsigned char DATA)
      ^~~~~~~~~~~
../STM32F103C6_Drivers/Keypad/Keypad.c: In function 'KEYPAD_CHAR':
E:/EmbeddedSystemKS/Unit_7_MCU_Essential_Peripherals/Drivers/Drivers/STM32F103C6_Drivers/Inc/keypad.h:16:21: error: 'PORTD' undeclared (first use in this function)
 #define KEYPAD_PORT PORTD
                     ^
../STM32F103C6_Drivers/Keypad/Keypad.c:25:3: note: in expansion of macro 'KEYPAD_PORT'
   KEYPAD_PORT |= ((1<<KEYPAD_C[0]) | (1<<KEYPAD_C[1]) | (1<<KEYPAD_C[2]) | (1<<KEYPAD_C[3]));
   ^~~~~~~~~~~
E:/EmbeddedSystemKS/Unit_7_MCU_Essential_Peripherals/Drivers/Drivers/STM32F103C6_Drivers/Inc/keypad.h:18:20: error: 'PIND' undeclared (first use in this function); did you mean 'GPIOD'?
 #define KEYPAD_PIN PIND
                    ^
../STM32F103C6_Drivers/Keypad/Keypad.c:29:9: note: in expansion of macro 'KEYPAD_PIN'
    if(!(KEYPAD_PIN & (1<<KEYPAD_R[j])))
         ^~~~~~~~~~
make: *** [STM32F103C6_Drivers/LCD/subdir.mk:18: STM32F103C6_Drivers/LCD/LCD.o] Error 1
make: *** Waiting for unfinished jobs....
make: *** [STM32F103C6_Drivers/Keypad/subdir.mk:18: STM32F103C6_Drivers/Keypad/Keypad.o] Error 1
"make -j4 all" terminated with exit code 2. Build might be incomplete.
21:42:10 **** Incremental Build of configuration Debug for project Drivers ****
make -j4 all 
arm-none-eabi-gcc -gdwarf-2 "../STM32F103C6_Drivers/LCD/LCD.c" -mcpu=cortex-m3 -std=gnu11 -g3 -DSTM32 -DSTM32F1 -DSTM32F103C6Tx -DDEBUG -c -I"E:/EmbeddedSystemKS/Unit_7_MCU_Essential_Peripherals/Drivers/Drivers/STM32F103C6_Drivers/Inc" -I../Inc -O0 -ffunction-sections -fdata-sections -Wall -fstack-usage -MMD -MP -MF"STM32F103C6_Drivers/LCD/LCD.d" -MT"STM32F103C6_Drivers/LCD/LCD.o" --specs=nano.specs -mfloat-abi=soft -mthumb -o "STM32F103C6_Drivers/LCD/LCD.o"
arm-none-eabi-gcc -gdwarf-2 "../STM32F103C6_Drivers/Keypad/Keypad.c" -mcpu=cortex-m3 -std=gnu11 -g3 -DSTM32 -DSTM32F1 -DSTM32F103C6Tx -DDEBUG -c -I"E:/EmbeddedSystemKS/Unit_7_MCU_Essential_Peripherals/Drivers/Drivers/STM32F103C6_Drivers/Inc" -I../Inc -O0 -ffunction-sections -fdata-sections -Wall -fstack-usage -MMD -MP -MF"STM32F103C6_Drivers/Keypad/Keypad.d" -MT"STM32F103C6_Drivers/Keypad/Keypad.o" --specs=nano.specs -mfloat-abi=soft -mthumb -o "STM32F103C6_Drivers/Keypad/Keypad.o"
../STM32F103C6_Drivers/LCD/LCD.c: In function 'LCD_KICK':
../STM32F103C6_Drivers/LCD/LCD.c:22:17: warning: left shift count >= width of type [-Wshift-count-overflow]
  LCD_CTRL &= ~(1<<EN_SWITCH);
                 ^~
../STM32F103C6_Drivers/LCD/LCD.c:22:11: error: lvalue required as left operand of assignment
  LCD_CTRL &= ~(1<<EN_SWITCH);
           ^~
../STM32F103C6_Drivers/LCD/LCD.c:24:16: warning: left shift count >= width of type [-Wshift-count-overflow]
  LCD_CTRL |= (1<<EN_SWITCH);
                ^~
../STM32F103C6_Drivers/LCD/LCD.c:24:11: error: lvalue required as left operand of assignment
  LCD_CTRL |= (1<<EN_SWITCH);
           ^~
../STM32F103C6_Drivers/LCD/LCD.c: In function 'LCD_WR_CHAR':
../STM32F103C6_Drivers/LCD/LCD.c:157:12: error: lvalue required as left operand of assignment
   LCD_PORT = DATA;
            ^
../STM32F103C6_Drivers/LCD/LCD.c:158:18: warning: left shift count >= width of type [-Wshift-count-overflow]
   LCD_CTRL &= ~(1<<RW_SWITCH);
                  ^~
../STM32F103C6_Drivers/LCD/LCD.c:158:12: error: lvalue required as left operand of assignment
   LCD_CTRL &= ~(1<<RW_SWITCH);
            ^~
../STM32F103C6_Drivers/LCD/LCD.c:159:17: warning: left shift count >= width of type [-Wshift-count-overflow]
   LCD_CTRL |= (1<<RS_SWITCH);
                 ^~
../STM32F103C6_Drivers/LCD/LCD.c:159:12: error: lvalue required as left operand of assignment
   LCD_CTRL |= (1<<RS_SWITCH);
            ^~
../STM32F103C6_Drivers/LCD/LCD.c: In function 'LCD_WR_STR':
../STM32F103C6_Drivers/LCD/LCD.c:193:15: warning: passing argument 1 of 'LCD_WR_CHAR' makes integer from pointer without a cast [-Wint-conversion]
   LCD_WR_CHAR(data++);
               ^~~~
../STM32F103C6_Drivers/LCD/LCD.c:153:6: note: expected 'unsigned char' but argument is of type 'char *'
 void LCD_WR_CHAR(unsigned char DATA)
      ^~~~~~~~~~~
In file included from ../STM32F103C6_Drivers/Keypad/Keypad.c:7:0:
../STM32F103C6_Drivers/Keypad/Keypad.c: In function 'KEYPAD_init':
E:/EmbeddedSystemKS/Unit_7_MCU_Essential_Peripherals/Drivers/Drivers/STM32F103C6_Drivers/Inc/keypad.h:17:26: error: 'DDRD' undeclared (first use in this function)
 #define DDIR_KEYPAD_PORT DDRD
                          ^
../STM32F103C6_Drivers/Keypad/Keypad.c:15:2: note: in expansion of macro 'DDIR_KEYPAD_PORT'
  DDIR_KEYPAD_PORT &= ~((1<<KEYPAD_R[0]) | (1<<KEYPAD_R[1]) | (1<<KEYPAD_R[2]) | (1<<KEYPAD_R[3]));
  ^~~~~~~~~~~~~~~~
E:/EmbeddedSystemKS/Unit_7_MCU_Essential_Peripherals/Drivers/Drivers/STM32F103C6_Drivers/Inc/keypad.h:17:26: note: each undeclared identifier is reported only once for each function it appears in
 #define DDIR_KEYPAD_PORT DDRD
                          ^
../STM32F103C6_Drivers/Keypad/Keypad.c:15:2: note: in expansion of macro 'DDIR_KEYPAD_PORT'
  DDIR_KEYPAD_PORT &= ~((1<<KEYPAD_R[0]) | (1<<KEYPAD_R[1]) | (1<<KEYPAD_R[2]) | (1<<KEYPAD_R[3]));
  ^~~~~~~~~~~~~~~~
E:/EmbeddedSystemKS/Unit_7_MCU_Essential_Peripherals/Drivers/Drivers/STM32F103C6_Drivers/Inc/keypad.h:16:21: error: 'PORTD' undeclared (first use in this function)
 #define KEYPAD_PORT PORTD
                     ^
../STM32F103C6_Drivers/Keypad/Keypad.c:17:2: note: in expansion of macro 'KEYPAD_PORT'
  KEYPAD_PORT = 0xFF;
  ^~~~~~~~~~~
../STM32F103C6_Drivers/Keypad/Keypad.c: In function 'KEYPAD_CHAR':
E:/EmbeddedSystemKS/Unit_7_MCU_Essential_Peripherals/Drivers/Drivers/STM32F103C6_Drivers/Inc/keypad.h:16:21: error: 'PORTD' undeclared (first use in this function)
 #define KEYPAD_PORT PORTD
                     ^
../STM32F103C6_Drivers/Keypad/Keypad.c:25:3: note: in expansion of macro 'KEYPAD_PORT'
   KEYPAD_PORT |= ((1<<KEYPAD_C[0]) | (1<<KEYPAD_C[1]) | (1<<KEYPAD_C[2]) | (1<<KEYPAD_C[3]));
   ^~~~~~~~~~~
E:/EmbeddedSystemKS/Unit_7_MCU_Essential_Peripherals/Drivers/Drivers/STM32F103C6_Drivers/Inc/keypad.h:18:20: error: 'PIND' undeclared (first use in this function); did you mean 'GPIOD'?
 #define KEYPAD_PIN PIND
                    ^
../STM32F103C6_Drivers/Keypad/Keypad.c:29:9: note: in expansion of macro 'KEYPAD_PIN'
    if(!(KEYPAD_PIN & (1<<KEYPAD_R[j])))
         ^~~~~~~~~~
make: *** [STM32F103C6_Drivers/Keypad/subdir.mk:18: STM32F103C6_Drivers/Keypad/Keypad.o] Error 1
make: *** Waiting for unfinished jobs....
make: *** [STM32F103C6_Drivers/LCD/subdir.mk:18: STM32F103C6_Drivers/LCD/LCD.o] Error 1
"make -j4 all" terminated with exit code 2. Build might be incomplete.
21:42:12 **** Incremental Build of configuration Debug for project Drivers ****
make -j4 all 
arm-none-eabi-gcc -gdwarf-2 "../STM32F103C6_Drivers/LCD/LCD.c" -mcpu=cortex-m3 -std=gnu11 -g3 -DSTM32 -DSTM32F1 -DSTM32F103C6Tx -DDEBUG -c -I"E:/EmbeddedSystemKS/Unit_7_MCU_Essential_Peripherals/Drivers/Drivers/STM32F103C6_Drivers/Inc" -I../Inc -O0 -ffunction-sections -fdata-sections -Wall -fstack-usage -MMD -MP -MF"STM32F103C6_Drivers/LCD/LCD.d" -MT"STM32F103C6_Drivers/LCD/LCD.o" --specs=nano.specs -mfloat-abi=soft -mthumb -o "STM32F103C6_Drivers/LCD/LCD.o"
arm-none-eabi-gcc -gdwarf-2 "../STM32F103C6_Drivers/Keypad/Keypad.c" -mcpu=cortex-m3 -std=gnu11 -g3 -DSTM32 -DSTM32F1 -DSTM32F103C6Tx -DDEBUG -c -I"E:/EmbeddedSystemKS/Unit_7_MCU_Essential_Peripherals/Drivers/Drivers/STM32F103C6_Drivers/Inc" -I../Inc -O0 -ffunction-sections -fdata-sections -Wall -fstack-usage -MMD -MP -MF"STM32F103C6_Drivers/Keypad/Keypad.d" -MT"STM32F103C6_Drivers/Keypad/Keypad.o" --specs=nano.specs -mfloat-abi=soft -mthumb -o "STM32F103C6_Drivers/Keypad/Keypad.o"
../STM32F103C6_Drivers/LCD/LCD.c: In function 'LCD_KICK':
In file included from ../STM32F103C6_Drivers/Keypad/Keypad.c:7:0:
../STM32F103C6_Drivers/Keypad/Keypad.c: In function 'KEYPAD_init':
../STM32F103C6_Drivers/LCD/LCD.c:22:17: warning: left shift count >= width of type [-Wshift-count-overflow]
  LCD_CTRL &= ~(1<<EN_SWITCH);
                 ^~
../STM32F103C6_Drivers/LCD/LCD.c:22:11: error: lvalue required as left operand of assignment
  LCD_CTRL &= ~(1<<EN_SWITCH);
           ^~
../STM32F103C6_Drivers/LCD/LCD.c:24:16: warning: left shift count >= width of type [-Wshift-count-overflow]
  LCD_CTRL |= (1<<EN_SWITCH);
                ^~
../STM32F103C6_Drivers/LCD/LCD.c:24:11: error: lvalue required as left operand of assignment
  LCD_CTRL |= (1<<EN_SWITCH);
           ^~
E:/EmbeddedSystemKS/Unit_7_MCU_Essential_Peripherals/Drivers/Drivers/STM32F103C6_Drivers/Inc/keypad.h:17:26: error: 'DDRD' undeclared (first use in this function)
 #define DDIR_KEYPAD_PORT DDRD
                          ^
../STM32F103C6_Drivers/Keypad/Keypad.c:15:2: note: in expansion of macro 'DDIR_KEYPAD_PORT'
  DDIR_KEYPAD_PORT &= ~((1<<KEYPAD_R[0]) | (1<<KEYPAD_R[1]) | (1<<KEYPAD_R[2]) | (1<<KEYPAD_R[3]));
  ^~~~~~~~~~~~~~~~
E:/EmbeddedSystemKS/Unit_7_MCU_Essential_Peripherals/Drivers/Drivers/STM32F103C6_Drivers/Inc/keypad.h:17:26: note: each undeclared identifier is reported only once for each function it appears in
 #define DDIR_KEYPAD_PORT DDRD
                          ^
../STM32F103C6_Drivers/Keypad/Keypad.c:15:2: note: in expansion of macro 'DDIR_KEYPAD_PORT'
  DDIR_KEYPAD_PORT &= ~((1<<KEYPAD_R[0]) | (1<<KEYPAD_R[1]) | (1<<KEYPAD_R[2]) | (1<<KEYPAD_R[3]));
  ^~~~~~~~~~~~~~~~
E:/EmbeddedSystemKS/Unit_7_MCU_Essential_Peripherals/Drivers/Drivers/STM32F103C6_Drivers/Inc/keypad.h:16:21: error: 'PORTD' undeclared (first use in this function)
 #define KEYPAD_PORT PORTD
                     ^
../STM32F103C6_Drivers/Keypad/Keypad.c:17:2: note: in expansion of macro 'KEYPAD_PORT'
  KEYPAD_PORT = 0xFF;
  ^~~~~~~~~~~
../STM32F103C6_Drivers/Keypad/Keypad.c: In function 'KEYPAD_CHAR':
E:/EmbeddedSystemKS/Unit_7_MCU_Essential_Peripherals/Drivers/Drivers/STM32F103C6_Drivers/Inc/keypad.h:16:21: error: 'PORTD' undeclared (first use in this function)
 #define KEYPAD_PORT PORTD
                     ^
../STM32F103C6_Drivers/Keypad/Keypad.c:25:3: note: in expansion of macro 'KEYPAD_PORT'
   KEYPAD_PORT |= ((1<<KEYPAD_C[0]) | (1<<KEYPAD_C[1]) | (1<<KEYPAD_C[2]) | (1<<KEYPAD_C[3]));
   ^~~~~~~~~~~
E:/EmbeddedSystemKS/Unit_7_MCU_Essential_Peripherals/Drivers/Drivers/STM32F103C6_Drivers/Inc/keypad.h:18:20: error: 'PIND' undeclared (first use in this function); did you mean 'GPIOD'?
 #define KEYPAD_PIN PIND
                    ^
../STM32F103C6_Drivers/Keypad/Keypad.c:29:9: note: in expansion of macro 'KEYPAD_PIN'
    if(!(KEYPAD_PIN & (1<<KEYPAD_R[j])))
         ^~~~~~~~~~
../STM32F103C6_Drivers/LCD/LCD.c: In function 'LCD_WR_CHAR':
../STM32F103C6_Drivers/LCD/LCD.c:157:12: error: lvalue required as left operand of assignment
   LCD_PORT = DATA;
            ^
../STM32F103C6_Drivers/LCD/LCD.c:158:18: warning: left shift count >= width of type [-Wshift-count-overflow]
   LCD_CTRL &= ~(1<<RW_SWITCH);
                  ^~
../STM32F103C6_Drivers/LCD/LCD.c:158:12: error: lvalue required as left operand of assignment
   LCD_CTRL &= ~(1<<RW_SWITCH);
            ^~
../STM32F103C6_Drivers/LCD/LCD.c:159:17: warning: left shift count >= width of type [-Wshift-count-overflow]
   LCD_CTRL |= (1<<RS_SWITCH);
                 ^~
../STM32F103C6_Drivers/LCD/LCD.c:159:12: error: lvalue required as left operand of assignment
   LCD_CTRL |= (1<<RS_SWITCH);
            ^~
../STM32F103C6_Drivers/LCD/LCD.c: In function 'LCD_WR_STR':
../STM32F103C6_Drivers/LCD/LCD.c:193:15: warning: passing argument 1 of 'LCD_WR_CHAR' makes integer from pointer without a cast [-Wint-conversion]
   LCD_WR_CHAR(data++);
               ^~~~
../STM32F103C6_Drivers/LCD/LCD.c:153:6: note: expected 'unsigned char' but argument is of type 'char *'
 void LCD_WR_CHAR(unsigned char DATA)
      ^~~~~~~~~~~
make: *** [STM32F103C6_Drivers/Keypad/subdir.mk:18: STM32F103C6_Drivers/Keypad/Keypad.o] Error 1
make: *** Waiting for unfinished jobs....
make: *** [STM32F103C6_Drivers/LCD/subdir.mk:18: STM32F103C6_Drivers/LCD/LCD.o] Error 1
"make -j4 all" terminated with exit code 2. Build might be incomplete.
21:42:58 **** Incremental Build of configuration Debug for project Drivers ****
make -j4 all 
arm-none-eabi-gcc -gdwarf-2 "../STM32F103C6_Drivers/LCD/LCD.c" -mcpu=cortex-m3 -std=gnu11 -g3 -DSTM32 -DSTM32F1 -DSTM32F103C6Tx -DDEBUG -c -I"E:/EmbeddedSystemKS/Unit_7_MCU_Essential_Peripherals/Drivers/Drivers/STM32F103C6_Drivers/Inc" -I../Inc -O0 -ffunction-sections -fdata-sections -Wall -fstack-usage -MMD -MP -MF"STM32F103C6_Drivers/LCD/LCD.d" -MT"STM32F103C6_Drivers/LCD/LCD.o" --specs=nano.specs -mfloat-abi=soft -mthumb -o "STM32F103C6_Drivers/LCD/LCD.o"
arm-none-eabi-gcc -gdwarf-2 "../STM32F103C6_Drivers/Keypad/Keypad.c" -mcpu=cortex-m3 -std=gnu11 -g3 -DSTM32 -DSTM32F1 -DSTM32F103C6Tx -DDEBUG -c -I"E:/EmbeddedSystemKS/Unit_7_MCU_Essential_Peripherals/Drivers/Drivers/STM32F103C6_Drivers/Inc" -I../Inc -O0 -ffunction-sections -fdata-sections -Wall -fstack-usage -MMD -MP -MF"STM32F103C6_Drivers/Keypad/Keypad.d" -MT"STM32F103C6_Drivers/Keypad/Keypad.o" --specs=nano.specs -mfloat-abi=soft -mthumb -o "STM32F103C6_Drivers/Keypad/Keypad.o"
In file included from ../STM32F103C6_Drivers/Keypad/Keypad.c:7:0:
../STM32F103C6_Drivers/Keypad/Keypad.c: In function 'KEYPAD_init':
../STM32F103C6_Drivers/LCD/LCD.c: In function 'LCD_WR_CHAR':
E:/EmbeddedSystemKS/Unit_7_MCU_Essential_Peripherals/Drivers/Drivers/STM32F103C6_Drivers/Inc/keypad.h:17:26: error: 'DDRD' undeclared (first use in this function)
 #define DDIR_KEYPAD_PORT DDRD
                          ^
../STM32F103C6_Drivers/Keypad/Keypad.c:15:2: note: in expansion of macro 'DDIR_KEYPAD_PORT'
  DDIR_KEYPAD_PORT &= ~((1<<KEYPAD_R[0]) | (1<<KEYPAD_R[1]) | (1<<KEYPAD_R[2]) | (1<<KEYPAD_R[3]));
  ^~~~~~~~~~~~~~~~
E:/EmbeddedSystemKS/Unit_7_MCU_Essential_Peripherals/Drivers/Drivers/STM32F103C6_Drivers/Inc/keypad.h:17:26: note: each undeclared identifier is reported only once for each function it appears in
 #define DDIR_KEYPAD_PORT DDRD
                          ^
../STM32F103C6_Drivers/Keypad/Keypad.c:15:2: note: in expansion of macro 'DDIR_KEYPAD_PORT'
  DDIR_KEYPAD_PORT &= ~((1<<KEYPAD_R[0]) | (1<<KEYPAD_R[1]) | (1<<KEYPAD_R[2]) | (1<<KEYPAD_R[3]));
  ^~~~~~~~~~~~~~~~
../STM32F103C6_Drivers/LCD/LCD.c:157:12: error: lvalue required as left operand of assignment
   LCD_PORT = DATA;
            ^
../STM32F103C6_Drivers/LCD/LCD.c:158:18: warning: left shift count >= width of type [-Wshift-count-overflow]
   LCD_CTRL &= ~(1<<RW_SWITCH);
                  ^~
../STM32F103C6_Drivers/LCD/LCD.c:158:12: error: lvalue required as left operand of assignment
   LCD_CTRL &= ~(1<<RW_SWITCH);
            ^~
../STM32F103C6_Drivers/LCD/LCD.c:159:17: warning: left shift count >= width of type [-Wshift-count-overflow]
   LCD_CTRL |= (1<<RS_SWITCH);
                 ^~
../STM32F103C6_Drivers/LCD/LCD.c:159:12: error: lvalue required as left operand of assignment
   LCD_CTRL |= (1<<RS_SWITCH);
            ^~
../STM32F103C6_Drivers/LCD/LCD.c: In function 'LCD_WR_STR':
../STM32F103C6_Drivers/LCD/LCD.c:193:15: warning: passing argument 1 of 'LCD_WR_CHAR' makes integer from pointer without a cast [-Wint-conversion]
   LCD_WR_CHAR(data++);
               ^~~~
../STM32F103C6_Drivers/LCD/LCD.c:153:6: note: expected 'unsigned char' but argument is of type 'char *'
 void LCD_WR_CHAR(unsigned char DATA)
      ^~~~~~~~~~~
E:/EmbeddedSystemKS/Unit_7_MCU_Essential_Peripherals/Drivers/Drivers/STM32F103C6_Drivers/Inc/keypad.h:16:21: error: 'PORTD' undeclared (first use in this function)
 #define KEYPAD_PORT PORTD
                     ^
../STM32F103C6_Drivers/Keypad/Keypad.c:17:2: note: in expansion of macro 'KEYPAD_PORT'
  KEYPAD_PORT = 0xFF;
  ^~~~~~~~~~~
../STM32F103C6_Drivers/Keypad/Keypad.c: In function 'KEYPAD_CHAR':
E:/EmbeddedSystemKS/Unit_7_MCU_Essential_Peripherals/Drivers/Drivers/STM32F103C6_Drivers/Inc/keypad.h:16:21: error: 'PORTD' undeclared (first use in this function)
 #define KEYPAD_PORT PORTD
                     ^
../STM32F103C6_Drivers/Keypad/Keypad.c:25:3: note: in expansion of macro 'KEYPAD_PORT'
   KEYPAD_PORT |= ((1<<KEYPAD_C[0]) | (1<<KEYPAD_C[1]) | (1<<KEYPAD_C[2]) | (1<<KEYPAD_C[3]));
   ^~~~~~~~~~~
E:/EmbeddedSystemKS/Unit_7_MCU_Essential_Peripherals/Drivers/Drivers/STM32F103C6_Drivers/Inc/keypad.h:18:20: error: 'PIND' undeclared (first use in this function); did you mean 'GPIOD'?
 #define KEYPAD_PIN PIND
                    ^
../STM32F103C6_Drivers/Keypad/Keypad.c:29:9: note: in expansion of macro 'KEYPAD_PIN'
    if(!(KEYPAD_PIN & (1<<KEYPAD_R[j])))
         ^~~~~~~~~~
make: *** [STM32F103C6_Drivers/Keypad/subdir.mk:18: STM32F103C6_Drivers/Keypad/Keypad.o] Error 1
make: *** Waiting for unfinished jobs....
make: *** [STM32F103C6_Drivers/LCD/subdir.mk:18: STM32F103C6_Drivers/LCD/LCD.o] Error 1
"make -j4 all" terminated with exit code 2. Build might be incomplete.
21:46:01 **** Incremental Build of configuration Debug for project Drivers ****
make -j4 all 
arm-none-eabi-gcc -gdwarf-2 "../STM32F103C6_Drivers/LCD/LCD.c" -mcpu=cortex-m3 -std=gnu11 -g3 -DSTM32 -DSTM32F1 -DSTM32F103C6Tx -DDEBUG -c -I"E:/EmbeddedSystemKS/Unit_7_MCU_Essential_Peripherals/Drivers/Drivers/STM32F103C6_Drivers/Inc" -I../Inc -O0 -ffunction-sections -fdata-sections -Wall -fstack-usage -MMD -MP -MF"STM32F103C6_Drivers/LCD/LCD.d" -MT"STM32F103C6_Drivers/LCD/LCD.o" --specs=nano.specs -mfloat-abi=soft -mthumb -o "STM32F103C6_Drivers/LCD/LCD.o"
arm-none-eabi-gcc -gdwarf-2 "../STM32F103C6_Drivers/Keypad/Keypad.c" -mcpu=cortex-m3 -std=gnu11 -g3 -DSTM32 -DSTM32F1 -DSTM32F103C6Tx -DDEBUG -c -I"E:/EmbeddedSystemKS/Unit_7_MCU_Essential_Peripherals/Drivers/Drivers/STM32F103C6_Drivers/Inc" -I../Inc -O0 -ffunction-sections -fdata-sections -Wall -fstack-usage -MMD -MP -MF"STM32F103C6_Drivers/Keypad/Keypad.d" -MT"STM32F103C6_Drivers/Keypad/Keypad.o" --specs=nano.specs -mfloat-abi=soft -mthumb -o "STM32F103C6_Drivers/Keypad/Keypad.o"
In file included from ../STM32F103C6_Drivers/Keypad/Keypad.c:7:0:
../STM32F103C6_Drivers/Keypad/Keypad.c: In function 'KEYPAD_init':
E:/EmbeddedSystemKS/Unit_7_MCU_Essential_Peripherals/Drivers/Drivers/STM32F103C6_Drivers/Inc/keypad.h:17:26: error: 'DDRD' undeclared (first use in this function)
 #define DDIR_KEYPAD_PORT DDRD
                          ^
../STM32F103C6_Drivers/Keypad/Keypad.c:15:2: note: in expansion of macro 'DDIR_KEYPAD_PORT'
  DDIR_KEYPAD_PORT &= ~((1<<KEYPAD_R[0]) | (1<<KEYPAD_R[1]) | (1<<KEYPAD_R[2]) | (1<<KEYPAD_R[3]));
  ^~~~~~~~~~~~~~~~
E:/EmbeddedSystemKS/Unit_7_MCU_Essential_Peripherals/Drivers/Drivers/STM32F103C6_Drivers/Inc/keypad.h:17:26: note: each undeclared identifier is reported only once for each function it appears in
 #define DDIR_KEYPAD_PORT DDRD
                          ^
../STM32F103C6_Drivers/Keypad/Keypad.c:15:2: note: in expansion of macro 'DDIR_KEYPAD_PORT'
  DDIR_KEYPAD_PORT &= ~((1<<KEYPAD_R[0]) | (1<<KEYPAD_R[1]) | (1<<KEYPAD_R[2]) | (1<<KEYPAD_R[3]));
  ^~~~~~~~~~~~~~~~
E:/EmbeddedSystemKS/Unit_7_MCU_Essential_Peripherals/Drivers/Drivers/STM32F103C6_Drivers/Inc/keypad.h:16:21: error: 'PORTD' undeclared (first use in this function)
 #define KEYPAD_PORT PORTD
                     ^
../STM32F103C6_Drivers/Keypad/Keypad.c:17:2: note: in expansion of macro 'KEYPAD_PORT'
  KEYPAD_PORT = 0xFF;
  ^~~~~~~~~~~
../STM32F103C6_Drivers/Keypad/Keypad.c: In function 'KEYPAD_CHAR':
E:/EmbeddedSystemKS/Unit_7_MCU_Essential_Peripherals/Drivers/Drivers/STM32F103C6_Drivers/Inc/keypad.h:16:21: error: 'PORTD' undeclared (first use in this function)
 #define KEYPAD_PORT PORTD
                     ^
../STM32F103C6_Drivers/Keypad/Keypad.c:25:3: note: in expansion of macro 'KEYPAD_PORT'
   KEYPAD_PORT |= ((1<<KEYPAD_C[0]) | (1<<KEYPAD_C[1]) | (1<<KEYPAD_C[2]) | (1<<KEYPAD_C[3]));
   ^~~~~~~~~~~
E:/EmbeddedSystemKS/Unit_7_MCU_Essential_Peripherals/Drivers/Drivers/STM32F103C6_Drivers/Inc/keypad.h:18:20: error: 'PIND' undeclared (first use in this function); did you mean 'GPIOD'?
 #define KEYPAD_PIN PIND
                    ^
../STM32F103C6_Drivers/Keypad/Keypad.c:29:9: note: in expansion of macro 'KEYPAD_PIN'
    if(!(KEYPAD_PIN & (1<<KEYPAD_R[j])))
         ^~~~~~~~~~
../STM32F103C6_Drivers/LCD/LCD.c: In function 'LCD_WR_STR':
../STM32F103C6_Drivers/LCD/LCD.c:179:15: warning: passing argument 1 of 'LCD_WR_CHAR' makes integer from pointer without a cast [-Wint-conversion]
   LCD_WR_CHAR(data++);
               ^~~~
../STM32F103C6_Drivers/LCD/LCD.c:153:6: note: expected 'unsigned char' but argument is of type 'char *'
 void LCD_WR_CHAR(unsigned char DATA)
      ^~~~~~~~~~~
make: *** [STM32F103C6_Drivers/Keypad/subdir.mk:18: STM32F103C6_Drivers/Keypad/Keypad.o] Error 1
make: *** Waiting for unfinished jobs....
"make -j4 all" terminated with exit code 2. Build might be incomplete.
21:52:50 **** Incremental Build of configuration Debug for project Drivers ****
make -j4 all 
arm-none-eabi-gcc -gdwarf-2 "../Src/main.c" -mcpu=cortex-m3 -std=gnu11 -g3 -DSTM32 -DSTM32F1 -DSTM32F103C6Tx -DDEBUG -c -I"E:/EmbeddedSystemKS/Unit_7_MCU_Essential_Peripherals/Drivers/Drivers/STM32F103C6_Drivers/Inc" -I../Inc -O0 -ffunction-sections -fdata-sections -Wall -fstack-usage -MMD -MP -MF"Src/main.d" -MT"Src/main.o" --specs=nano.specs -mfloat-abi=soft -mthumb -o "Src/main.o"
arm-none-eabi-gcc -gdwarf-2 "../STM32F103C6_Drivers/LCD/LCD.c" -mcpu=cortex-m3 -std=gnu11 -g3 -DSTM32 -DSTM32F1 -DSTM32F103C6Tx -DDEBUG -c -I"E:/EmbeddedSystemKS/Unit_7_MCU_Essential_Peripherals/Drivers/Drivers/STM32F103C6_Drivers/Inc" -I../Inc -O0 -ffunction-sections -fdata-sections -Wall -fstack-usage -MMD -MP -MF"STM32F103C6_Drivers/LCD/LCD.d" -MT"STM32F103C6_Drivers/LCD/LCD.o" --specs=nano.specs -mfloat-abi=soft -mthumb -o "STM32F103C6_Drivers/LCD/LCD.o"
arm-none-eabi-gcc -gdwarf-2 "../STM32F103C6_Drivers/Keypad/Keypad.c" -mcpu=cortex-m3 -std=gnu11 -g3 -DSTM32 -DSTM32F1 -DSTM32F103C6Tx -DDEBUG -c -I"E:/EmbeddedSystemKS/Unit_7_MCU_Essential_Peripherals/Drivers/Drivers/STM32F103C6_Drivers/Inc" -I../Inc -O0 -ffunction-sections -fdata-sections -Wall -fstack-usage -MMD -MP -MF"STM32F103C6_Drivers/Keypad/Keypad.d" -MT"STM32F103C6_Drivers/Keypad/Keypad.o" --specs=nano.specs -mfloat-abi=soft -mthumb -o "STM32F103C6_Drivers/Keypad/Keypad.o"
../STM32F103C6_Drivers/LCD/LCD.c: In function 'LCD_WR_STR':
../STM32F103C6_Drivers/LCD/LCD.c:179:15: warning: passing argument 1 of 'LCD_WR_CHAR' makes integer from pointer without a cast [-Wint-conversion]
   LCD_WR_CHAR(data++);
               ^~~~
../STM32F103C6_Drivers/LCD/LCD.c:153:6: note: expected 'unsigned char' but argument is of type 'char *'
 void LCD_WR_CHAR(unsigned char DATA)
      ^~~~~~~~~~~
../STM32F103C6_Drivers/Keypad/Keypad.c: In function 'KEYPAD_init':
../STM32F103C6_Drivers/Keypad/Keypad.c:15:2: error: 'DDIR_KEYPAD_PORT' undeclared (first use in this function); did you mean 'KEYPAD_PORT'?
  DDIR_KEYPAD_PORT &= ~((1<<KEYPAD_R[0]) | (1<<KEYPAD_R[1]) | (1<<KEYPAD_R[2]) | (1<<KEYPAD_R[3]));
  ^~~~~~~~~~~~~~~~
  KEYPAD_PORT
../STM32F103C6_Drivers/Keypad/Keypad.c:15:2: note: each undeclared identifier is reported only once for each function it appears in
../STM32F103C6_Drivers/Keypad/Keypad.c:17:14: error: lvalue required as left operand of assignment
  KEYPAD_PORT = 0xFF;
              ^
../STM32F103C6_Drivers/Keypad/Keypad.c: In function 'KEYPAD_CHAR':
../STM32F103C6_Drivers/Keypad/Keypad.c:25:15: error: lvalue required as left operand of assignment
   KEYPAD_PORT |= ((1<<KEYPAD_C[0]) | (1<<KEYPAD_C[1]) | (1<<KEYPAD_C[2]) | (1<<KEYPAD_C[3]));
               ^~
../STM32F103C6_Drivers/Keypad/Keypad.c:26:15: error: lvalue required as left operand of assignment
   KEYPAD_PORT &= ~(1<<KEYPAD_C[i]);
               ^~
../STM32F103C6_Drivers/Keypad/Keypad.c:29:9: error: 'KEYPAD_PIN' undeclared (first use in this function); did you mean 'KEYPAD_C'?
    if(!(KEYPAD_PIN & (1<<KEYPAD_R[j])))
         ^~~~~~~~~~
         KEYPAD_C
make: *** [STM32F103C6_Drivers/Keypad/subdir.mk:18: STM32F103C6_Drivers/Keypad/Keypad.o] Error 1
make: *** Waiting for unfinished jobs....
"make -j4 all" terminated with exit code 2. Build might be incomplete.
21:59:53 **** Incremental Build of configuration Debug for project Drivers ****
make -j4 all 
arm-none-eabi-gcc -gdwarf-2 "../STM32F103C6_Drivers/Keypad/Keypad.c" -mcpu=cortex-m3 -std=gnu11 -g3 -DSTM32 -DSTM32F1 -DSTM32F103C6Tx -DDEBUG -c -I"E:/EmbeddedSystemKS/Unit_7_MCU_Essential_Peripherals/Drivers/Drivers/STM32F103C6_Drivers/Inc" -I../Inc -O0 -ffunction-sections -fdata-sections -Wall -fstack-usage -MMD -MP -MF"STM32F103C6_Drivers/Keypad/Keypad.d" -MT"STM32F103C6_Drivers/Keypad/Keypad.o" --specs=nano.specs -mfloat-abi=soft -mthumb -o "STM32F103C6_Drivers/Keypad/Keypad.o"
../STM32F103C6_Drivers/Keypad/Keypad.c: In function 'KEYPAD_CHAR':
../STM32F103C6_Drivers/Keypad/Keypad.c:49:13: error: 'KEYPAD_PIN' undeclared (first use in this function); did you mean 'KEYPAD_C'?
     while(!(KEYPAD_PIN & (1<<KEYPAD_R[j])));
             ^~~~~~~~~~
             KEYPAD_C
../STM32F103C6_Drivers/Keypad/Keypad.c:49:13: note: each undeclared identifier is reported only once for each function it appears in
make: *** [STM32F103C6_Drivers/Keypad/subdir.mk:18: STM32F103C6_Drivers/Keypad/Keypad.o] Error 1
"make -j4 all" terminated with exit code 2. Build might be incomplete.
22:00:08 **** Incremental Build of configuration Debug for project Drivers ****
make -j4 all 
arm-none-eabi-gcc -gdwarf-2 "../STM32F103C6_Drivers/Keypad/Keypad.c" -mcpu=cortex-m3 -std=gnu11 -g3 -DSTM32 -DSTM32F1 -DSTM32F103C6Tx -DDEBUG -c -I"E:/EmbeddedSystemKS/Unit_7_MCU_Essential_Peripherals/Drivers/Drivers/STM32F103C6_Drivers/Inc" -I../Inc -O0 -ffunction-sections -fdata-sections -Wall -fstack-usage -MMD -MP -MF"STM32F103C6_Drivers/Keypad/Keypad.d" -MT"STM32F103C6_Drivers/Keypad/Keypad.o" --specs=nano.specs -mfloat-abi=soft -mthumb -o "STM32F103C6_Drivers/Keypad/Keypad.o"
arm-none-eabi-gcc -gdwarf-2 -o "Drivers.elf" @"objects.list"   -mcpu=cortex-m3 -T"E:\EmbeddedSystemKS\Unit_7_MCU_Essential_Peripherals\Drivers\Drivers\STM32F103C6TX_FLASH.ld" --specs=nosys.specs -Wl,-Map="Drivers.map" -Wl,--gc-sections -static --specs=nano.specs -mfloat-abi=soft -mthumb -Wl,--start-group -lc -lm -Wl,--end-group
Finished building target: Drivers.elf
 
arm-none-eabi-objdump -h -S  Drivers.elf  > "Drivers.list"
arm-none-eabi-objcopy  -O binary  Drivers.elf  "Drivers.bin"
arm-none-eabi-size   Drivers.elf 
   text	   data	    bss	    dec	    hex	filename
   1424	      8	   1568	   3000	    bb8	Drivers.elf
Finished building: default.size.stdout
 
Finished building: Drivers.bin
Finished building: Drivers.list
 
 
22:00:42 **** Incremental Build of configuration Debug for project Drivers ****
make -j4 all 
arm-none-eabi-gcc -gdwarf-2 "../STM32F103C6_Drivers/Keypad/Keypad.c" -mcpu=cortex-m3 -std=gnu11 -g3 -DSTM32 -DSTM32F1 -DSTM32F103C6Tx -DDEBUG -c -I"E:/EmbeddedSystemKS/Unit_7_MCU_Essential_Peripherals/Drivers/Drivers/STM32F103C6_Drivers/Inc" -I../Inc -O0 -ffunction-sections -fdata-sections -Wall -fstack-usage -MMD -MP -MF"STM32F103C6_Drivers/Keypad/Keypad.d" -MT"STM32F103C6_Drivers/Keypad/Keypad.o" --specs=nano.specs -mfloat-abi=soft -mthumb -o "STM32F103C6_Drivers/Keypad/Keypad.o"
arm-none-eabi-gcc -gdwarf-2 -o "Drivers.elf" @"objects.list"   -mcpu=cortex-m3 -T"E:\EmbeddedSystemKS\Unit_7_MCU_Essential_Peripherals\Drivers\Drivers\STM32F103C6TX_FLASH.ld" --specs=nosys.specs -Wl,-Map="Drivers.map" -Wl,--gc-sections -static --specs=nano.specs -mfloat-abi=soft -mthumb -Wl,--start-group -lc -lm -Wl,--end-group
Finished building target: Drivers.elf
 
arm-none-eabi-objdump -h -S  Drivers.elf  > "Drivers.list"
arm-none-eabi-objcopy  -O binary  Drivers.elf  "Drivers.bin"
arm-none-eabi-size   Drivers.elf 
   text	   data	    bss	    dec	    hex	filename
   1424	      8	   1568	   3000	    bb8	Drivers.elf
Finished building: default.size.stdout
 
Finished building: Drivers.list
Finished building: Drivers.bin
 
 
22:04:38 **** Incremental Build of configuration Debug for project Drivers ****
make -j4 all 
arm-none-eabi-gcc -gdwarf-2 "../Src/main.c" -mcpu=cortex-m3 -std=gnu11 -g3 -DSTM32 -DSTM32F1 -DSTM32F103C6Tx -DDEBUG -c -I"E:/EmbeddedSystemKS/Unit_7_MCU_Essential_Peripherals/Drivers/Drivers/STM32F103C6_Drivers/Inc" -I../Inc -O0 -ffunction-sections -fdata-sections -Wall -fstack-usage -MMD -MP -MF"Src/main.d" -MT"Src/main.o" --specs=nano.specs -mfloat-abi=soft -mthumb -o "Src/main.o"
../Src/main.c: In function 'main':
../Src/main.c:85:6: error: 'KEY' undeclared (first use in this function)
      KEY=KEYPAD_CHAR();
      ^~~
../Src/main.c:85:6: note: each undeclared identifier is reported only once for each function it appears in
../Src/main.c:91:10: error: 'count' undeclared (first use in this function)
       if(count<16){
          ^~~~~
../Src/main.c: At top level:
../Src/main.c:105:1: error: expected identifier or '(' before '}' token
 }
 ^
make: *** [Src/subdir.mk:24: Src/main.o] Error 1
"make -j4 all" terminated with exit code 2. Build might be incomplete.
22:04:53 **** Incremental Build of configuration Debug for project Drivers ****
make -j4 all 
arm-none-eabi-gcc -gdwarf-2 "../Src/main.c" -mcpu=cortex-m3 -std=gnu11 -g3 -DSTM32 -DSTM32F1 -DSTM32F103C6Tx -DDEBUG -c -I"E:/EmbeddedSystemKS/Unit_7_MCU_Essential_Peripherals/Drivers/Drivers/STM32F103C6_Drivers/Inc" -I../Inc -O0 -ffunction-sections -fdata-sections -Wall -fstack-usage -MMD -MP -MF"Src/main.d" -MT"Src/main.o" --specs=nano.specs -mfloat-abi=soft -mthumb -o "Src/main.o"
../Src/main.c:107:1: error: expected identifier or '(' before '}' token
 }
 ^
make: *** [Src/subdir.mk:24: Src/main.o] Error 1
"make -j4 all" terminated with exit code 2. Build might be incomplete.
22:05:01 **** Incremental Build of configuration Debug for project Drivers ****
make -j4 all 
arm-none-eabi-gcc -gdwarf-2 "../Src/main.c" -mcpu=cortex-m3 -std=gnu11 -g3 -DSTM32 -DSTM32F1 -DSTM32F103C6Tx -DDEBUG -c -I"E:/EmbeddedSystemKS/Unit_7_MCU_Essential_Peripherals/Drivers/Drivers/STM32F103C6_Drivers/Inc" -I../Inc -O0 -ffunction-sections -fdata-sections -Wall -fstack-usage -MMD -MP -MF"Src/main.d" -MT"Src/main.o" --specs=nano.specs -mfloat-abi=soft -mthumb -o "Src/main.o"
arm-none-eabi-gcc -gdwarf-2 -o "Drivers.elf" @"objects.list"   -mcpu=cortex-m3 -T"E:\EmbeddedSystemKS\Unit_7_MCU_Essential_Peripherals\Drivers\Drivers\STM32F103C6TX_FLASH.ld" --specs=nosys.specs -Wl,-Map="Drivers.map" -Wl,--gc-sections -static --specs=nano.specs -mfloat-abi=soft -mthumb -Wl,--start-group -lc -lm -Wl,--end-group
Finished building target: Drivers.elf
 
arm-none-eabi-objdump -h -S  Drivers.elf  > "Drivers.list"
arm-none-eabi-objcopy  -O binary  Drivers.elf  "Drivers.bin"
arm-none-eabi-size   Drivers.elf 
   text	   data	    bss	    dec	    hex	filename
   2692	     40	   1568	   4300	   10cc	Drivers.elf
Finished building: default.size.stdout
Finished building: Drivers.bin
 
Finished building: Drivers.list
 
 
22:07:11 **** Incremental Build of configuration Debug for project Drivers ****
make -j4 all 
arm-none-eabi-gcc -gdwarf-2 "../Src/main.c" -mcpu=cortex-m3 -std=gnu11 -g3 -DSTM32 -DSTM32F1 -DSTM32F103C6Tx -DDEBUG -c -I"E:/EmbeddedSystemKS/Unit_7_MCU_Essential_Peripherals/Drivers/Drivers/STM32F103C6_Drivers/Inc" -I../Inc -O0 -ffunction-sections -fdata-sections -Wall -fstack-usage -MMD -MP -MF"Src/main.d" -MT"Src/main.o" --specs=nano.specs -mfloat-abi=soft -mthumb -o "Src/main.o"
arm-none-eabi-gcc -gdwarf-2 "../STM32F103C6_Drivers/Keypad/Keypad.c" -mcpu=cortex-m3 -std=gnu11 -g3 -DSTM32 -DSTM32F1 -DSTM32F103C6Tx -DDEBUG -c -I"E:/EmbeddedSystemKS/Unit_7_MCU_Essential_Peripherals/Drivers/Drivers/STM32F103C6_Drivers/Inc" -I../Inc -O0 -ffunction-sections -fdata-sections -Wall -fstack-usage -MMD -MP -MF"STM32F103C6_Drivers/Keypad/Keypad.d" -MT"STM32F103C6_Drivers/Keypad/Keypad.o" --specs=nano.specs -mfloat-abi=soft -mthumb -o "STM32F103C6_Drivers/Keypad/Keypad.o"
arm-none-eabi-gcc -gdwarf-2 -o "Drivers.elf" @"objects.list"   -mcpu=cortex-m3 -T"E:\EmbeddedSystemKS\Unit_7_MCU_Essential_Peripherals\Drivers\Drivers\STM32F103C6TX_FLASH.ld" --specs=nosys.specs -Wl,-Map="Drivers.map" -Wl,--gc-sections -static --specs=nano.specs -mfloat-abi=soft -mthumb -Wl,--start-group -lc -lm -Wl,--end-group
Finished building target: Drivers.elf
 
arm-none-eabi-objdump -h -S  Drivers.elf  > "Drivers.list"
arm-none-eabi-objcopy  -O binary  Drivers.elf  "Drivers.bin"
arm-none-eabi-size   Drivers.elf 
   text	   data	    bss	    dec	    hex	filename
   2800	     40	   1568	   4408	   1138	Drivers.elf
Finished building: default.size.stdout
Finished building: Drivers.bin
 
Finished building: Drivers.list
 
 
22:07:52 **** Incremental Build of configuration Debug for project Drivers ****
make -j4 all 
arm-none-eabi-size   Drivers.elf 
   text	   data	    bss	    dec	    hex	filename
   2800	     40	   1568	   4408	   1138	Drivers.elf
Finished building: default.size.stdout
 
22:13:10 **** Incremental Build of configuration Debug for project Drivers ****
make -j4 all 
arm-none-eabi-gcc -gdwarf-2 "../STM32F103C6_Drivers/LCD/LCD.c" -mcpu=cortex-m3 -std=gnu11 -g3 -DSTM32 -DSTM32F1 -DSTM32F103C6Tx -DDEBUG -c -I"E:/EmbeddedSystemKS/Unit_7_MCU_Essential_Peripherals/Drivers/Drivers/STM32F103C6_Drivers/Inc" -I../Inc -O0 -ffunction-sections -fdata-sections -Wall -fstack-usage -MMD -MP -MF"STM32F103C6_Drivers/LCD/LCD.d" -MT"STM32F103C6_Drivers/LCD/LCD.o" --specs=nano.specs -mfloat-abi=soft -mthumb -o "STM32F103C6_Drivers/LCD/LCD.o"
../STM32F103C6_Drivers/LCD/LCD.c: In function 'LCD_WR_STR':
../STM32F103C6_Drivers/LCD/LCD.c:180:15: warning: passing argument 1 of 'LCD_WR_CHAR' makes integer from pointer without a cast [-Wint-conversion]
   LCD_WR_CHAR(data++);
               ^~~~
../STM32F103C6_Drivers/LCD/LCD.c:154:6: note: expected 'unsigned char' but argument is of type 'char *'
 void LCD_WR_CHAR(unsigned char DATA)
      ^~~~~~~~~~~
arm-none-eabi-gcc -gdwarf-2 -o "Drivers.elf" @"objects.list"   -mcpu=cortex-m3 -T"E:\EmbeddedSystemKS\Unit_7_MCU_Essential_Peripherals\Drivers\Drivers\STM32F103C6TX_FLASH.ld" --specs=nosys.specs -Wl,-Map="Drivers.map" -Wl,--gc-sections -static --specs=nano.specs -mfloat-abi=soft -mthumb -Wl,--start-group -lc -lm -Wl,--end-group
Finished building target: Drivers.elf
 
arm-none-eabi-objdump -h -S  Drivers.elf  > "Drivers.list"
arm-none-eabi-objcopy  -O binary  Drivers.elf  "Drivers.bin"
arm-none-eabi-size   Drivers.elf 
   text	   data	    bss	    dec	    hex	filename
   2836	     40	   1568	   4444	   115c	Drivers.elf
Finished building: default.size.stdout
 
Finished building: Drivers.bin
Finished building: Drivers.list
 
 
22:14:38 **** Incremental Build of configuration Debug for project Drivers ****
make -j4 all 
arm-none-eabi-gcc -gdwarf-2 "../Src/main.c" -mcpu=cortex-m3 -std=gnu11 -g3 -DSTM32 -DSTM32F1 -DSTM32F103C6Tx -DDEBUG -c -I"E:/EmbeddedSystemKS/Unit_7_MCU_Essential_Peripherals/Drivers/Drivers/STM32F103C6_Drivers/Inc" -I../Inc -O0 -ffunction-sections -fdata-sections -Wall -fstack-usage -MMD -MP -MF"Src/main.d" -MT"Src/main.o" --specs=nano.specs -mfloat-abi=soft -mthumb -o "Src/main.o"
arm-none-eabi-gcc -gdwarf-2 -o "Drivers.elf" @"objects.list"   -mcpu=cortex-m3 -T"E:\EmbeddedSystemKS\Unit_7_MCU_Essential_Peripherals\Drivers\Drivers\STM32F103C6TX_FLASH.ld" --specs=nosys.specs -Wl,-Map="Drivers.map" -Wl,--gc-sections -static --specs=nano.specs -mfloat-abi=soft -mthumb -Wl,--start-group -lc -lm -Wl,--end-group
Finished building target: Drivers.elf
 
arm-none-eabi-objdump -h -S  Drivers.elf  > "Drivers.list"
arm-none-eabi-objcopy  -O binary  Drivers.elf  "Drivers.bin"
arm-none-eabi-size   Drivers.elf 
   text	   data	    bss	    dec	    hex	filename
   2948	     40	   1568	   4556	   11cc	Drivers.elf
Finished building: default.size.stdout
Finished building: Drivers.bin
Finished building: Drivers.list
 
 
 
22:16:34 **** Incremental Build of configuration Debug for project Drivers ****
make -j4 all 
arm-none-eabi-gcc -gdwarf-2 "../Src/main.c" -mcpu=cortex-m3 -std=gnu11 -g3 -DSTM32 -DSTM32F1 -DSTM32F103C6Tx -DDEBUG -c -I"E:/EmbeddedSystemKS/Unit_7_MCU_Essential_Peripherals/Drivers/Drivers/STM32F103C6_Drivers/Inc" -I../Inc -O0 -ffunction-sections -fdata-sections -Wall -fstack-usage -MMD -MP -MF"Src/main.d" -MT"Src/main.o" --specs=nano.specs -mfloat-abi=soft -mthumb -o "Src/main.o"
../Src/main.c: In function 'main':
../Src/main.c:81:2: warning: implicit declaration of function 'LCD_WRITE_STRING'; did you mean 'LCD_WR_STR'? [-Wimplicit-function-declaration]
  LCD_WRITE_STRING("HEY");
  ^~~~~~~~~~~~~~~~
  LCD_WR_STR
../Src/main.c:82:2: warning: implicit declaration of function 'wait_ms'; did you mean 'wait'? [-Wimplicit-function-declaration]
  wait_ms(30);
  ^~~~~~~
  wait
../Src/main.c:83:2: warning: implicit declaration of function 'LCD_clear_screen'; did you mean '__clear_cache'? [-Wimplicit-function-declaration]
  LCD_clear_screen();
  ^~~~~~~~~~~~~~~~
  __clear_cache
arm-none-eabi-gcc -gdwarf-2 -o "Drivers.elf" @"objects.list"   -mcpu=cortex-m3 -T"E:\EmbeddedSystemKS\Unit_7_MCU_Essential_Peripherals\Drivers\Drivers\STM32F103C6TX_FLASH.ld" --specs=nosys.specs -Wl,-Map="Drivers.map" -Wl,--gc-sections -static --specs=nano.specs -mfloat-abi=soft -mthumb -Wl,--start-group -lc -lm -Wl,--end-group
Src/main.o: In function `main':
E:/EmbeddedSystemKS/Unit_7_MCU_Essential_Peripherals/Drivers/Drivers/Debug/../Src/main.c:81: undefined reference to `LCD_WRITE_STRING'
E:/EmbeddedSystemKS/Unit_7_MCU_Essential_Peripherals/Drivers/Drivers/Debug/../Src/main.c:83: undefined reference to `LCD_clear_screen'
collect2.exe: error: ld returned 1 exit status
make: *** [makefile:52: Drivers.elf] Error 1
"make -j4 all" terminated with exit code 2. Build might be incomplete.
22:17:12 **** Incremental Build of configuration Debug for project Drivers ****
make -j4 all 
arm-none-eabi-gcc -gdwarf-2 "../Src/main.c" -mcpu=cortex-m3 -std=gnu11 -g3 -DSTM32 -DSTM32F1 -DSTM32F103C6Tx -DDEBUG -c -I"E:/EmbeddedSystemKS/Unit_7_MCU_Essential_Peripherals/Drivers/Drivers/STM32F103C6_Drivers/Inc" -I../Inc -O0 -ffunction-sections -fdata-sections -Wall -fstack-usage -MMD -MP -MF"Src/main.d" -MT"Src/main.o" --specs=nano.specs -mfloat-abi=soft -mthumb -o "Src/main.o"
../Src/main.c: In function 'main':
../Src/main.c:82:2: warning: implicit declaration of function 'wait_ms'; did you mean 'wait'? [-Wimplicit-function-declaration]
  wait_ms(30);
  ^~~~~~~
  wait
arm-none-eabi-gcc -gdwarf-2 -o "Drivers.elf" @"objects.list"   -mcpu=cortex-m3 -T"E:\EmbeddedSystemKS\Unit_7_MCU_Essential_Peripherals\Drivers\Drivers\STM32F103C6TX_FLASH.ld" --specs=nosys.specs -Wl,-Map="Drivers.map" -Wl,--gc-sections -static --specs=nano.specs -mfloat-abi=soft -mthumb -Wl,--start-group -lc -lm -Wl,--end-group
Finished building target: Drivers.elf
 
arm-none-eabi-objdump -h -S  Drivers.elf  > "Drivers.list"
arm-none-eabi-objcopy  -O binary  Drivers.elf  "Drivers.bin"
arm-none-eabi-size   Drivers.elf 
   text	   data	    bss	    dec	    hex	filename
   2760	     40	   1568	   4368	   1110	Drivers.elf
Finished building: default.size.stdout
 
Finished building: Drivers.bin
Finished building: Drivers.list
 
 
01:00:12 **** Incremental Build of configuration Debug for project Drivers ****
make -j4 all 
arm-none-eabi-gcc -gdwarf-2 "../STM32F103C6_Drivers/LCD/LCD.c" -mcpu=cortex-m3 -std=gnu11 -g3 -DSTM32 -DSTM32F1 -DSTM32F103C6Tx -DDEBUG -c -I"E:/EmbeddedSystemKS/Unit_7_MCU_Essential_Peripherals/Drivers/Drivers/STM32F103C6_Drivers/Inc" -I../Inc -O0 -ffunction-sections -fdata-sections -Wall -fstack-usage -MMD -MP -MF"STM32F103C6_Drivers/LCD/LCD.d" -MT"STM32F103C6_Drivers/LCD/LCD.o" --specs=nano.specs -mfloat-abi=soft -mthumb -o "STM32F103C6_Drivers/LCD/LCD.o"
../STM32F103C6_Drivers/LCD/LCD.c: In function 'LCD_WR_STR':
../STM32F103C6_Drivers/LCD/LCD.c:183:15: warning: passing argument 1 of 'LCD_WR_CHAR' makes integer from pointer without a cast [-Wint-conversion]
   LCD_WR_CHAR(data++);
               ^~~~
../STM32F103C6_Drivers/LCD/LCD.c:157:6: note: expected 'unsigned char' but argument is of type 'char *'
 void LCD_WR_CHAR(unsigned char DATA)
      ^~~~~~~~~~~
arm-none-eabi-gcc -gdwarf-2 -o "Drivers.elf" @"objects.list"   -mcpu=cortex-m3 -T"E:\EmbeddedSystemKS\Unit_7_MCU_Essential_Peripherals\Drivers\Drivers\STM32F103C6TX_FLASH.ld" --specs=nosys.specs -Wl,-Map="Drivers.map" -Wl,--gc-sections -static --specs=nano.specs -mfloat-abi=soft -mthumb -Wl,--start-group -lc -lm -Wl,--end-group
Finished building target: Drivers.elf
 
arm-none-eabi-objdump -h -S  Drivers.elf  > "Drivers.list"
arm-none-eabi-objcopy  -O binary  Drivers.elf  "Drivers.bin"
arm-none-eabi-size   Drivers.elf 
Finished building: Drivers.bin
   text	   data	    bss	    dec	    hex	filename
   2780	     40	   1568	   4388	   1124	Drivers.elf
 
Finished building: default.size.stdout
 
Finished building: Drivers.list
 
01:02:47 **** Incremental Build of configuration Debug for project Drivers ****
make -j4 all 
arm-none-eabi-gcc -gdwarf-2 "../Src/main.c" -mcpu=cortex-m3 -std=gnu11 -g3 -DSTM32 -DSTM32F1 -DSTM32F103C6Tx -DDEBUG -c -I"E:/EmbeddedSystemKS/Unit_7_MCU_Essential_Peripherals/Drivers/Drivers/STM32F103C6_Drivers/Inc" -I../Inc -O0 -ffunction-sections -fdata-sections -Wall -fstack-usage -MMD -MP -MF"Src/main.d" -MT"Src/main.o" --specs=nano.specs -mfloat-abi=soft -mthumb -o "Src/main.o"
../Src/main.c: In function 'GPIO_init':
../Src/main.c:40:19: warning: unused variable 'PinCfg' [-Wunused-variable]
  GPIO_PinConfig_t PinCfg;
                   ^~~~~~
../Src/main.c: In function 'main':
../Src/main.c:82:2: warning: implicit declaration of function 'wait_ms'; did you mean 'wait'? [-Wimplicit-function-declaration]
  wait_ms(300);
  ^~~~~~~
  wait
arm-none-eabi-gcc -gdwarf-2 -o "Drivers.elf" @"objects.list"   -mcpu=cortex-m3 -T"E:\EmbeddedSystemKS\Unit_7_MCU_Essential_Peripherals\Drivers\Drivers\STM32F103C6TX_FLASH.ld" --specs=nosys.specs -Wl,-Map="Drivers.map" -Wl,--gc-sections -static --specs=nano.specs -mfloat-abi=soft -mthumb -Wl,--start-group -lc -lm -Wl,--end-group
Finished building target: Drivers.elf
 
arm-none-eabi-objdump -h -S  Drivers.elf  > "Drivers.list"
arm-none-eabi-objcopy  -O binary  Drivers.elf  "Drivers.bin"
arm-none-eabi-size   Drivers.elf 
   text	   data	    bss	    dec	    hex	filename
   3076	     40	   1568	   4684	   124c	Drivers.elf
Finished building: default.size.stdout
Finished building: Drivers.bin
 
Finished building: Drivers.list
 
 
01:09:37 **** Incremental Build of configuration Debug for project Drivers ****
make -j4 all 
arm-none-eabi-gcc -gdwarf-2 "../Src/main.c" -mcpu=cortex-m3 -std=gnu11 -g3 -DSTM32 -DSTM32F1 -DSTM32F103C6Tx -DDEBUG -c -I"E:/EmbeddedSystemKS/Unit_7_MCU_Essential_Peripherals/Drivers/Drivers/STM32F103C6_Drivers/Inc" -I../Inc -O0 -ffunction-sections -fdata-sections -Wall -fstack-usage -MMD -MP -MF"Src/main.d" -MT"Src/main.o" --specs=nano.specs -mfloat-abi=soft -mthumb -o "Src/main.o"
../Src/main.c: In function 'main':
../Src/main.c:82:2: warning: implicit declaration of function 'wait_ms'; did you mean 'wait'? [-Wimplicit-function-declaration]
  wait_ms(300);
  ^~~~~~~
  wait
arm-none-eabi-gcc -gdwarf-2 -o "Drivers.elf" @"objects.list"   -mcpu=cortex-m3 -T"E:\EmbeddedSystemKS\Unit_7_MCU_Essential_Peripherals\Drivers\Drivers\STM32F103C6TX_FLASH.ld" --specs=nosys.specs -Wl,-Map="Drivers.map" -Wl,--gc-sections -static --specs=nano.specs -mfloat-abi=soft -mthumb -Wl,--start-group -lc -lm -Wl,--end-group
Finished building target: Drivers.elf
 
arm-none-eabi-objdump -h -S  Drivers.elf  > "Drivers.list"
arm-none-eabi-objcopy  -O binary  Drivers.elf  "Drivers.bin"
arm-none-eabi-size   Drivers.elf 
   text	   data	    bss	    dec	    hex	filename
   3168	     40	   1568	   4776	   12a8	Drivers.elf
Finished building: default.size.stdout
 
Finished building: Drivers.bin
Finished building: Drivers.list
 
 
01:12:02 **** Incremental Build of configuration Debug for project Drivers ****
make -j4 all 
arm-none-eabi-gcc -gdwarf-2 "../Src/main.c" -mcpu=cortex-m3 -std=gnu11 -g3 -DSTM32 -DSTM32F1 -DSTM32F103C6Tx -DDEBUG -c -I"E:/EmbeddedSystemKS/Unit_7_MCU_Essential_Peripherals/Drivers/Drivers/STM32F103C6_Drivers/Inc" -I../Inc -O0 -ffunction-sections -fdata-sections -Wall -fstack-usage -MMD -MP -MF"Src/main.d" -MT"Src/main.o" --specs=nano.specs -mfloat-abi=soft -mthumb -o "Src/main.o"
../Src/main.c: In function 'main':
../Src/main.c:83:2: warning: implicit declaration of function 'wait_ms'; did you mean 'wait'? [-Wimplicit-function-declaration]
  wait_ms(300);
  ^~~~~~~
  wait
arm-none-eabi-gcc -gdwarf-2 -o "Drivers.elf" @"objects.list"   -mcpu=cortex-m3 -T"E:\EmbeddedSystemKS\Unit_7_MCU_Essential_Peripherals\Drivers\Drivers\STM32F103C6TX_FLASH.ld" --specs=nosys.specs -Wl,-Map="Drivers.map" -Wl,--gc-sections -static --specs=nano.specs -mfloat-abi=soft -mthumb -Wl,--start-group -lc -lm -Wl,--end-group
Finished building target: Drivers.elf
 
arm-none-eabi-objdump -h -S  Drivers.elf  > "Drivers.list"
arm-none-eabi-objcopy  -O binary  Drivers.elf  "Drivers.bin"
arm-none-eabi-size   Drivers.elf 
   text	   data	    bss	    dec	    hex	filename
   3168	     40	   1568	   4776	   12a8	Drivers.elf
Finished building: default.size.stdout
 
Finished building: Drivers.bin
Finished building: Drivers.list
 
 
12:30:37 **** Incremental Build of configuration Debug for project Drivers ****
make -j4 all 
arm-none-eabi-gcc -gdwarf-2 "../Src/main.c" -mcpu=cortex-m3 -std=gnu11 -g3 -DSTM32 -DSTM32F1 -DSTM32F103C6Tx -DDEBUG -c -I"E:/EmbeddedSystemKS/Unit_7_MCU_Essential_Peripherals/Drivers/Drivers/STM32F103C6_Drivers/Inc" -I../Inc -O0 -ffunction-sections -fdata-sections -Wall -fstack-usage -MMD -MP -MF"Src/main.d" -MT"Src/main.o" --specs=nano.specs -mfloat-abi=soft -mthumb -o "Src/main.o"
../Src/main.c: In function 'main':
../Src/main.c:95:2: warning: implicit declaration of function 'wait_ms'; did you mean 'wait'? [-Wimplicit-function-declaration]
  wait_ms(300);
  ^~~~~~~
  wait
../Src/main.c:101:3: warning: implicit declaration of function 'LCD_WRITE_CHAR'; did you mean 'LCD_WR_CHAR'? [-Wimplicit-function-declaration]
   LCD_WRITE_CHAR(LCD_DISPLAY[i]);
   ^~~~~~~~~~~~~~
   LCD_WR_CHAR
arm-none-eabi-gcc -gdwarf-2 -o "Drivers.elf" @"objects.list"   -mcpu=cortex-m3 -T"E:\EmbeddedSystemKS\Unit_7_MCU_Essential_Peripherals\Drivers\Drivers\STM32F103C6TX_FLASH.ld" --specs=nosys.specs -Wl,-Map="Drivers.map" -Wl,--gc-sections -static --specs=nano.specs -mfloat-abi=soft -mthumb -Wl,--start-group -lc -lm -Wl,--end-group
Src/main.o: In function `main':
E:/EmbeddedSystemKS/Unit_7_MCU_Essential_Peripherals/Drivers/Drivers/Debug/../Src/main.c:101: undefined reference to `LCD_WRITE_CHAR'
collect2.exe: error: ld returned 1 exit status
make: *** [makefile:52: Drivers.elf] Error 1
"make -j4 all" terminated with exit code 2. Build might be incomplete.
12:31:08 **** Incremental Build of configuration Debug for project Drivers ****
make -j4 all 
arm-none-eabi-gcc -gdwarf-2 "../Src/main.c" -mcpu=cortex-m3 -std=gnu11 -g3 -DSTM32 -DSTM32F1 -DSTM32F103C6Tx -DDEBUG -c -I"E:/EmbeddedSystemKS/Unit_7_MCU_Essential_Peripherals/Drivers/Drivers/STM32F103C6_Drivers/Inc" -I../Inc -O0 -ffunction-sections -fdata-sections -Wall -fstack-usage -MMD -MP -MF"Src/main.d" -MT"Src/main.o" --specs=nano.specs -mfloat-abi=soft -mthumb -o "Src/main.o"
../Src/main.c: In function 'main':
../Src/main.c:95:2: warning: implicit declaration of function 'wait_ms'; did you mean 'wait'? [-Wimplicit-function-declaration]
  wait_ms(300);
  ^~~~~~~
  wait
arm-none-eabi-gcc -gdwarf-2 -o "Drivers.elf" @"objects.list"   -mcpu=cortex-m3 -T"E:\EmbeddedSystemKS\Unit_7_MCU_Essential_Peripherals\Drivers\Drivers\STM32F103C6TX_FLASH.ld" --specs=nosys.specs -Wl,-Map="Drivers.map" -Wl,--gc-sections -static --specs=nano.specs -mfloat-abi=soft -mthumb -Wl,--start-group -lc -lm -Wl,--end-group
Finished building target: Drivers.elf
 
arm-none-eabi-objdump -h -S  Drivers.elf  > "Drivers.list"
arm-none-eabi-objcopy  -O binary  Drivers.elf  "Drivers.bin"
arm-none-eabi-size   Drivers.elf 
   text	   data	    bss	    dec	    hex	filename
   3308	     40	   1568	   4916	   1334	Drivers.elf
Finished building: default.size.stdout
 
Finished building: Drivers.bin
 
Finished building: Drivers.list
 
12:31:47 **** Incremental Build of configuration Debug for project Drivers ****
make -j4 all 
arm-none-eabi-gcc -gdwarf-2 "../Src/main.c" -mcpu=cortex-m3 -std=gnu11 -g3 -DSTM32 -DSTM32F1 -DSTM32F103C6Tx -DDEBUG -c -I"E:/EmbeddedSystemKS/Unit_7_MCU_Essential_Peripherals/Drivers/Drivers/STM32F103C6_Drivers/Inc" -I../Inc -O0 -ffunction-sections -fdata-sections -Wall -fstack-usage -MMD -MP -MF"Src/main.d" -MT"Src/main.o" --specs=nano.specs -mfloat-abi=soft -mthumb -o "Src/main.o"
../Src/main.c: In function 'main':
../Src/main.c:95:2: warning: implicit declaration of function 'wait_ms'; did you mean 'wait'? [-Wimplicit-function-declaration]
  wait_ms(300);
  ^~~~~~~
  wait
../Src/main.c:108:2: warning: implicit declaration of function 'LCD_clear_screen'; did you mean '__clear_cache'? [-Wimplicit-function-declaration]
  LCD_clear_screen();
  ^~~~~~~~~~~~~~~~
  __clear_cache
arm-none-eabi-gcc -gdwarf-2 -o "Drivers.elf" @"objects.list"   -mcpu=cortex-m3 -T"E:\EmbeddedSystemKS\Unit_7_MCU_Essential_Peripherals\Drivers\Drivers\STM32F103C6TX_FLASH.ld" --specs=nosys.specs -Wl,-Map="Drivers.map" -Wl,--gc-sections -static --specs=nano.specs -mfloat-abi=soft -mthumb -Wl,--start-group -lc -lm -Wl,--end-group
Src/main.o: In function `main':
E:/EmbeddedSystemKS/Unit_7_MCU_Essential_Peripherals/Drivers/Drivers/Debug/../Src/main.c:108: undefined reference to `LCD_clear_screen'
collect2.exe: error: ld returned 1 exit status
make: *** [makefile:52: Drivers.elf] Error 1
"make -j4 all" terminated with exit code 2. Build might be incomplete.
12:31:54 **** Incremental Build of configuration Debug for project Drivers ****
make -j4 all 
arm-none-eabi-gcc -gdwarf-2 "../Src/main.c" -mcpu=cortex-m3 -std=gnu11 -g3 -DSTM32 -DSTM32F1 -DSTM32F103C6Tx -DDEBUG -c -I"E:/EmbeddedSystemKS/Unit_7_MCU_Essential_Peripherals/Drivers/Drivers/STM32F103C6_Drivers/Inc" -I../Inc -O0 -ffunction-sections -fdata-sections -Wall -fstack-usage -MMD -MP -MF"Src/main.d" -MT"Src/main.o" --specs=nano.specs -mfloat-abi=soft -mthumb -o "Src/main.o"
../Src/main.c: In function 'main':
../Src/main.c:95:2: warning: implicit declaration of function 'wait_ms'; did you mean 'wait'? [-Wimplicit-function-declaration]
  wait_ms(300);
  ^~~~~~~
  wait
arm-none-eabi-gcc -gdwarf-2 -o "Drivers.elf" @"objects.list"   -mcpu=cortex-m3 -T"E:\EmbeddedSystemKS\Unit_7_MCU_Essential_Peripherals\Drivers\Drivers\STM32F103C6TX_FLASH.ld" --specs=nosys.specs -Wl,-Map="Drivers.map" -Wl,--gc-sections -static --specs=nano.specs -mfloat-abi=soft -mthumb -Wl,--start-group -lc -lm -Wl,--end-group
Finished building target: Drivers.elf
 
arm-none-eabi-objdump -h -S  Drivers.elf  > "Drivers.list"
arm-none-eabi-objcopy  -O binary  Drivers.elf  "Drivers.bin"
arm-none-eabi-size   Drivers.elf 
   text	   data	    bss	    dec	    hex	filename
   3344	     40	   1568	   4952	   1358	Drivers.elf
Finished building: default.size.stdout
 
Finished building: Drivers.bin
Finished building: Drivers.list
 
 
13:39:16 **** Incremental Build of configuration Debug for project Drivers ****
make -j4 all 
arm-none-eabi-gcc -gdwarf-2 "../Src/main.c" -mcpu=cortex-m3 -std=gnu11 -g3 -DSTM32 -DSTM32F1 -DSTM32F103C6Tx -DDEBUG -c -I"E:/EmbeddedSystemKS/Unit_7_MCU_Essential_Peripherals/Drivers/Drivers/STM32F103C6_Drivers/Inc" -I../Inc -O0 -ffunction-sections -fdata-sections -Wall -fstack-usage -MMD -MP -MF"Src/main.d" -MT"Src/main.o" --specs=nano.specs -mfloat-abi=soft -mthumb -o "Src/main.o"
../Src/main.c: In function 'GPIO_init':
../Src/main.c:85:29: error: 'GPIO_SPEED_10M' undeclared (first use in this function); did you mean 'GPIO_PIN_10'?
  PinCfg.GPIO_Output_Speed = GPIO_SPEED_10M;
                             ^~~~~~~~~~~~~~
                             GPIO_PIN_10
../Src/main.c:85:29: note: each undeclared identifier is reported only once for each function it appears in
../Src/main.c: In function 'main':
../Src/main.c:108:2: warning: implicit declaration of function 'wait_ms'; did you mean 'wait'? [-Wimplicit-function-declaration]
  wait_ms(1000);
  ^~~~~~~
  wait
make: *** [Src/subdir.mk:24: Src/main.o] Error 1
"make -j4 all" terminated with exit code 2. Build might be incomplete.
13:39:35 **** Incremental Build of configuration Debug for project Drivers ****
make -j4 all 
arm-none-eabi-gcc -gdwarf-2 "../Src/main.c" -mcpu=cortex-m3 -std=gnu11 -g3 -DSTM32 -DSTM32F1 -DSTM32F103C6Tx -DDEBUG -c -I"E:/EmbeddedSystemKS/Unit_7_MCU_Essential_Peripherals/Drivers/Drivers/STM32F103C6_Drivers/Inc" -I../Inc -O0 -ffunction-sections -fdata-sections -Wall -fstack-usage -MMD -MP -MF"Src/main.d" -MT"Src/main.o" --specs=nano.specs -mfloat-abi=soft -mthumb -o "Src/main.o"
../Src/main.c: In function 'main':
../Src/main.c:108:2: warning: implicit declaration of function 'wait_ms'; did you mean 'wait'? [-Wimplicit-function-declaration]
  wait_ms(1000);
  ^~~~~~~
  wait
arm-none-eabi-gcc -gdwarf-2 -o "Drivers.elf" @"objects.list"   -mcpu=cortex-m3 -T"E:\EmbeddedSystemKS\Unit_7_MCU_Essential_Peripherals\Drivers\Drivers\STM32F103C6TX_FLASH.ld" --specs=nosys.specs -Wl,-Map="Drivers.map" -Wl,--gc-sections -static --specs=nano.specs -mfloat-abi=soft -mthumb -Wl,--start-group -lc -lm -Wl,--end-group
Finished building target: Drivers.elf
 
arm-none-eabi-objdump -h -S  Drivers.elf  > "Drivers.list"
arm-none-eabi-objcopy  -O binary  Drivers.elf  "Drivers.bin"
arm-none-eabi-size   Drivers.elf 
   text	   data	    bss	    dec	    hex	filename
   3428	     40	   1568	   5036	   13ac	Drivers.elf
Finished building: default.size.stdout
Finished building: Drivers.list
Finished building: Drivers.bin
 
 
 
13:41:58 **** Incremental Build of configuration Debug for project Drivers ****
make -j4 all 
arm-none-eabi-gcc -gdwarf-2 "../Src/main.c" -mcpu=cortex-m3 -std=gnu11 -g3 -DSTM32 -DSTM32F1 -DSTM32F103C6Tx -DDEBUG -c -I"E:/EmbeddedSystemKS/Unit_7_MCU_Essential_Peripherals/Drivers/Drivers/STM32F103C6_Drivers/Inc" -I../Inc -O0 -ffunction-sections -fdata-sections -Wall -fstack-usage -MMD -MP -MF"Src/main.d" -MT"Src/main.o" --specs=nano.specs -mfloat-abi=soft -mthumb -o "Src/main.o"
arm-none-eabi-gcc -gdwarf-2 -o "Drivers.elf" @"objects.list"   -mcpu=cortex-m3 -T"E:\EmbeddedSystemKS\Unit_7_MCU_Essential_Peripherals\Drivers\Drivers\STM32F103C6TX_FLASH.ld" --specs=nosys.specs -Wl,-Map="Drivers.map" -Wl,--gc-sections -static --specs=nano.specs -mfloat-abi=soft -mthumb -Wl,--start-group -lc -lm -Wl,--end-group
Src/main.o: In function `wait_ms':
E:/EmbeddedSystemKS/Unit_7_MCU_Essential_Peripherals/Drivers/Drivers/Debug/../Src/main.c:100: multiple definition of `wait_ms'
STM32F103C6_Drivers/LCD/LCD.o:E:/EmbeddedSystemKS/Unit_7_MCU_Essential_Peripherals/Drivers/Drivers/Debug/../STM32F103C6_Drivers/LCD/LCD.c:13: first defined here
collect2.exe: error: ld returned 1 exit status
make: *** [makefile:52: Drivers.elf] Error 1
"make -j4 all" terminated with exit code 2. Build might be incomplete.
13:42:20 **** Incremental Build of configuration Debug for project Drivers ****
make -j4 all 
arm-none-eabi-gcc -gdwarf-2 "../Src/main.c" -mcpu=cortex-m3 -std=gnu11 -g3 -DSTM32 -DSTM32F1 -DSTM32F103C6Tx -DDEBUG -c -I"E:/EmbeddedSystemKS/Unit_7_MCU_Essential_Peripherals/Drivers/Drivers/STM32F103C6_Drivers/Inc" -I../Inc -O0 -ffunction-sections -fdata-sections -Wall -fstack-usage -MMD -MP -MF"Src/main.d" -MT"Src/main.o" --specs=nano.specs -mfloat-abi=soft -mthumb -o "Src/main.o"
../Src/main.c: In function 'main':
../Src/main.c:105:2: warning: implicit declaration of function 'wait_ms'; did you mean 'wcstombs'? [-Wimplicit-function-declaration]
  wait_ms(30);
  ^~~~~~~
  wcstombs
arm-none-eabi-gcc -gdwarf-2 -o "Drivers.elf" @"objects.list"   -mcpu=cortex-m3 -T"E:\EmbeddedSystemKS\Unit_7_MCU_Essential_Peripherals\Drivers\Drivers\STM32F103C6TX_FLASH.ld" --specs=nosys.specs -Wl,-Map="Drivers.map" -Wl,--gc-sections -static --specs=nano.specs -mfloat-abi=soft -mthumb -Wl,--start-group -lc -lm -Wl,--end-group
Finished building target: Drivers.elf
 
arm-none-eabi-objdump -h -S  Drivers.elf  > "Drivers.list"
arm-none-eabi-objcopy  -O binary  Drivers.elf  "Drivers.bin"
arm-none-eabi-size   Drivers.elf 
   text	   data	    bss	    dec	    hex	filename
   3428	     40	   1568	   5036	   13ac	Drivers.elf
Finished building: default.size.stdout
 
Finished building: Drivers.list
Finished building: Drivers.bin
 
 
13:55:54 **** Incremental Build of configuration Debug for project Drivers ****
make -j4 all 
arm-none-eabi-gcc -gdwarf-2 "../Src/main.c" -mcpu=cortex-m3 -std=gnu11 -g3 -DSTM32 -DSTM32F1 -DSTM32F103C6Tx -DDEBUG -c -I"E:/EmbeddedSystemKS/Unit_7_MCU_Essential_Peripherals/Drivers/Drivers/STM32F103C6_Drivers/Inc" -I../Inc -O0 -ffunction-sections -fdata-sections -Wall -fstack-usage -MMD -MP -MF"Src/main.d" -MT"Src/main.o" --specs=nano.specs -mfloat-abi=soft -mthumb -o "Src/main.o"
arm-none-eabi-gcc -gdwarf-2 "../STM32F103C6_Drivers/LCD/LCD.c" -mcpu=cortex-m3 -std=gnu11 -g3 -DSTM32 -DSTM32F1 -DSTM32F103C6Tx -DDEBUG -c -I"E:/EmbeddedSystemKS/Unit_7_MCU_Essential_Peripherals/Drivers/Drivers/STM32F103C6_Drivers/Inc" -I../Inc -O0 -ffunction-sections -fdata-sections -Wall -fstack-usage -MMD -MP -MF"STM32F103C6_Drivers/LCD/LCD.d" -MT"STM32F103C6_Drivers/LCD/LCD.o" --specs=nano.specs -mfloat-abi=soft -mthumb -o "STM32F103C6_Drivers/LCD/LCD.o"
arm-none-eabi-gcc -gdwarf-2 "../STM32F103C6_Drivers/Keypad/Keypad.c" -mcpu=cortex-m3 -std=gnu11 -g3 -DSTM32 -DSTM32F1 -DSTM32F103C6Tx -DDEBUG -c -I"E:/EmbeddedSystemKS/Unit_7_MCU_Essential_Peripherals/Drivers/Drivers/STM32F103C6_Drivers/Inc" -I../Inc -O0 -ffunction-sections -fdata-sections -Wall -fstack-usage -MMD -MP -MF"STM32F103C6_Drivers/Keypad/Keypad.d" -MT"STM32F103C6_Drivers/Keypad/Keypad.o" --specs=nano.specs -mfloat-abi=soft -mthumb -o "STM32F103C6_Drivers/Keypad/Keypad.o"
../Src/main.c: In function 'main':
../Src/main.c:105:2: warning: implicit declaration of function 'wait_ms'; did you mean 'wcstombs'? [-Wimplicit-function-declaration]
  wait_ms(30);
  ^~~~~~~
  wcstombs
arm-none-eabi-gcc -gdwarf-2 -o "Drivers.elf" @"objects.list"   -mcpu=cortex-m3 -T"E:\EmbeddedSystemKS\Unit_7_MCU_Essential_Peripherals\Drivers\Drivers\STM32F103C6TX_FLASH.ld" --specs=nosys.specs -Wl,-Map="Drivers.map" -Wl,--gc-sections -static --specs=nano.specs -mfloat-abi=soft -mthumb -Wl,--start-group -lc -lm -Wl,--end-group
Finished building target: Drivers.elf
 
arm-none-eabi-objdump -h -S  Drivers.elf  > "Drivers.list"
arm-none-eabi-objcopy  -O binary  Drivers.elf  "Drivers.bin"
arm-none-eabi-size   Drivers.elf 
   text	   data	    bss	    dec	    hex	filename
   3404	     40	   1568	   5012	   1394	Drivers.elf
Finished building: default.size.stdout
 
Finished building: Drivers.bin
Finished building: Drivers.list
 
 
14:09:18 **** Incremental Build of configuration Debug for project Drivers ****
make -j4 all 
arm-none-eabi-gcc -gdwarf-2 "../STM32F103C6_Drivers/LCD/LCD.c" -mcpu=cortex-m3 -std=gnu11 -g3 -DSTM32 -DSTM32F1 -DSTM32F103C6Tx -DDEBUG -c -I"E:/EmbeddedSystemKS/Unit_7_MCU_Essential_Peripherals/Drivers/Drivers/STM32F103C6_Drivers/Inc" -I../Inc -O0 -ffunction-sections -fdata-sections -Wall -fstack-usage -MMD -MP -MF"STM32F103C6_Drivers/LCD/LCD.d" -MT"STM32F103C6_Drivers/LCD/LCD.o" --specs=nano.specs -mfloat-abi=soft -mthumb -o "STM32F103C6_Drivers/LCD/LCD.o"
arm-none-eabi-gcc -gdwarf-2 -o "Drivers.elf" @"objects.list"   -mcpu=cortex-m3 -T"E:\EmbeddedSystemKS\Unit_7_MCU_Essential_Peripherals\Drivers\Drivers\STM32F103C6TX_FLASH.ld" --specs=nosys.specs -Wl,-Map="Drivers.map" -Wl,--gc-sections -static --specs=nano.specs -mfloat-abi=soft -mthumb -Wl,--start-group -lc -lm -Wl,--end-group
Finished building target: Drivers.elf
 
arm-none-eabi-objdump -h -S  Drivers.elf  > "Drivers.list"
arm-none-eabi-objcopy  -O binary  Drivers.elf  "Drivers.bin"
arm-none-eabi-size   Drivers.elf 
   text	   data	    bss	    dec	    hex	filename
   3404	     40	   1568	   5012	   1394	Drivers.elf
Finished building: default.size.stdout
 
Finished building: Drivers.bin
Finished building: Drivers.list
 
 
14:18:23 **** Incremental Build of configuration Debug for project Drivers ****
make -j4 all 
arm-none-eabi-gcc -gdwarf-2 "../STM32F103C6_Drivers/LCD/LCD.c" -mcpu=cortex-m3 -std=gnu11 -g3 -DSTM32 -DSTM32F1 -DSTM32F103C6Tx -DDEBUG -c -I"E:/EmbeddedSystemKS/Unit_7_MCU_Essential_Peripherals/Drivers/Drivers/STM32F103C6_Drivers/Inc" -I../Inc -O0 -ffunction-sections -fdata-sections -Wall -fstack-usage -MMD -MP -MF"STM32F103C6_Drivers/LCD/LCD.d" -MT"STM32F103C6_Drivers/LCD/LCD.o" --specs=nano.specs -mfloat-abi=soft -mthumb -o "STM32F103C6_Drivers/LCD/LCD.o"
arm-none-eabi-gcc -gdwarf-2 -o "Drivers.elf" @"objects.list"   -mcpu=cortex-m3 -T"E:\EmbeddedSystemKS\Unit_7_MCU_Essential_Peripherals\Drivers\Drivers\STM32F103C6TX_FLASH.ld" --specs=nosys.specs -Wl,-Map="Drivers.map" -Wl,--gc-sections -static --specs=nano.specs -mfloat-abi=soft -mthumb -Wl,--start-group -lc -lm -Wl,--end-group
Finished building target: Drivers.elf
 
arm-none-eabi-objdump -h -S  Drivers.elf  > "Drivers.list"
arm-none-eabi-objcopy  -O binary  Drivers.elf  "Drivers.bin"
arm-none-eabi-size   Drivers.elf 
   text	   data	    bss	    dec	    hex	filename
   3632	     40	   1568	   5240	   1478	Drivers.elf
Finished building: default.size.stdout
Finished building: Drivers.bin
Finished building: Drivers.list
 
 
 
14:19:25 **** Incremental Build of configuration Debug for project Drivers ****
make -j4 all 
arm-none-eabi-gcc -gdwarf-2 "../STM32F103C6_Drivers/LCD/LCD.c" -mcpu=cortex-m3 -std=gnu11 -g3 -DSTM32 -DSTM32F1 -DSTM32F103C6Tx -DDEBUG -c -I"E:/EmbeddedSystemKS/Unit_7_MCU_Essential_Peripherals/Drivers/Drivers/STM32F103C6_Drivers/Inc" -I../Inc -O0 -ffunction-sections -fdata-sections -Wall -fstack-usage -MMD -MP -MF"STM32F103C6_Drivers/LCD/LCD.d" -MT"STM32F103C6_Drivers/LCD/LCD.o" --specs=nano.specs -mfloat-abi=soft -mthumb -o "STM32F103C6_Drivers/LCD/LCD.o"
arm-none-eabi-gcc -gdwarf-2 -o "Drivers.elf" @"objects.list"   -mcpu=cortex-m3 -T"E:\EmbeddedSystemKS\Unit_7_MCU_Essential_Peripherals\Drivers\Drivers\STM32F103C6TX_FLASH.ld" --specs=nosys.specs -Wl,-Map="Drivers.map" -Wl,--gc-sections -static --specs=nano.specs -mfloat-abi=soft -mthumb -Wl,--start-group -lc -lm -Wl,--end-group
Finished building target: Drivers.elf
 
arm-none-eabi-objdump -h -S  Drivers.elf  > "Drivers.list"
arm-none-eabi-objcopy  -O binary  Drivers.elf  "Drivers.bin"
arm-none-eabi-size   Drivers.elf 
   text	   data	    bss	    dec	    hex	filename
   3600	     40	   1568	   5208	   1458	Drivers.elf
Finished building: default.size.stdout
 
Finished building: Drivers.list
Finished building: Drivers.bin
 
 
14:21:44 **** Incremental Build of configuration Debug for project Drivers ****
make -j4 all 
arm-none-eabi-gcc -gdwarf-2 "../STM32F103C6_Drivers/LCD/LCD.c" -mcpu=cortex-m3 -std=gnu11 -g3 -DSTM32 -DSTM32F1 -DSTM32F103C6Tx -DDEBUG -c -I"E:/EmbeddedSystemKS/Unit_7_MCU_Essential_Peripherals/Drivers/Drivers/STM32F103C6_Drivers/Inc" -I../Inc -O0 -ffunction-sections -fdata-sections -Wall -fstack-usage -MMD -MP -MF"STM32F103C6_Drivers/LCD/LCD.d" -MT"STM32F103C6_Drivers/LCD/LCD.o" --specs=nano.specs -mfloat-abi=soft -mthumb -o "STM32F103C6_Drivers/LCD/LCD.o"
arm-none-eabi-gcc -gdwarf-2 -o "Drivers.elf" @"objects.list"   -mcpu=cortex-m3 -T"E:\EmbeddedSystemKS\Unit_7_MCU_Essential_Peripherals\Drivers\Drivers\STM32F103C6TX_FLASH.ld" --specs=nosys.specs -Wl,-Map="Drivers.map" -Wl,--gc-sections -static --specs=nano.specs -mfloat-abi=soft -mthumb -Wl,--start-group -lc -lm -Wl,--end-group
Finished building target: Drivers.elf
 
arm-none-eabi-objdump -h -S  Drivers.elf  > "Drivers.list"
arm-none-eabi-objcopy  -O binary  Drivers.elf  "Drivers.bin"
arm-none-eabi-size   Drivers.elf 
   text	   data	    bss	    dec	    hex	filename
   3600	     40	   1568	   5208	   1458	Drivers.elf
Finished building: default.size.stdout
Finished building: Drivers.bin
 
Finished building: Drivers.list
 
 
14:28:33 **** Incremental Build of configuration Debug for project Drivers ****
make -j4 all 
arm-none-eabi-gcc -gdwarf-2 "../Src/main.c" -mcpu=cortex-m3 -std=gnu11 -g3 -DSTM32 -DSTM32F1 -DSTM32F103C6Tx -DDEBUG -c -I"E:/EmbeddedSystemKS/Unit_7_MCU_Essential_Peripherals/Drivers/Drivers/STM32F103C6_Drivers/Inc" -I../Inc -O0 -ffunction-sections -fdata-sections -Wall -fstack-usage -MMD -MP -MF"Src/main.d" -MT"Src/main.o" --specs=nano.specs -mfloat-abi=soft -mthumb -o "Src/main.o"
../Src/main.c: In function 'main':
../Src/main.c:105:2: warning: implicit declaration of function 'wait_ms'; did you mean 'wcstombs'? [-Wimplicit-function-declaration]
  wait_ms(300);
  ^~~~~~~
  wcstombs
arm-none-eabi-gcc -gdwarf-2 -o "Drivers.elf" @"objects.list"   -mcpu=cortex-m3 -T"E:\EmbeddedSystemKS\Unit_7_MCU_Essential_Peripherals\Drivers\Drivers\STM32F103C6TX_FLASH.ld" --specs=nosys.specs -Wl,-Map="Drivers.map" -Wl,--gc-sections -static --specs=nano.specs -mfloat-abi=soft -mthumb -Wl,--start-group -lc -lm -Wl,--end-group
Finished building target: Drivers.elf
 
arm-none-eabi-objdump -h -S  Drivers.elf  > "Drivers.list"
arm-none-eabi-objcopy  -O binary  Drivers.elf  "Drivers.bin"
arm-none-eabi-size   Drivers.elf 
   text	   data	    bss	    dec	    hex	filename
   3604	     40	   1568	   5212	   145c	Drivers.elf
Finished building: default.size.stdout
Finished building: Drivers.bin
 
Finished building: Drivers.list
 
 
14:29:44 **** Incremental Build of configuration Debug for project Drivers ****
make -j4 all 
arm-none-eabi-gcc -gdwarf-2 "../Src/main.c" -mcpu=cortex-m3 -std=gnu11 -g3 -DSTM32 -DSTM32F1 -DSTM32F103C6Tx -DDEBUG -c -I"E:/EmbeddedSystemKS/Unit_7_MCU_Essential_Peripherals/Drivers/Drivers/STM32F103C6_Drivers/Inc" -I../Inc -O0 -ffunction-sections -fdata-sections -Wall -fstack-usage -MMD -MP -MF"Src/main.d" -MT"Src/main.o" --specs=nano.specs -mfloat-abi=soft -mthumb -o "Src/main.o"
../Src/main.c: In function 'main':
../Src/main.c:105:2: warning: implicit declaration of function 'wait_ms'; did you mean 'wcstombs'? [-Wimplicit-function-declaration]
  wait_ms(300);
  ^~~~~~~
  wcstombs
arm-none-eabi-gcc -gdwarf-2 -o "Drivers.elf" @"objects.list"   -mcpu=cortex-m3 -T"E:\EmbeddedSystemKS\Unit_7_MCU_Essential_Peripherals\Drivers\Drivers\STM32F103C6TX_FLASH.ld" --specs=nosys.specs -Wl,-Map="Drivers.map" -Wl,--gc-sections -static --specs=nano.specs -mfloat-abi=soft -mthumb -Wl,--start-group -lc -lm -Wl,--end-group
Finished building target: Drivers.elf
 
arm-none-eabi-objdump -h -S  Drivers.elf  > "Drivers.list"
arm-none-eabi-objcopy  -O binary  Drivers.elf  "Drivers.bin"
arm-none-eabi-size   Drivers.elf 
   text	   data	    bss	    dec	    hex	filename
   3604	     40	   1568	   5212	   145c	Drivers.elf
Finished building: default.size.stdout
 
Finished building: Drivers.bin
Finished building: Drivers.list
 
 
